2025-06-06 10:15:35,191 - INFO - 多格式文本处理程序启动
2025-06-06 10:15:35,192 - INFO - 将处理当前目录: /Users/xiongaox/Downloads/0命理学/【李双林】易学音频/0606srt
2025-06-06 10:15:35,192 - INFO - 支持的文件格式:
2025-06-06 10:15:35,192 - INFO -   .lrc - LRC歌词文件
2025-06-06 10:15:35,192 - INFO -   .txt - 纯文本文件
2025-06-06 10:15:35,192 - INFO -   .srt - SRT字幕文件
2025-06-06 10:15:35,192 - INFO -   .ass - ASS字幕文件
2025-06-06 10:15:35,192 - INFO -   .ssa - SSA字幕文件
2025-06-06 10:15:35,192 - INFO -   .vtt - WebVTT字幕文件
2025-06-06 10:15:35,192 - INFO - 加载了 101 个替换规则
2025-06-06 10:15:35,192 - INFO - 开始处理目录: /Users/xiongaox/Downloads/0命理学/【李双林】易学音频/0606srt
2025-06-06 10:15:35,192 - INFO - 支持的文件格式: .lrc, .txt, .srt, .ass, .ssa, .vtt
2025-06-06 10:15:35,200 - INFO - 已处理: /Users/xiongaox/Downloads/0命理学/【李双林】易学音频/0606srt/风水直断/5.会导致脱发_秃头的风水.srt
2025-06-06 10:15:35,203 - INFO - 已处理: /Users/xiongaox/Downloads/0命理学/【李双林】易学音频/0606srt/风水直断/2.出哑巴的风水是什么样的.srt
2025-06-06 10:15:35,205 - INFO - 已处理: /Users/xiongaox/Downloads/0命理学/【李双林】易学音频/0606srt/风水直断/22.会出修行人的风水有哪些.srt
2025-06-06 10:15:35,212 - INFO - 已处理: /Users/xiongaox/Downloads/0命理学/【李双林】易学音频/0606srt/风水直断/20.会使家人长寿的风水有哪些.srt
2025-06-06 10:15:35,218 - INFO - 已处理: /Users/xiongaox/Downloads/0命理学/【李双林】易学音频/0606srt/风水直断/19.如何看排行以会导致贫富差距较大的看法.srt
2025-06-06 10:15:35,221 - INFO - 已处理: /Users/xiongaox/Downloads/0命理学/【李双林】易学音频/0606srt/风水直断/17.会导致家人多病的风水.srt
2025-06-06 10:15:35,226 - INFO - 已处理: /Users/xiongaox/Downloads/0命理学/【李双林】易学音频/0606srt/风水直断/4.如何看家中会出腿脚残疾之人.srt
2025-06-06 10:15:35,230 - INFO - 已处理: /Users/xiongaox/Downloads/0命理学/【李双林】易学音频/0606srt/风水直断/6.会导致出精神疾病或痴傻的风水.srt
2025-06-06 10:15:35,232 - INFO - 已处理: /Users/xiongaox/Downloads/0命理学/【李双林】易学音频/0606srt/风水直断/24.专发女人的风水有哪些.srt
2025-06-06 10:15:35,238 - INFO - 已处理: /Users/xiongaox/Downloads/0命理学/【李双林】易学音频/0606srt/风水直断/18.会导致家人寿命不齐的风水.srt
2025-06-06 10:15:35,252 - INFO - 已处理: /Users/xiongaox/Downloads/0命理学/【李双林】易学音频/0606srt/阳明心学/2.心外无物.srt
2025-06-06 10:15:35,257 - INFO - 已处理: /Users/xiongaox/Downloads/0命理学/【李双林】易学音频/0606srt/阳明心学/4.何为知行合一.srt
2025-06-06 10:15:35,263 - INFO - 已处理: /Users/xiongaox/Downloads/0命理学/【李双林】易学音频/0606srt/阳明心学/5.何为尽心知性.srt
2025-06-06 10:15:35,269 - INFO - 已处理: /Users/xiongaox/Downloads/0命理学/【李双林】易学音频/0606srt/天星风水/9.地母翻卦掌的推算方法.srt
2025-06-06 10:15:35,272 - INFO - 已处理: /Users/xiongaox/Downloads/0命理学/【李双林】易学音频/0606srt/天星风水/11.辅星水法以及三合水法的用法.srt
2025-06-06 10:15:35,281 - INFO - 已处理: /Users/xiongaox/Downloads/0命理学/【李双林】易学音频/0606srt/天星风水/1.何为阴阳.srt
2025-06-06 10:15:35,284 - INFO - 已处理: /Users/xiongaox/Downloads/0命理学/【李双林】易学音频/0606srt/天星风水/12.天星阳宅法_真八宅的用法.srt
2025-06-06 10:15:35,288 - INFO - 已处理: /Users/xiongaox/Downloads/0命理学/【李双林】易学音频/0606srt/天星风水/2.学习五行以及生克之理.srt
2025-06-06 10:15:35,290 - INFO - 已处理: /Users/xiongaox/Downloads/0命理学/【李双林】易学音频/0606srt/天星风水/7.风水分房法_以及兼向的问题.srt
2025-06-06 10:15:35,293 - INFO - 已处理: /Users/xiongaox/Downloads/0命理学/【李双林】易学音频/0606srt/天星风水/5.简述什么是河图洛书以及先后天八卦.srt
2025-06-06 10:15:35,309 - INFO - 已处理: /Users/xiongaox/Downloads/0命理学/【李双林】易学音频/0606srt/阳宅风水/11.楼梯的风水禁忌.srt
2025-06-06 10:15:35,315 - INFO - 已处理: /Users/xiongaox/Downloads/0命理学/【李双林】易学音频/0606srt/阳宅风水/6.宅的形状该如何选择_以及墙砖颜色选择.srt
2025-06-06 10:15:35,318 - INFO - 已处理: /Users/xiongaox/Downloads/0命理学/【李双林】易学音频/0606srt/阳宅风水/14.假山的风水看法.srt
2025-06-06 10:15:35,323 - INFO - 已处理: /Users/xiongaox/Downloads/0命理学/【李双林】易学音频/0606srt/阳宅风水/8.宅的外形影响吉凶.srt
2025-06-06 10:15:35,336 - INFO - 已处理: /Users/xiongaox/Downloads/0命理学/【李双林】易学音频/0606srt/奇门遁甲/2.十二地支的象义讲解.srt
2025-06-06 10:15:35,339 - INFO - 已处理: /Users/xiongaox/Downloads/0命理学/【李双林】易学音频/0606srt/奇门遁甲/12.凶格有哪些.srt
2025-06-06 10:15:35,343 - INFO - 已处理: /Users/xiongaox/Downloads/0命理学/【李双林】易学音频/0606srt/奇门遁甲/9.测经营求财的经验.srt
2025-06-06 10:15:35,350 - INFO - 已处理: /Users/xiongaox/Downloads/0命理学/【李双林】易学音频/0606srt/奇门遁甲/1.三奇六仪的象义有哪些.srt
2025-06-06 10:15:35,352 - INFO - 已处理: /Users/xiongaox/Downloads/0命理学/【李双林】易学音频/0606srt/奇门遁甲/16.测恋爱婚姻的一般方法.srt
2025-06-06 10:15:35,359 - INFO - 已处理: /Users/xiongaox/Downloads/0命理学/【李双林】易学音频/0606srt/奇门遁甲/13.学习的经验之谈.srt
2025-06-06 10:15:35,360 - INFO - 已处理: /Users/xiongaox/Downloads/0命理学/【李双林】易学音频/0606srt/奇门遁甲/3.九星的象义讲解.srt
2025-06-06 10:15:35,362 - INFO - 已处理: /Users/xiongaox/Downloads/0命理学/【李双林】易学音频/0606srt/奇门遁甲/11.吉格有哪些.srt
2025-06-06 10:15:35,364 - INFO - 已处理: /Users/xiongaox/Downloads/0命理学/【李双林】易学音频/0606srt/金锁玉关/2.坤卦：住宅西南方之风水看法.srt
2025-06-06 10:15:35,367 - INFO - 已处理: /Users/xiongaox/Downloads/0命理学/【李双林】易学音频/0606srt/金锁玉关/1.风水到底该怎么学.srt
2025-06-06 10:15:35,374 - INFO - 已处理: /Users/xiongaox/Downloads/0命理学/【李双林】易学音频/0606srt/金锁玉关/7.艮卦：东北方关系子孙多寡_没有男丁赶快检查一下这个方位.srt
2025-06-06 10:15:35,379 - INFO - 已处理: /Users/xiongaox/Downloads/0命理学/【李双林】易学音频/0606srt/八字命理/067.坤造：己巳_乙亥_壬辰_壬寅.srt
2025-06-06 10:15:35,381 - INFO - 已处理: /Users/xiongaox/Downloads/0命理学/【李双林】易学音频/0606srt/八字命理/069.坤造：己巳_己巳_乙酉_己卯.srt
2025-06-06 10:15:35,385 - INFO - 已处理: /Users/xiongaox/Downloads/0命理学/【李双林】易学音频/0606srt/八字命理/084.乾造：戊寅_乙卯_丁巳_辛亥.srt
2025-06-06 10:15:35,389 - INFO - 已处理: /Users/xiongaox/Downloads/0命理学/【李双林】易学音频/0606srt/八字命理/038.乾造：乙亥_壬午_戊辰_壬戌.srt
2025-06-06 10:15:35,393 - INFO - 已处理: /Users/xiongaox/Downloads/0命理学/【李双林】易学音频/0606srt/八字命理/047.坤造：乙亥_丁亥_乙巳_丙戌.srt
2025-06-06 10:15:35,396 - INFO - 已处理: /Users/xiongaox/Downloads/0命理学/【李双林】易学音频/0606srt/八字命理/008.乾造：丁卯_丙午_甲辰_己巳.srt
2025-06-06 10:15:35,400 - INFO - 已处理: /Users/xiongaox/Downloads/0命理学/【李双林】易学音频/0606srt/八字命理/059.坤造：壬申_癸卯_庚戌_丙子.srt
2025-06-06 10:15:35,405 - INFO - 已处理: /Users/xiongaox/Downloads/0命理学/【李双林】易学音频/0606srt/八字命理/094.乾造：戊辰_乙丑_甲申_丁卯.srt
2025-06-06 10:15:35,409 - INFO - 已处理: /Users/xiongaox/Downloads/0命理学/【李双林】易学音频/0606srt/八字命理/140.坤造：甲寅_甲戌_戊戌_丙辰.srt
2025-06-06 10:15:35,412 - INFO - 已处理: /Users/xiongaox/Downloads/0命理学/【李双林】易学音频/0606srt/八字命理/023.坤造：丁卯_癸卯_丁卯_己酉.srt
2025-06-06 10:15:35,417 - INFO - 已处理: /Users/xiongaox/Downloads/0命理学/【李双林】易学音频/0606srt/八字命理/041.坤造：乙丑_癸未_辛酉_甲午.srt
2025-06-06 10:15:35,421 - INFO - 已处理: /Users/xiongaox/Downloads/0命理学/【李双林】易学音频/0606srt/八字命理/096.乾造：戊辰_戊午_乙卯_甲申.srt
2025-06-06 10:15:35,426 - INFO - 已处理: /Users/xiongaox/Downloads/0命理学/【李双林】易学音频/0606srt/八字命理/156.坤造：辛未_庚寅_丁巳_甲辰.srt
2025-06-06 10:15:35,430 - INFO - 已处理: /Users/xiongaox/Downloads/0命理学/【李双林】易学音频/0606srt/八字命理/151.坤造：癸酉_辛酉_辛酉_壬辰.srt
2025-06-06 10:15:35,433 - INFO - 已处理: /Users/xiongaox/Downloads/0命理学/【李双林】易学音频/0606srt/八字命理/138.坤造：甲子_乙亥_丁未_丁未.srt
2025-06-06 10:15:35,437 - INFO - 已处理: /Users/xiongaox/Downloads/0命理学/【李双林】易学音频/0606srt/八字命理/004.乾造：丁丑_庚戌_己丑_癸酉.srt
2025-06-06 10:15:35,440 - INFO - 已处理: /Users/xiongaox/Downloads/0命理学/【李双林】易学音频/0606srt/八字命理/001.坤造：辛酉_甲午_丁巳_乙巳.srt
2025-06-06 10:15:35,442 - INFO - 已处理: /Users/xiongaox/Downloads/0命理学/【李双林】易学音频/0606srt/八字命理/152.坤造：辛巳_己亥_丙子_己亥.srt
2025-06-06 10:15:35,444 - INFO - 已处理: /Users/xiongaox/Downloads/0命理学/【李双林】易学音频/0606srt/八字命理/110.乾造：甲戌_丁丑_己酉_壬申.srt
2025-06-06 10:15:35,448 - INFO - 已处理: /Users/xiongaox/Downloads/0命理学/【李双林】易学音频/0606srt/八字命理/104.乾造：王申_乙巳_辛丑_丁酉.srt
2025-06-06 10:15:35,454 - INFO - 已处理: /Users/xiongaox/Downloads/0命理学/【李双林】易学音频/0606srt/八字命理/025.坤造：丁巳_庚戌_辛酉_甲午.srt
2025-06-06 10:15:35,458 - INFO - 已处理: /Users/xiongaox/Downloads/0命理学/【李双林】易学音频/0606srt/八字命理/148.坤造：癸酉_壬戌_庚午_丙子.srt
2025-06-06 10:15:35,464 - INFO - 已处理: /Users/xiongaox/Downloads/0命理学/【李双林】易学音频/0606srt/八字命理/011.坤造：丁卯_壬寅_丁亥_癸卯.srt
2025-06-06 10:15:35,465 - INFO - 已处理: /Users/xiongaox/Downloads/0命理学/【李双林】易学音频/0606srt/八字命理/105.坤造：庚午_辛巳_庚寅_己卯.srt
2025-06-06 10:15:35,467 - INFO - 已处理: /Users/xiongaox/Downloads/0命理学/【李双林】易学音频/0606srt/八字命理/022.乾造：丙寅_辛丑_己未_丁卯.srt
2025-06-06 10:15:35,472 - INFO - 已处理: /Users/xiongaox/Downloads/0命理学/【李双林】易学音频/0606srt/八字命理/035.坤造：乙丑_丙戌_癸巳_壬戌.srt
2025-06-06 10:15:35,475 - INFO - 已处理: /Users/xiongaox/Downloads/0命理学/【李双林】易学音频/0606srt/八字命理/029.坤造：丙寅_庚子_丁未_甲辰.srt
2025-06-06 10:15:35,479 - INFO - 已处理: /Users/xiongaox/Downloads/0命理学/【李双林】易学音频/0606srt/八字命理/076.乾造：庚午_壬午_辛亥_丁酉.srt
2025-06-06 10:15:35,482 - INFO - 已处理: /Users/xiongaox/Downloads/0命理学/【李双林】易学音频/0606srt/八字命理/132.坤造：戊辰_戊午_癸巳_壬子.srt
2025-06-06 10:15:35,485 - INFO - 已处理: /Users/xiongaox/Downloads/0命理学/【李双林】易学音频/0606srt/八字命理/063.坤造：己巳_丁卯_庚寅_壬午.srt
2025-06-06 10:15:35,490 - INFO - 已处理: /Users/xiongaox/Downloads/0命理学/【李双林】易学音频/0606srt/八字命理/112.乾造：甲戌_丁丑_戊戌_丁巳.srt
2025-06-06 10:15:35,495 - INFO - 已处理: /Users/xiongaox/Downloads/0命理学/【李双林】易学音频/0606srt/八字命理/130.乾造：辛未_辛卯_乙巳_戊寅.srt
2025-06-06 10:15:35,500 - INFO - 已处理: /Users/xiongaox/Downloads/0命理学/【李双林】易学音频/0606srt/八字命理/153.坤造：辛未_己亥_丙申_壬辰.srt
2025-06-06 10:15:35,505 - INFO - 已处理: /Users/xiongaox/Downloads/0命理学/【李双林】易学音频/0606srt/八字命理/075.坤造：己巳_癸酉_壬辰_丙午.srt
2025-06-06 10:15:35,509 - INFO - 已处理: /Users/xiongaox/Downloads/0命理学/【李双林】易学音频/0606srt/八字命理/120.乾造：癸亥_壬戌_壬午_戊申.srt
2025-06-06 10:15:35,512 - INFO - 已处理: /Users/xiongaox/Downloads/0命理学/【李双林】易学音频/0606srt/八字命理/064.乾造：己巳_丙子_丁卯_丙午.srt
2025-06-06 10:15:35,516 - INFO - 已处理: /Users/xiongaox/Downloads/0命理学/【李双林】易学音频/0606srt/八字命理/024.乾造：丙寅_辛丑_戊寅_甲寅.srt
2025-06-06 10:15:35,523 - INFO - 已处理: /Users/xiongaox/Downloads/0命理学/【李双林】易学音频/0606srt/八字命理/026.乾造：乙丑_乙酉_丁丑_己酉.srt
2025-06-06 10:15:35,527 - INFO - 已处理: /Users/xiongaox/Downloads/0命理学/【李双林】易学音频/0606srt/八字命理/074.乾造：庚午_丙戌_甲子_癸酉.srt
2025-06-06 10:15:35,531 - INFO - 已处理: /Users/xiongaox/Downloads/0命理学/【李双林】易学音频/0606srt/八字命理/159.坤造：辛酉_己亥_丁未_丁未.srt
2025-06-06 10:15:35,536 - INFO - 已处理: /Users/xiongaox/Downloads/0命理学/【李双林】易学音频/0606srt/八字命理/032.乾造：乙丑_庚辰_庚子_甲申.srt
2025-06-06 10:15:35,540 - INFO - 已处理: /Users/xiongaox/Downloads/0命理学/【李双林】易学音频/0606srt/八字命理/119.坤造：戊申_壬戌_戊午_癸亥.srt
2025-06-06 10:15:35,545 - INFO - 已处理: /Users/xiongaox/Downloads/0命理学/【李双林】易学音频/0606srt/八字命理/147.坤造：癸酉_乙卯_丁未_癸卯.srt
2025-06-06 10:15:35,548 - INFO - 已处理: /Users/xiongaox/Downloads/0命理学/【李双林】易学音频/0606srt/八字命理/117.坤造：戊午_壬戌_丙辰_己亥.srt
2025-06-06 10:15:35,552 - INFO - 已处理: /Users/xiongaox/Downloads/0命理学/【李双林】易学音频/0606srt/八字命理/143.坤造：甲戌_癸酉_丁酉_癸卯.srt
2025-06-06 10:15:35,555 - INFO - 已处理: /Users/xiongaox/Downloads/0命理学/【李双林】易学音频/0606srt/八字命理/072.乾造：己巳_癸酉_庚寅_甲申.srt
2025-06-06 10:15:35,558 - INFO - 已处理: /Users/xiongaox/Downloads/0命理学/【李双林】易学音频/0606srt/八字命理/127.坤造：戊辰_己未_乙酉_壬午.srt
2025-06-06 10:15:35,559 - INFO - 已处理: /Users/xiongaox/Downloads/0命理学/【李双林】易学音频/0606srt/八字命理/141.坤造：甲寅_辛未_辛未_癸巳.srt
2025-06-06 10:15:35,562 - INFO - 已处理: /Users/xiongaox/Downloads/0命理学/【李双林】易学音频/0606srt/八字命理/097.坤造：庚午_丁亥_癸未_壬子.srt
2025-06-06 10:15:35,567 - INFO - 已处理: /Users/xiongaox/Downloads/0命理学/【李双林】易学音频/0606srt/八字命理/118.乾造：癸亥_乙卯_丙午_辛卯.srt
2025-06-06 10:15:35,571 - INFO - 已处理: /Users/xiongaox/Downloads/0命理学/【李双林】易学音频/0606srt/八字命理/089.坤造：己未_己巳_辛巳_乙未.srt
2025-06-06 10:15:35,575 - INFO - 已处理: /Users/xiongaox/Downloads/0命理学/【李双林】易学音频/0606srt/八字命理/031.坤造：丙寅_戊戌_壬寅_戊申.srt
2025-06-06 10:15:35,578 - INFO - 已处理: /Users/xiongaox/Downloads/0命理学/【李双林】易学音频/0606srt/八字命理/083.坤造：己巳_辛未_戊戌_癸亥.srt
2025-06-06 10:15:35,582 - INFO - 已处理: /Users/xiongaox/Downloads/0命理学/【李双林】易学音频/0606srt/八字命理/054.乾造：壬戌_辛亥_己亥_乙丑.srt
2025-06-06 10:15:35,585 - INFO - 已处理: /Users/xiongaox/Downloads/0命理学/【李双林】易学音频/0606srt/八字命理/009.坤造：丁卯_丁未_庚午_己卯.srt
2025-06-06 10:15:35,589 - INFO - 已处理: /Users/xiongaox/Downloads/0命理学/【李双林】易学音频/0606srt/八字命理/092.乾造：戊辰_乙丑_己丑_丙寅.srt
2025-06-06 10:15:35,592 - INFO - 已处理: /Users/xiongaox/Downloads/0命理学/【李双林】易学音频/0606srt/八字命理/014.乾造：丁卯_癸丑_丙寅_己亥.srt
2025-06-06 10:15:35,594 - INFO - 已处理: /Users/xiongaox/Downloads/0命理学/【李双林】易学音频/0606srt/八字命理/080.乾造：庚申_壬午_壬子_甲辰.srt
2025-06-06 10:15:35,599 - INFO - 已处理: /Users/xiongaox/Downloads/0命理学/【李双林】易学音频/0606srt/八字命理/040.乾造：乙亥_壬午_辛未_甲午.srt
2025-06-06 10:15:35,602 - INFO - 已处理: /Users/xiongaox/Downloads/0命理学/【李双林】易学音频/0606srt/八字命理/108.乾造：甲子_丙寅_己巳_戊辰.srt
2025-06-06 10:15:35,608 - INFO - 已处理: /Users/xiongaox/Downloads/0命理学/【李双林】易学音频/0606srt/八字命理/033.坤造：丙寅_癸巳_丙辰_癸巳.srt
2025-06-06 10:15:35,610 - INFO - 已处理: /Users/xiongaox/Downloads/0命理学/【李双林】易学音频/0606srt/八字命理/016.乾造：丁卯_癸卯_丁卯_辛亥.srt
2025-06-06 10:15:35,613 - INFO - 已处理: /Users/xiongaox/Downloads/0命理学/【李双林】易学音频/0606srt/八字命理/135.坤造：戊辰_癸亥_甲午_己巳.srt
2025-06-06 10:15:35,616 - INFO - 已处理: /Users/xiongaox/Downloads/0命理学/【李双林】易学音频/0606srt/八字命理/082.乾造：戊午_己未_辛卯_辛卯.srt
2025-06-06 10:15:35,620 - INFO - 已处理: /Users/xiongaox/Downloads/0命理学/【李双林】易学音频/0606srt/八字命理/042.乾造：乙亥_辛巳_甲子_丙寅.srt
2025-06-06 10:15:35,623 - INFO - 已处理: /Users/xiongaox/Downloads/0命理学/【李双林】易学音频/0606srt/八字命理/146.坤造：癸酉_丁巳_丙午_己亥.srt
2025-06-06 10:15:35,627 - INFO - 已处理: /Users/xiongaox/Downloads/0命理学/【李双林】易学音频/0606srt/八字命理/061.坤造：己卯_甲戌_庚戌_乙酉.srt
2025-06-06 10:15:35,630 - INFO - 已处理: /Users/xiongaox/Downloads/0命理学/【李双林】易学音频/0606srt/八字命理/037.坤造：乙丑_壬午_庚辰_壬午.srt
2025-06-06 10:15:35,634 - INFO - 已处理: /Users/xiongaox/Downloads/0命理学/【李双林】易学音频/0606srt/八字命理/123.坤造：戊辰_乙卯_丙戌_癸巳.srt
2025-06-06 10:15:35,638 - INFO - 已处理: /Users/xiongaox/Downloads/0命理学/【李双林】易学音频/0606srt/八字命理/150.坤造：癸酉_癸亥_己未_丙寅.srt
2025-06-06 10:15:35,640 - INFO - 已处理: /Users/xiongaox/Downloads/0命理学/【李双林】易学音频/0606srt/八字命理/134.坤造：戊辰_甲寅_戊午_癸丑.srt
2025-06-06 10:15:35,642 - INFO - 已处理: /Users/xiongaox/Downloads/0命理学/【李双林】易学音频/0606srt/八字命理/020.乾造：丙子_戊戌_甲辰_乙丑.srt
2025-06-06 10:15:35,645 - INFO - 已处理: /Users/xiongaox/Downloads/0命理学/【李双林】易学音频/0606srt/八字命理/006.乾造：丁卯_丁未_己巳_壬申.srt
2025-06-06 10:15:35,648 - INFO - 已处理: /Users/xiongaox/Downloads/0命理学/【李双林】易学音频/0606srt/八字命理/116.乾造：甲申_壬申_丁卯_甲辰.srt
2025-06-06 10:15:35,650 - INFO - 已处理: /Users/xiongaox/Downloads/0命理学/【李双林】易学音频/0606srt/八字命理/115.坤造：戊午_丙辰_戊戌_乙卯.srt
2025-06-06 10:15:35,656 - INFO - 已处理: /Users/xiongaox/Downloads/0命理学/【李双林】易学音频/0606srt/八字命理/007.坤造：丁丑_辛亥_壬申_己酉.srt
2025-06-06 10:15:35,659 - INFO - 已处理: /Users/xiongaox/Downloads/0命理学/【李双林】易学音频/0606srt/八字命理/139.坤造：甲子_癸酉_丙辰_戊子.srt
2025-06-06 10:15:35,664 - INFO - 已处理: /Users/xiongaox/Downloads/0命理学/【李双林】易学音频/0606srt/八字命理/068.乾造：己巳_壬申_庚戌_癸未.srt
2025-06-06 10:15:35,668 - INFO - 已处理: /Users/xiongaox/Downloads/0命理学/【李双林】易学音频/0606srt/八字命理/137.坤造：甲子_丙寅_辛巳_己丑.srt
2025-06-06 10:15:35,671 - INFO - 已处理: /Users/xiongaox/Downloads/0命理学/【李双林】易学音频/0606srt/八字命理/060.乾造：壬申_辛亥_庚子_己卯.srt
2025-06-06 10:15:35,673 - INFO - 已处理: /Users/xiongaox/Downloads/0命理学/【李双林】易学音频/0606srt/八字命理/071.坤造：己巳_己巳_己巳_壬申.srt
2025-06-06 10:15:35,678 - INFO - 已处理: /Users/xiongaox/Downloads/0命理学/【李双林】易学音频/0606srt/八字命理/125.坤造：戊辰_乙卯_辛酉_戊子.srt
2025-06-06 10:15:35,680 - INFO - 已处理: /Users/xiongaox/Downloads/0命理学/【李双林】易学音频/0606srt/八字命理/099.坤造：庚午_戊子_己巳_甲子.srt
2025-06-06 10:15:35,685 - INFO - 已处理: /Users/xiongaox/Downloads/0命理学/【李双林】易学音频/0606srt/八字命理/005.坤造：丁丑_癸丑_甲戌_己巳.srt
2025-06-06 10:15:35,688 - INFO - 已处理: /Users/xiongaox/Downloads/0命理学/【李双林】易学音频/0606srt/八字命理/028.乾造：乙丑_壬午_丙戌_庚寅.srt
2025-06-06 10:15:35,692 - INFO - 已处理: /Users/xiongaox/Downloads/0命理学/【李双林】易学音频/0606srt/八字命理/017.坤造：丁卯_戊申_戊申_甲寅.srt
2025-06-06 10:15:35,696 - INFO - 已处理: /Users/xiongaox/Downloads/0命理学/【李双林】易学音频/0606srt/八字命理/101.坤造：庚午_戊寅_壬寅_癸卯.srt
2025-06-06 10:15:35,700 - INFO - 已处理: /Users/xiongaox/Downloads/0命理学/【李双林】易学音频/0606srt/八字命理/091.坤造：己未_庚午_丙午_壬辰.srt
2025-06-06 10:15:35,702 - INFO - 已处理: /Users/xiongaox/Downloads/0命理学/【李双林】易学音频/0606srt/八字命理/010.乾造：丁卯_壬子_庚子_癸未.srt
2025-06-06 10:15:35,705 - INFO - 已处理: /Users/xiongaox/Downloads/0命理学/【李双林】易学音频/0606srt/八字命理/109.坤造：庚申_己丑_乙西_乙酉.srt
2025-06-06 10:15:35,709 - INFO - 已处理: /Users/xiongaox/Downloads/0命理学/【李双林】易学音频/0606srt/八字命理/049.坤造：乙亥_庚辰_丁丑_丁未.srt
2025-06-06 10:15:35,713 - INFO - 已处理: /Users/xiongaox/Downloads/0命理学/【李双林】易学音频/0606srt/八字命理/100.乾造：戊辰_甲寅_甲寅_丙寅.srt
2025-06-06 10:15:35,716 - INFO - 已处理: /Users/xiongaox/Downloads/0命理学/【李双林】易学音频/0606srt/八字命理/098.乾造：戊辰_甲子_丁未_甲辰.srt
2025-06-06 10:15:35,719 - INFO - 已处理: /Users/xiongaox/Downloads/0命理学/【李双林】易学音频/0606srt/八字命理/126.乾造：辛未_乙未_庚子_辛巳.srt
2025-06-06 10:15:35,724 - INFO - 已处理: /Users/xiongaox/Downloads/0命理学/【李双林】易学音频/0606srt/八字命理/055.坤造：壬戌_乙巳_庚子_丙子.srt
2025-06-06 10:15:35,727 - INFO - 已处理: /Users/xiongaox/Downloads/0命理学/【李双林】易学音频/0606srt/八字命理/161.坤造：辛酉_戊戌_己丑_丙寅.srt
2025-06-06 10:15:35,729 - INFO - 已处理: /Users/xiongaox/Downloads/0命理学/【李双林】易学音频/0606srt/八字命理/113.坤造：庚辰_丁亥_己丑_壬申.srt
2025-06-06 10:15:35,734 - INFO - 已处理: /Users/xiongaox/Downloads/0命理学/【李双林】易学音频/0606srt/八字命理/157.坤造：辛未_戊戌_丙辰_辛卯.srt
2025-06-06 10:15:35,739 - INFO - 已处理: /Users/xiongaox/Downloads/0命理学/【李双林】易学音频/0606srt/八字命理/030.乾造：乙丑_己丑_辛亥_壬辰.srt
2025-06-06 10:15:35,743 - INFO - 已处理: /Users/xiongaox/Downloads/0命理学/【李双林】易学音频/0606srt/八字命理/160.坤造：辛酉_戊戌_乙酉_丙戌.srt
2025-06-06 10:15:35,752 - INFO - 已处理: /Users/xiongaox/Downloads/0命理学/【李双林】易学音频/0606srt/八字命理/144.坤造：甲成_乙亥_辛亥_甲午.srt
2025-06-06 10:15:35,757 - INFO - 已处理: /Users/xiongaox/Downloads/0命理学/【李双林】易学音频/0606srt/八字命理/149.坤造：癸酉_壬戌_甲子_壬申.srt
2025-06-06 10:15:35,761 - INFO - 已处理: /Users/xiongaox/Downloads/0命理学/【李双林】易学音频/0606srt/八字命理/058.乾造：壬申_庚戌_丁亥_乙巳.srt
2025-06-06 10:15:35,766 - INFO - 已处理: /Users/xiongaox/Downloads/0命理学/【李双林】易学音频/0606srt/八字命理/129.坤造：戊辰_庚申_丙午_壬辰.srt
2025-06-06 10:15:35,771 - INFO - 已处理: /Users/xiongaox/Downloads/0命理学/【李双林】易学音频/0606srt/八字命理/133.坤造：戊辰_甲子_乙巳_丁亥.srt
2025-06-06 10:15:35,774 - INFO - 已处理: /Users/xiongaox/Downloads/0命理学/【李双林】易学音频/0606srt/八字命理/158.坤造：辛未_戊戌_庚辰_壬午.srt
2025-06-06 10:15:35,778 - INFO - 已处理: /Users/xiongaox/Downloads/0命理学/【李双林】易学音频/0606srt/八字命理/081.坤造：己巳_辛未_己丑_辛未.srt
2025-06-06 10:15:35,782 - INFO - 已处理: /Users/xiongaox/Downloads/0命理学/【李双林】易学音频/0606srt/八字命理/124.乾造：癸酉_壬戌_己丑_甲子.srt
2025-06-06 10:15:35,787 - INFO - 已处理: /Users/xiongaox/Downloads/0命理学/【李双林】易学音频/0606srt/八字命理/036.乾造：乙亥_乙酉_己未_乙丑.srt
2025-06-06 10:15:35,791 - INFO - 已处理: /Users/xiongaox/Downloads/0命理学/【李双林】易学音频/0606srt/八字命理/095.坤造：己未_辛未_戊子_丁巳.srt
2025-06-06 10:15:35,795 - INFO - 已处理: /Users/xiongaox/Downloads/0命理学/【李双林】易学音频/0606srt/八字命理/103.坤造：庚午_戊寅_辛丑_己丑.srt
2025-06-06 10:15:35,799 - INFO - 已处理: /Users/xiongaox/Downloads/0命理学/【李双林】易学音频/0606srt/八字命理/013.坤造：丁卯_壬寅_辛亥_己丑.srt
2025-06-06 10:15:35,802 - INFO - 已处理: /Users/xiongaox/Downloads/0命理学/【李双林】易学音频/0606srt/八字命理/034.乾造：乙亥_乙酉_乙巳_丁亥.srt
2025-06-06 10:15:35,806 - INFO - 已处理: /Users/xiongaox/Downloads/0命理学/【李双林】易学音频/0606srt/八字命理/121.坤造：戊辰_乙丑_甲午_丙寅.srt
2025-06-06 10:15:35,813 - INFO - 已处理: /Users/xiongaox/Downloads/0命理学/【李双林】易学音频/0606srt/八字命理/003.坤造：丁丑_己酉_癸亥_丁巳.srt
2025-06-06 10:15:35,817 - INFO - 已处理: /Users/xiongaox/Downloads/0命理学/【李双林】易学音频/0606srt/八字命理/012.乾造：丁卯_戊申_癸丑_戊午.srt
2025-06-06 10:15:35,823 - INFO - 已处理: /Users/xiongaox/Downloads/0命理学/【李双林】易学音频/0606srt/八字命理/052.乾造：壬戌_己酉_己酉_甲子.srt
2025-06-06 10:15:35,826 - INFO - 已处理: /Users/xiongaox/Downloads/0命理学/【李双林】易学音频/0606srt/八字命理/154.坤造：辛未_己亥_辛亥_丙申.srt
2025-06-06 10:15:35,833 - INFO - 已处理: /Users/xiongaox/Downloads/0命理学/【李双林】易学音频/0606srt/八字命理/066.乾造：己巳_乙亥_辛巳_庚寅.srt
2025-06-06 10:15:35,837 - INFO - 已处理: /Users/xiongaox/Downloads/0命理学/【李双林】易学音频/0606srt/八字命理/062.乾造：己巳_丁卯_丁丑_癸卯.srt
2025-06-06 10:15:35,843 - INFO - 已处理: /Users/xiongaox/Downloads/0命理学/【李双林】易学音频/0606srt/八字命理/088.乾造：戊辰_丁巳_庚寅_戊寅.srt
2025-06-06 10:15:35,848 - INFO - 已处理: /Users/xiongaox/Downloads/0命理学/【李双林】易学音频/0606srt/八字命理/111.坤造：庚申_辛巳_甲午_戊辰.srt
2025-06-06 10:15:35,852 - INFO - 已处理: /Users/xiongaox/Downloads/0命理学/【李双林】易学音频/0606srt/八字命理/019.坤造：丁卯_癸丑_甲申_丙寅.srt
2025-06-06 10:15:35,857 - INFO - 已处理: /Users/xiongaox/Downloads/0命理学/【李双林】易学音频/0606srt/八字命理/073.坤造：己巳_癸酉_壬午_癸卯.srt
2025-06-06 10:15:35,859 - INFO - 已处理: /Users/xiongaox/Downloads/0命理学/【李双林】易学音频/0606srt/八字命理/056.乾造：壬申_壬子_戊寅_壬戌.srt
2025-06-06 10:15:35,861 - INFO - 已处理: /Users/xiongaox/Downloads/0命理学/【李双林】易学音频/0606srt/八字命理/015.坤造：丁卯_戊申_庚子_壬午.srt
2025-06-06 10:15:35,864 - INFO - 已处理: /Users/xiongaox/Downloads/0命理学/【李双林】易学音频/0606srt/八字命理/070.乾造：己巳_戊辰_甲寅_戊辰.srt
2025-06-06 10:15:35,869 - INFO - 已处理: /Users/xiongaox/Downloads/0命理学/【李双林】易学音频/0606srt/八字命理/142.坤造：甲戌_戊辰_戊辰_甲寅.srt
2025-06-06 10:15:35,872 - INFO - 已处理: /Users/xiongaox/Downloads/0命理学/【李双林】易学音频/0606srt/八字命理/131.坤造：戊辰_庚申_己酉_庚午.srt
2025-06-06 10:15:35,876 - INFO - 已处理: /Users/xiongaox/Downloads/0命理学/【李双林】易学音频/0606srt/八字命理/021.坤造：丁卯_癸丑_辛酉_己亥.srt
2025-06-06 10:15:35,881 - INFO - 已处理: /Users/xiongaox/Downloads/0命理学/【李双林】易学音频/0606srt/八字命理/114.乾造：甲戌_己巳_辛亥_己亥.srt
2025-06-06 10:15:35,884 - INFO - 已处理: /Users/xiongaox/Downloads/0命理学/【李双林】易学音频/0606srt/八字命理/053.坤造：乙亥_癸未_甲子_甲戌.srt
2025-06-06 10:15:35,888 - INFO - 已处理: /Users/xiongaox/Downloads/0命理学/【李双林】易学音频/0606srt/八字命理/136.坤造：甲午_丁丑_丙申_癸巳.srt
2025-06-06 10:15:35,891 - INFO - 已处理: /Users/xiongaox/Downloads/0命理学/【李双林】易学音频/0606srt/八字命理/046.乾造：壬午_辛亥_丁未_庚子.srt
2025-06-06 10:15:35,896 - INFO - 已处理: /Users/xiongaox/Downloads/0命理学/【李双林】易学音频/0606srt/八字命理/106.乾造：甲子_丙子_甲申_戊辰.srt
2025-06-06 10:15:35,898 - INFO - 已处理: /Users/xiongaox/Downloads/0命理学/【李双林】易学音频/0606srt/八字命理/122.乾造：癸未_甲子_壬申_丙午.srt
2025-06-06 10:15:35,903 - INFO - 已处理: /Users/xiongaox/Downloads/0命理学/【李双林】易学音频/0606srt/八字命理/085.坤造：己未_丁丑_丁酉_丙午.srt
2025-06-06 10:15:35,907 - INFO - 已处理: /Users/xiongaox/Downloads/0命理学/【李双林】易学音频/0606srt/八字命理/045.坤造：乙亥_丁亥_丁未_乙巳.srt
2025-06-06 10:15:35,911 - INFO - 已处理: /Users/xiongaox/Downloads/0命理学/【李双林】易学音频/0606srt/八字命理/093.坤造：己未_庚午_戊午_癸亥.srt
2025-06-06 10:15:35,913 - INFO - 已处理: /Users/xiongaox/Downloads/0命理学/【李双林】易学音频/0606srt/八字命理/044.乾造：乙卯_己卯_甲寅_癸酉.srt
2025-06-06 10:15:35,916 - INFO - 已处理: /Users/xiongaox/Downloads/0命理学/【李双林】易学音频/0606srt/八字命理/079.坤造：己巳_辛未_丙申_己丑.srt
2025-06-06 10:15:35,920 - INFO - 已处理: /Users/xiongaox/Downloads/0命理学/【李双林】易学音频/0606srt/八字命理/077.坤造：己巳_癸酉_己亥_乙丑.srt
2025-06-06 10:15:35,931 - INFO - 已处理: /Users/xiongaox/Downloads/0命理学/【李双林】易学音频/0606srt/八字命理/155.坤造：辛未_庚子_丙子_丁酉.srt
2025-06-06 10:15:35,934 - INFO - 已处理: /Users/xiongaox/Downloads/0命理学/【李双林】易学音频/0606srt/八字命理/145.坤造：癸丑_乙卯_乙丑_庚辰.srt
2025-06-06 10:15:35,937 - INFO - 已处理: /Users/xiongaox/Downloads/0命理学/【李双林】易学音频/0606srt/八字命理/078.乾造：庚午_癸未_丙子_癸巳.srt
2025-06-06 10:15:35,941 - INFO - 已处理: /Users/xiongaox/Downloads/0命理学/【李双林】易学音频/0606srt/八字命理/057.坤造：壬申_乙巳_庚寅_乙酉.srt
2025-06-06 10:15:35,946 - INFO - 已处理: /Users/xiongaox/Downloads/0命理学/【李双林】易学音频/0606srt/八字命理/018.乾造：丁巳_辛亥_己丑_甲戌.srt
2025-06-06 10:15:35,952 - INFO - 已处理: /Users/xiongaox/Downloads/0命理学/【李双林】易学音频/0606srt/八字命理/048.乾造：壬戌_丁未_辛丑_癸巳.srt
2025-06-06 10:15:35,957 - INFO - 已处理: /Users/xiongaox/Downloads/0命理学/【李双林】易学音频/0606srt/八字命理/043.坤造：乙丑_辛巳_辛未_癸巳.srt
2025-06-06 10:15:35,959 - INFO - 已处理: /Users/xiongaox/Downloads/0命理学/【李双林】易学音频/0606srt/八字命理/090.乾造：戊辰_丁巳_戊辰_辛酉.srt
2025-06-06 10:15:35,963 - INFO - 已处理: /Users/xiongaox/Downloads/0命理学/【李双林】易学音频/0606srt/八字命理/087.坤造：己未_壬申_辛未_戊子.srt
2025-06-06 10:15:35,968 - INFO - 已处理: /Users/xiongaox/Downloads/0命理学/【李双林】易学音频/0606srt/八字命理/102.乾造：戊辰_辛酉_戊辰_甲寅.srt
2025-06-06 10:15:35,971 - INFO - 已处理: /Users/xiongaox/Downloads/0命理学/【李双林】易学音频/0606srt/八字命理/065.坤造：己巳_丁卯_癸巳_乙卯.srt
2025-06-06 10:15:35,973 - INFO - 已处理: /Users/xiongaox/Downloads/0命理学/【李双林】易学音频/0606srt/八字命理/107.坤造：庚申_丙戌_癸酉_戊午.srt
2025-06-06 10:15:35,979 - INFO - 已处理: /Users/xiongaox/Downloads/0命理学/【李双林】易学音频/0606srt/八字命理/002.乾造：辛酉_乙未_辛亥_己亥.srt
2025-06-06 10:15:35,982 - INFO - 已处理: /Users/xiongaox/Downloads/0命理学/【李双林】易学音频/0606srt/八字命理/051.坤造：乙亥_癸未_壬寅_丁未.srt
2025-06-06 10:15:35,986 - INFO - 已处理: /Users/xiongaox/Downloads/0命理学/【李双林】易学音频/0606srt/八字命理/039.坤造：乙丑_癸未_甲寅_戊辰.srt
2025-06-06 10:15:35,993 - INFO - 已处理: /Users/xiongaox/Downloads/0命理学/【李双林】易学音频/0606srt/正五行择日/31.天德月德岁德的推算以及用法.srt
2025-06-06 10:15:35,995 - INFO - 已处理: /Users/xiongaox/Downloads/0命理学/【李双林】易学音频/0606srt/正五行择日/4.论三煞_以及兼向煞.srt
2025-06-06 10:15:35,997 - INFO - 已处理: /Users/xiongaox/Downloads/0命理学/【李双林】易学音频/0606srt/正五行择日/33.修灶安灶择日方法揭秘.srt
2025-06-06 10:15:36,002 - INFO - 已处理: /Users/xiongaox/Downloads/0命理学/【李双林】易学音频/0606srt/正五行择日/12.论冲丁煞_分金择日法.srt
2025-06-06 10:15:36,007 - INFO - 已处理: /Users/xiongaox/Downloads/0命理学/【李双林】易学音频/0606srt/正五行择日/29.论安葬择日之法.srt
2025-06-06 10:15:36,008 - INFO - 已处理: /Users/xiongaox/Downloads/0命理学/【李双林】易学音频/0606srt/正五行择日/18.论剑锋煞_以及用法.srt
2025-06-06 10:15:36,011 - INFO - 已处理: /Users/xiongaox/Downloads/0命理学/【李双林】易学音频/0606srt/正五行择日/21.风水择日的具体操作方法和作业.srt
2025-06-06 10:15:36,015 - INFO - 已处理: /Users/xiongaox/Downloads/0命理学/【李双林】易学音频/0606srt/正五行择日/2.干支五行生克基础知识介绍.srt
2025-06-06 10:15:36,019 - INFO - 已处理: /Users/xiongaox/Downloads/0命理学/【李双林】易学音频/0606srt/正五行择日/17.论贵人登天时推算方法以及用法.srt
2025-06-06 10:15:36,022 - INFO - 已处理: /Users/xiongaox/Downloads/0命理学/【李双林】易学音频/0606srt/正五行择日/23.庚山甲向择日作业讲解.srt
2025-06-06 10:15:36,025 - INFO - 已处理: /Users/xiongaox/Downloads/0命理学/【李双林】易学音频/0606srt/正五行择日/9.学习克山运的推算方法_重点知识.srt
2025-06-06 10:15:36,033 - INFO - 已处理: /Users/xiongaox/Downloads/0命理学/【李双林】易学音频/0606srt/正五行择日/32.二十八星宿择日的用法.srt
2025-06-06 10:15:36,034 - INFO - 已处理: /Users/xiongaox/Downloads/0命理学/【李双林】易学音频/0606srt/正五行择日/25.开业如何择日.srt
2025-06-06 10:15:36,036 - INFO - 已处理: /Users/xiongaox/Downloads/0命理学/【李双林】易学音频/0606srt/正五行择日/30.有利健康的择日方法_天医方.srt
2025-06-06 10:15:36,043 - INFO - 已处理: /Users/xiongaox/Downloads/0命理学/【李双林】易学音频/0606srt/正五行择日/1.什么是择日_目前有哪些择日方法.srt
2025-06-06 10:15:36,044 - INFO - 已处理: /Users/xiongaox/Downloads/0命理学/【李双林】易学音频/0606srt/正五行择日/27.日课如何催科甲.srt
2025-06-06 10:15:36,050 - INFO - 已处理: /Users/xiongaox/Downloads/0命理学/【李双林】易学音频/0606srt/正五行择日/26.催丁日课_如何择日旺人丁.srt
2025-06-06 10:15:36,053 - INFO - 已处理: /Users/xiongaox/Downloads/0命理学/【李双林】易学音频/0606srt/正五行择日/3.贵人禄马三合长生口诀.srt
2025-06-06 10:15:36,056 - INFO - 已处理: /Users/xiongaox/Downloads/0命理学/【李双林】易学音频/0606srt/催官篇/26.巽方来龙可以定哪些向.srt
2025-06-06 10:15:36,061 - INFO - 已处理: /Users/xiongaox/Downloads/0命理学/【李双林】易学音频/0606srt/催官篇/23.亥龙可以立哪些向.srt
2025-06-06 10:15:36,066 - INFO - 已处理: /Users/xiongaox/Downloads/0命理学/【李双林】易学音频/0606srt/催官篇/25.辛龙可以定哪些向_附贫单绝秘法.srt
2025-06-06 10:15:36,087 - INFO - 已处理: /Users/xiongaox/Downloads/0命理学/【李双林】易学音频/0606srt/催官篇/11.净阴净阳之法_应该如何使用.srt
2025-06-06 10:15:36,091 - INFO - 已处理: /Users/xiongaox/Downloads/0命理学/【李双林】易学音频/0606srt/催官篇/12.催贵关键在于砂_论壬子癸龙的吉凶.srt
2025-06-06 10:15:36,097 - INFO - 已处理: /Users/xiongaox/Downloads/0命理学/【李双林】易学音频/0606srt/催官篇/21.判断是生旺龙还是病死龙的方法.srt
2025-06-06 10:15:36,109 - INFO - 已处理: /Users/xiongaox/Downloads/0命理学/【李双林】易学音频/0606srt/催官篇/17.来龙不喜阴阳驳杂_细分辨断吉凶.srt
2025-06-06 10:15:36,117 - INFO - 已处理: /Users/xiongaox/Downloads/0命理学/【李双林】易学音频/0606srt/催官篇/28.庚龙应该立什么向.srt
2025-06-06 10:15:36,121 - INFO - 已处理: /Users/xiongaox/Downloads/0命理学/【李双林】易学音频/0606srt/催官篇/13.易损人丁_伤子孙的坎龙.srt
2025-06-06 10:15:36,132 - INFO - 已处理: /Users/xiongaox/Downloads/0命理学/【李双林】易学音频/0606srt/催官篇/22.来龙最后一课_对龙诀看法的总结.srt
2025-06-06 10:15:36,160 - INFO - 已处理: /Users/xiongaox/Downloads/0命理学/【李双林】易学音频/0606srt/金刚经/13.佛陀为这部经命名.srt
2025-06-06 10:15:36,181 - INFO - 已处理: /Users/xiongaox/Downloads/0命理学/【李双林】易学音频/0606srt/金刚经/14.离相寂灭分_离一切相_得一切法.srt
2025-06-06 10:15:36,190 - INFO - 已处理: /Users/xiongaox/Downloads/0命理学/【李双林】易学音频/0606srt/金刚经/15.持经功德分_受持解说的功德极大.srt
2025-06-06 10:15:36,197 - INFO - 已处理: /Users/xiongaox/Downloads/0命理学/【李双林】易学音频/0606srt/金刚经/16.能净业障分_为什么学佛了依然不顺.srt
2025-06-06 10:15:36,207 - INFO - 已处理: /Users/xiongaox/Downloads/0命理学/【李双林】易学音频/0606srt/金刚经/7.如何理解一切贤圣_皆以无为法而有差别.srt
2025-06-06 10:15:36,215 - INFO - 已处理: /Users/xiongaox/Downloads/0命理学/【李双林】易学音频/0606srt/金刚经/12.如何理解所在的地方_就是佛塔庙所在的地方.srt
2025-06-06 10:15:36,221 - INFO - 已处理: /Users/xiongaox/Downloads/0命理学/【李双林】易学音频/0606srt/金刚经/6.什么是正法_象法_末法.srt
2025-06-06 10:15:36,228 - INFO - 已处理: /Users/xiongaox/Downloads/0命理学/【李双林】易学音频/0606srt/雪心赋/41.如何观察山水之动静.srt
2025-06-06 10:15:36,234 - INFO - 已处理: /Users/xiongaox/Downloads/0命理学/【李双林】易学音频/0606srt/雪心赋/37.当峦头和理气冲突的时候_如何取舍.srt
2025-06-06 10:15:36,238 - INFO - 已处理: /Users/xiongaox/Downloads/0命理学/【李双林】易学音频/0606srt/雪心赋/66.呼形喝象的看法【第三讲】.srt
2025-06-06 10:15:36,242 - INFO - 已处理: /Users/xiongaox/Downloads/0命理学/【李双林】易学音频/0606srt/雪心赋/35.一穴居中_最怕龙虎尖射.srt
2025-06-06 10:15:36,262 - INFO - 已处理: /Users/xiongaox/Downloads/0命理学/【李双林】易学音频/0606srt/雪心赋/76.阳宅风水_水口关系最大_直接影响祸福.srt
2025-06-06 10:15:36,273 - INFO - 已处理: /Users/xiongaox/Downloads/0命理学/【李双林】易学音频/0606srt/雪心赋/51.龙吉穴吉_日课不吉_依然发凶.srt
2025-06-06 10:15:36,281 - INFO - 已处理: /Users/xiongaox/Downloads/0命理学/【李双林】易学音频/0606srt/雪心赋/49.穴前喜见曲折水_高低要适宜.srt
2025-06-06 10:15:36,291 - INFO - 已处理: /Users/xiongaox/Downloads/0命理学/【李双林】易学音频/0606srt/雪心赋/32.水底和石缝中有龙穴吗.srt
2025-06-06 10:15:36,299 - INFO - 已处理: /Users/xiongaox/Downloads/0命理学/【李双林】易学音频/0606srt/雪心赋/52.论述峦头_理气与日课之间的关系_非常重要.srt
2025-06-06 10:15:36,301 - INFO - 已处理: /Users/xiongaox/Downloads/0命理学/【李双林】易学音频/0606srt/雪心赋/1.什么是雪心赋_为什么要学习它.srt
2025-06-06 10:15:36,304 - INFO - 已处理: /Users/xiongaox/Downloads/0命理学/【李双林】易学音频/0606srt/雪心赋/23.星峰散乱不聚_不可结穴.srt
2025-06-06 10:15:36,309 - INFO - 已处理: /Users/xiongaox/Downloads/0命理学/【李双林】易学音频/0606srt/雪心赋/6.登山看水口_入穴看明堂.srt
2025-06-06 10:15:36,311 - INFO - 已处理: /Users/xiongaox/Downloads/0命理学/【李双林】易学音频/0606srt/雪心赋/55.富贵看来龙_龙贵穴必贵.srt
2025-06-06 10:15:36,324 - INFO - 已处理: /Users/xiongaox/Downloads/0命理学/【李双林】易学音频/0606srt/雪心赋/30.穴贵龙虎起峰_要有唇襦兜气.srt
2025-06-06 10:15:36,350 - INFO - 已处理: /Users/xiongaox/Downloads/0命理学/【李双林】易学音频/0606srt/雪心赋/17.何为贵龙与贱龙_如何分辨.srt
2025-06-06 10:15:36,354 - INFO - 已处理: /Users/xiongaox/Downloads/0命理学/【李双林】易学音频/0606srt/雪心赋/15.金清土浊_火燥水柔.srt
2025-06-06 10:15:36,356 - INFO - 已处理: /Users/xiongaox/Downloads/0命理学/【李双林】易学音频/0606srt/雪心赋/54.如何判断时间_何年吉何年凶.srt
2025-06-06 10:15:36,360 - INFO - 已处理: /Users/xiongaox/Downloads/0命理学/【李双林】易学音频/0606srt/雪心赋/65.论呼形喝象的看法【第二讲】.srt
2025-06-06 10:15:36,380 - INFO - 已处理: /Users/xiongaox/Downloads/0命理学/【李双林】易学音频/0606srt/雪心赋/73.秀丽的山峰_一两个就够了_太多反而不贵.srt
2025-06-06 10:15:36,390 - INFO - 已处理: /Users/xiongaox/Downloads/0命理学/【李双林】易学音频/0606srt/雪心赋/36.看山水就和看人一样_点穴心法.srt
2025-06-06 10:15:36,392 - INFO - 已处理: /Users/xiongaox/Downloads/0命理学/【李双林】易学音频/0606srt/雪心赋/31.如何判断砂的吉凶好坏.srt
2025-06-06 10:15:36,419 - INFO - 已处理: /Users/xiongaox/Downloads/0命理学/【李双林】易学音频/0606srt/雪心赋/68.如何理解盖粘倚撞_吞吐沉浮.srt
2025-06-06 10:15:36,435 - INFO - 已处理: /Users/xiongaox/Downloads/0命理学/【李双林】易学音频/0606srt/雪心赋/63.论来龙之贵气_辨富贵吉凶.srt
2025-06-06 10:15:36,442 - INFO - 已处理: /Users/xiongaox/Downloads/0命理学/【李双林】易学音频/0606srt/雪心赋/9.降服伏虎_前呼后应之看法.srt
2025-06-06 10:15:36,449 - INFO - 已处理: /Users/xiongaox/Downloads/0命理学/【李双林】易学音频/0606srt/面相知识/9.面相何为三停_如何根据三停看何时会走好运.srt
2025-06-06 10:15:36,470 - INFO - 已处理: /Users/xiongaox/Downloads/0命理学/【李双林】易学音频/0606srt/地理五诀/02.五行总论_认识五行.srt
2025-06-06 10:15:36,478 - INFO - 已处理: /Users/xiongaox/Downloads/0命理学/【李双林】易学音频/0606srt/地理五诀/69.金钗水_排衙水_天梯水_玉阶水的讲解.srt
2025-06-06 10:15:36,481 - INFO - 已处理: /Users/xiongaox/Downloads/0命理学/【李双林】易学音频/0606srt/地理五诀/59.吉凶砂形图9-16山形图讲解.srt
2025-06-06 10:15:36,483 - INFO - 已处理: /Users/xiongaox/Downloads/0命理学/【李双林】易学音频/0606srt/地理五诀/43.龙虎要有情_相斗不可用.srt
2025-06-06 10:15:36,489 - INFO - 已处理: /Users/xiongaox/Downloads/0命理学/【李双林】易学音频/0606srt/地理五诀/82.穴前有扇形地_主人退财散.srt
2025-06-06 10:15:36,493 - INFO - 已处理: /Users/xiongaox/Downloads/0命理学/【李双林】易学音频/0606srt/地理五诀/52.各种贵人的用法_催贵催财的做法.srt
2025-06-06 10:15:36,499 - INFO - 已处理: /Users/xiongaox/Downloads/0命理学/【李双林】易学音频/0606srt/地理五诀/32.学习提问答疑.srt
2025-06-06 10:15:36,504 - INFO - 已处理: /Users/xiongaox/Downloads/0命理学/【李双林】易学音频/0606srt/地理五诀/05.借马法与借禄同_禄马同位.srt
2025-06-06 10:15:36,507 - INFO - 已处理: /Users/xiongaox/Downloads/0命理学/【李双林】易学音频/0606srt/地理五诀/53.文笔砂_哪些风水会出文化人.srt
2025-06-06 10:15:36,515 - INFO - 已处理: /Users/xiongaox/Downloads/0命理学/【李双林】易学音频/0606srt/地理五诀/24.谈谈自己对四大局水口断来龙旺衰的看法.srt
2025-06-06 10:15:36,521 - INFO - 已处理: /Users/xiongaox/Downloads/0命理学/【李双林】易学音频/0606srt/地理五诀/10.什么是罗盘以及分金用法.srt
2025-06-06 10:15:36,525 - INFO - 已处理: /Users/xiongaox/Downloads/0命理学/【李双林】易学音频/0606srt/地理五诀/47.认奇形怪穴法_什么是怪穴.srt
2025-06-06 10:15:36,527 - INFO - 已处理: /Users/xiongaox/Downloads/0命理学/【李双林】易学音频/0606srt/地理五诀/27.左旋右旋阴阳龙水论_何为阴阳交媾.srt
2025-06-06 10:15:36,537 - INFO - 已处理: /Users/xiongaox/Downloads/0命理学/【李双林】易学音频/0606srt/地理五诀/65.谈谈我对四大局水法的看法.srt
2025-06-06 10:15:36,545 - INFO - 已处理: /Users/xiongaox/Downloads/0命理学/【李双林】易学音频/0606srt/地理五诀/61.吉凶砂形图25-32山形图讲解.srt
2025-06-06 10:15:36,557 - INFO - 已处理: /Users/xiongaox/Downloads/0命理学/【李双林】易学音频/0606srt/地理五诀/28.什么是骑龙诀_如何去使用.srt
2025-06-06 10:15:36,563 - INFO - 已处理: /Users/xiongaox/Downloads/0命理学/【李双林】易学音频/0606srt/地理五诀/35.风水学习答疑.srt
2025-06-06 10:15:36,567 - INFO - 已处理: /Users/xiongaox/Downloads/0命理学/【李双林】易学音频/0606srt/地理五诀/60.吉凶砂形图17-24山形图讲解.srt
2025-06-06 10:15:36,573 - INFO - 已处理: /Users/xiongaox/Downloads/0命理学/【李双林】易学音频/0606srt/地理五诀/34.如何学习风水_古人说了六法.srt
2025-06-06 10:15:36,579 - INFO - 已处理: /Users/xiongaox/Downloads/0命理学/【李双林】易学音频/0606srt/地理五诀/14.覆验旧茔法_如何看阴宅风水.srt
2025-06-06 10:15:36,583 - INFO - 已处理: /Users/xiongaox/Downloads/0命理学/【李双林】易学音频/0606srt/地理五诀/63.吉凶砂形图41-48山形图讲解.srt
2025-06-06 10:15:36,586 - INFO - 已处理: /Users/xiongaox/Downloads/0命理学/【李双林】易学音频/0606srt/地理五诀/06.四局马例_如何布置驿马局.srt
2025-06-06 10:15:36,594 - INFO - 已处理: /Users/xiongaox/Downloads/0命理学/【李双林】易学音频/0606srt/地理五诀/26.如何通过肉眼看龙脉的吉凶.srt
2025-06-06 10:15:36,597 - INFO - 已处理: /Users/xiongaox/Downloads/0命理学/【李双林】易学音频/0606srt/地理五诀/07.贵人禄山的看法_如何催贵.srt
2025-06-06 10:15:36,603 - INFO - 已处理: /Users/xiongaox/Downloads/0命理学/【李双林】易学音频/0606srt/地理五诀/51.论火土金水贵人砂.srt
2025-06-06 10:15:36,606 - INFO - 已处理: /Users/xiongaox/Downloads/0命理学/【李双林】易学音频/0606srt/地理五诀/55.天马砂_催官催富最快的风水.srt
2025-06-06 10:15:36,612 - INFO - 已处理: /Users/xiongaox/Downloads/0命理学/【李双林】易学音频/0606srt/地理五诀/57.罗星砂_如何看出文官还是武将.srt
2025-06-06 10:15:36,625 - INFO - 已处理: /Users/xiongaox/Downloads/0命理学/【李双林】易学音频/0606srt/地理五诀/58.吉凶砂形图1-8山形图讲解.srt
2025-06-06 10:15:36,633 - INFO - 已处理: /Users/xiongaox/Downloads/0命理学/【李双林】易学音频/0606srt/地理五诀/73.向诀并言_如何学习风水_以及拜师.srt
2025-06-06 10:15:36,639 - INFO - 已处理: /Users/xiongaox/Downloads/0命理学/【李双林】易学音频/0606srt/地理五诀/54.库柜砂_催发富贵的山形.srt
2025-06-06 10:15:36,644 - INFO - 已处理: /Users/xiongaox/Downloads/0命理学/【李双林】易学音频/0606srt/葬书/06.【方法论】为何得水为上.srt
2025-06-06 10:15:36,658 - INFO - 已处理: /Users/xiongaox/Downloads/0命理学/【李双林】易学音频/0606srt/葬书/11.【乘气论】点穴秘诀.srt
2025-06-06 10:15:36,660 - INFO - 已处理: /Users/xiongaox/Downloads/0命理学/【李双林】易学音频/0606srt/葬书/23.【山形论】如何从山形看吉凶.srt
2025-06-06 10:15:36,668 - INFO - 已处理: /Users/xiongaox/Downloads/0命理学/【李双林】易学音频/0606srt/葬书/22.【山势论】如何看山势吉凶.srt
2025-06-06 10:15:36,678 - INFO - 已处理: /Users/xiongaox/Downloads/0命理学/【李双林】易学音频/0606srt/葬书/07.【方法论】气如何体现.srt
2025-06-06 10:15:36,685 - INFO - 已处理: /Users/xiongaox/Downloads/0命理学/【李双林】易学音频/0606srt/葬书/20.【朱雀论】如何看水之吉凶.srt
2025-06-06 10:15:36,689 - INFO - 已处理: /Users/xiongaox/Downloads/0命理学/【李双林】易学音频/0606srt/葬书/08.【方法论】如何寻龙.srt
2025-06-06 10:15:36,689 - INFO - 文件类型统计:
2025-06-06 10:15:36,689 - INFO -   .srt (SRT字幕文件): 534 个文件
2025-06-06 10:15:36,689 - INFO - 替换词使用统计:
2025-06-06 10:15:36,689 - INFO -   '止水' 被替换了 326 次
2025-06-06 10:15:36,689 - INFO -   '地质' 被替换了 309 次
2025-06-06 10:15:36,689 - INFO -   '时尚' 被替换了 252 次
2025-06-06 10:15:36,690 - INFO -   '尘土' 被替换了 235 次
2025-06-06 10:15:36,690 - INFO -   '财心' 被替换了 175 次
2025-06-06 10:15:36,690 - INFO -   '路神' 被替换了 167 次
2025-06-06 10:15:36,690 - INFO -   '印心' 被替换了 144 次
2025-06-06 10:15:36,690 - INFO -   '医学' 被替换了 143 次
2025-06-06 10:15:36,690 - INFO -   '五火' 被替换了 117 次
2025-06-06 10:15:36,690 - INFO -   '正性' 被替换了 70 次
2025-06-06 10:15:36,690 - INFO -   '福星' 被替换了 39 次
2025-06-06 10:15:36,690 - INFO -   '备课' 被替换了 33 次
2025-06-06 10:15:36,690 - INFO -   '心金' 被替换了 30 次
2025-06-06 10:15:36,690 - INFO -   '不限' 被替换了 26 次
2025-06-06 10:15:36,690 - INFO -   '吉胸' 被替换了 23 次
2025-06-06 10:15:36,690 - INFO -   '洗金' 被替换了 15 次
2025-06-06 10:15:36,690 - INFO -   '友金' 被替换了 11 次
2025-06-06 10:15:36,690 - INFO -   '授克' 被替换了 8 次
2025-06-06 10:15:36,690 - INFO -   '洗财' 被替换了 2 次
2025-06-06 10:15:36,690 - INFO -   '有金' 被替换了 1 次
2025-06-06 10:15:36,690 - INFO -   '嘛' 被替换了 1 次
2025-06-06 10:15:36,690 - INFO - 处理完成! 总计: 534 文件, 修改: 289 文件, 处理出错: 0 文件
