2025-06-06 14:48:46,611 - INFO - 多格式文本处理程序启动
2025-06-06 14:48:46,611 - INFO - 将处理当前目录: /Users/xiongaox/Downloads/Cursor_test/TextCorrection
2025-06-06 14:48:46,611 - INFO - 支持的文件格式:
2025-06-06 14:48:46,611 - INFO -   .lrc - LRC歌词文件
2025-06-06 14:48:46,611 - INFO -   .txt - 纯文本文件
2025-06-06 14:48:46,611 - INFO -   .srt - SRT字幕文件
2025-06-06 14:48:46,611 - INFO -   .ass - ASS字幕文件
2025-06-06 14:48:46,611 - INFO -   .ssa - SSA字幕文件
2025-06-06 14:48:46,611 - INFO -   .vtt - WebVTT字幕文件
2025-06-06 14:48:46,611 - INFO - 加载了 136 个替换规则
2025-06-06 14:48:46,611 - INFO - 开始处理目录: /Users/xiongaox/Downloads/Cursor_test/TextCorrection
2025-06-06 14:48:46,611 - INFO - 支持的文件格式: .lrc, .txt, .srt, .ass, .ssa, .vtt
2025-06-06 14:48:46,620 - INFO - 已处理: /Users/xiongaox/Downloads/Cursor_test/TextCorrection/风水直断/13.会导致成为绝房的风水格局有哪些.srt
2025-06-06 14:48:46,631 - INFO - 已处理: /Users/xiongaox/Downloads/Cursor_test/TextCorrection/风水直断/7.会导致女性犯桃花的风水.srt
2025-06-06 14:48:46,634 - INFO - 已处理: /Users/xiongaox/Downloads/Cursor_test/TextCorrection/风水直断/28.会导致家人得肺病的风水有哪些.srt
2025-06-06 14:48:46,645 - INFO - 已处理: /Users/xiongaox/Downloads/Cursor_test/TextCorrection/风水直断/29.哪些风水会出官贵之人.srt
2025-06-06 14:48:46,651 - INFO - 已处理: /Users/xiongaox/Downloads/Cursor_test/TextCorrection/风水直断/16.会导致撞邪的风水有哪些.srt
2025-06-06 14:48:46,679 - INFO - 已处理: /Users/xiongaox/Downloads/Cursor_test/TextCorrection/阳明心学/3.惟精惟一.srt
2025-06-06 14:48:46,691 - INFO - 已处理: /Users/xiongaox/Downloads/Cursor_test/TextCorrection/阳明心学/4.何为知行合一.srt
2025-06-06 14:48:46,698 - INFO - 已处理: /Users/xiongaox/Downloads/Cursor_test/TextCorrection/阳明心学/5.何为尽心知性.srt
2025-06-06 14:48:46,703 - INFO - 已处理: /Users/xiongaox/Downloads/Cursor_test/TextCorrection/阳明心学/1.何为至善.srt
2025-06-06 14:48:46,705 - INFO - 已处理: /Users/xiongaox/Downloads/Cursor_test/TextCorrection/天星风水/9.地母翻卦掌的推算方法.srt
2025-06-06 14:48:46,709 - INFO - 已处理: /Users/xiongaox/Downloads/Cursor_test/TextCorrection/天星风水/11.辅星水法以及三合水法的用法.srt
2025-06-06 14:48:46,711 - INFO - 已处理: /Users/xiongaox/Downloads/Cursor_test/TextCorrection/天星风水/10.揭秘纳甲和九星吉凶断语.srt
2025-06-06 14:48:46,716 - INFO - 已处理: /Users/xiongaox/Downloads/Cursor_test/TextCorrection/天星风水/6.什么是120分金_都有哪些用法.srt
2025-06-06 14:48:46,723 - INFO - 已处理: /Users/xiongaox/Downloads/Cursor_test/TextCorrection/天星风水/12.天星阳宅法_真八宅的用法.srt
2025-06-06 14:48:46,728 - INFO - 已处理: /Users/xiongaox/Downloads/Cursor_test/TextCorrection/天星风水/2.学习五行以及生克之理.srt
2025-06-06 14:48:46,731 - INFO - 已处理: /Users/xiongaox/Downloads/Cursor_test/TextCorrection/天星风水/7.风水分房法_以及兼向的问题.srt
2025-06-06 14:48:46,734 - INFO - 已处理: /Users/xiongaox/Downloads/Cursor_test/TextCorrection/天星风水/5.简述什么是河图洛书以及先后天八卦.srt
2025-06-06 14:48:46,738 - INFO - 已处理: /Users/xiongaox/Downloads/Cursor_test/TextCorrection/天星风水/8.揭秘下罗盘的秘诀.srt
2025-06-06 14:48:46,741 - INFO - 已处理: /Users/xiongaox/Downloads/Cursor_test/TextCorrection/阳宅风水/16.书房的风水讲究.srt
2025-06-06 14:48:46,755 - INFO - 已处理: /Users/xiongaox/Downloads/Cursor_test/TextCorrection/阳宅风水/11.楼梯的风水禁忌.srt
2025-06-06 14:48:46,758 - INFO - 已处理: /Users/xiongaox/Downloads/Cursor_test/TextCorrection/阳宅风水/2.想要人丁兴旺_必须要有龙气.srt
2025-06-06 14:48:46,771 - INFO - 已处理: /Users/xiongaox/Downloads/Cursor_test/TextCorrection/阳宅风水/8.宅的外形影响吉凶.srt
2025-06-06 14:48:46,788 - INFO - 已处理: /Users/xiongaox/Downloads/Cursor_test/TextCorrection/奇门遁甲/2.十二地支的象义讲解.srt
2025-06-06 14:48:46,794 - INFO - 已处理: /Users/xiongaox/Downloads/Cursor_test/TextCorrection/奇门遁甲/14.空亡的用法和作用.srt
2025-06-06 14:48:46,797 - INFO - 已处理: /Users/xiongaox/Downloads/Cursor_test/TextCorrection/奇门遁甲/9.测经营求财的经验.srt
2025-06-06 14:48:46,800 - INFO - 已处理: /Users/xiongaox/Downloads/Cursor_test/TextCorrection/奇门遁甲/15.测风水的一些经验.srt
2025-06-06 14:48:46,804 - INFO - 已处理: /Users/xiongaox/Downloads/Cursor_test/TextCorrection/奇门遁甲/10.什么是九遁有哪些含义.srt
2025-06-06 14:48:46,810 - INFO - 已处理: /Users/xiongaox/Downloads/Cursor_test/TextCorrection/奇门遁甲/17.测疾病的方法.srt
2025-06-06 14:48:46,815 - INFO - 已处理: /Users/xiongaox/Downloads/Cursor_test/TextCorrection/奇门遁甲/13.学习的经验之谈.srt
2025-06-06 14:48:46,818 - INFO - 已处理: /Users/xiongaox/Downloads/Cursor_test/TextCorrection/奇门遁甲/3.九星的象义讲解.srt
2025-06-06 14:48:46,821 - INFO - 已处理: /Users/xiongaox/Downloads/Cursor_test/TextCorrection/金锁玉关/2.坤卦：住宅西南方之风水看法.srt
2025-06-06 14:48:46,831 - INFO - 已处理: /Users/xiongaox/Downloads/Cursor_test/TextCorrection/金锁玉关/5.乾卦：住宅西北方的风水_是喜欢高起还是低矮呢.srt
2025-06-06 14:48:46,833 - INFO - 已处理: /Users/xiongaox/Downloads/Cursor_test/TextCorrection/金锁玉关/7.艮卦：东北方关系子孙多寡_没有男丁赶快检查一下这个方位.srt
2025-06-06 14:48:46,839 - INFO - 已处理: /Users/xiongaox/Downloads/Cursor_test/TextCorrection/八字命理/067.坤造：己巳_乙亥_壬辰_壬寅.srt
2025-06-06 14:48:46,842 - INFO - 已处理: /Users/xiongaox/Downloads/Cursor_test/TextCorrection/八字命理/069.坤造：己巳_己巳_乙酉_己卯.srt
2025-06-06 14:48:46,846 - INFO - 已处理: /Users/xiongaox/Downloads/Cursor_test/TextCorrection/八字命理/084.乾造：戊寅_乙卯_丁巳_辛亥.srt
2025-06-06 14:48:46,850 - INFO - 已处理: /Users/xiongaox/Downloads/Cursor_test/TextCorrection/八字命理/038.乾造：乙亥_壬午_戊辰_壬戌.srt
2025-06-06 14:48:46,854 - INFO - 已处理: /Users/xiongaox/Downloads/Cursor_test/TextCorrection/八字命理/047.坤造：乙亥_丁亥_乙巳_丙戌.srt
2025-06-06 14:48:46,858 - INFO - 已处理: /Users/xiongaox/Downloads/Cursor_test/TextCorrection/八字命理/008.乾造：丁卯_丙午_甲辰_己巳.srt
2025-06-06 14:48:46,863 - INFO - 已处理: /Users/xiongaox/Downloads/Cursor_test/TextCorrection/八字命理/059.坤造：壬申_癸卯_庚戌_丙子.srt
2025-06-06 14:48:46,868 - INFO - 已处理: /Users/xiongaox/Downloads/Cursor_test/TextCorrection/八字命理/094.乾造：戊辰_乙丑_甲申_丁卯.srt
2025-06-06 14:48:46,872 - INFO - 已处理: /Users/xiongaox/Downloads/Cursor_test/TextCorrection/八字命理/140.坤造：甲寅_甲戌_戊戌_丙辰.srt
2025-06-06 14:48:46,877 - INFO - 已处理: /Users/xiongaox/Downloads/Cursor_test/TextCorrection/八字命理/023.坤造：丁卯_癸卯_丁卯_己酉.srt
2025-06-06 14:48:46,883 - INFO - 已处理: /Users/xiongaox/Downloads/Cursor_test/TextCorrection/八字命理/041.坤造：乙丑_癸未_辛酉_甲午.srt
2025-06-06 14:48:46,888 - INFO - 已处理: /Users/xiongaox/Downloads/Cursor_test/TextCorrection/八字命理/096.乾造：戊辰_戊午_乙卯_甲申.srt
2025-06-06 14:48:46,893 - INFO - 已处理: /Users/xiongaox/Downloads/Cursor_test/TextCorrection/八字命理/156.坤造：辛未_庚寅_丁巳_甲辰.srt
2025-06-06 14:48:46,897 - INFO - 已处理: /Users/xiongaox/Downloads/Cursor_test/TextCorrection/八字命理/151.坤造：癸酉_辛酉_辛酉_壬辰.srt
2025-06-06 14:48:46,902 - INFO - 已处理: /Users/xiongaox/Downloads/Cursor_test/TextCorrection/八字命理/138.坤造：甲子_乙亥_丁未_丁未.srt
2025-06-06 14:48:46,907 - INFO - 已处理: /Users/xiongaox/Downloads/Cursor_test/TextCorrection/八字命理/004.乾造：丁丑_庚戌_己丑_癸酉.srt
2025-06-06 14:48:46,914 - INFO - 已处理: /Users/xiongaox/Downloads/Cursor_test/TextCorrection/八字命理/152.坤造：辛巳_己亥_丙子_己亥.srt
2025-06-06 14:48:46,921 - INFO - 已处理: /Users/xiongaox/Downloads/Cursor_test/TextCorrection/八字命理/104.乾造：王申_乙巳_辛丑_丁酉.srt
2025-06-06 14:48:46,924 - INFO - 已处理: /Users/xiongaox/Downloads/Cursor_test/TextCorrection/八字命理/086.乾造：戊辰_丁巳_己卯_壬申.srt
2025-06-06 14:48:46,929 - INFO - 已处理: /Users/xiongaox/Downloads/Cursor_test/TextCorrection/八字命理/025.坤造：丁巳_庚戌_辛酉_甲午.srt
2025-06-06 14:48:46,934 - INFO - 已处理: /Users/xiongaox/Downloads/Cursor_test/TextCorrection/八字命理/148.坤造：癸酉_壬戌_庚午_丙子.srt
2025-06-06 14:48:46,938 - INFO - 已处理: /Users/xiongaox/Downloads/Cursor_test/TextCorrection/八字命理/011.坤造：丁卯_壬寅_丁亥_癸卯.srt
2025-06-06 14:48:46,939 - INFO - 已处理: /Users/xiongaox/Downloads/Cursor_test/TextCorrection/八字命理/105.坤造：庚午_辛巳_庚寅_己卯.srt
2025-06-06 14:48:46,942 - INFO - 已处理: /Users/xiongaox/Downloads/Cursor_test/TextCorrection/八字命理/022.乾造：丙寅_辛丑_己未_丁卯.srt
2025-06-06 14:48:46,947 - INFO - 已处理: /Users/xiongaox/Downloads/Cursor_test/TextCorrection/八字命理/035.坤造：乙丑_丙戌_癸巳_壬戌.srt
2025-06-06 14:48:46,951 - INFO - 已处理: /Users/xiongaox/Downloads/Cursor_test/TextCorrection/八字命理/029.坤造：丙寅_庚子_丁未_甲辰.srt
2025-06-06 14:48:46,956 - INFO - 已处理: /Users/xiongaox/Downloads/Cursor_test/TextCorrection/八字命理/076.乾造：庚午_壬午_辛亥_丁酉.srt
2025-06-06 14:48:46,959 - INFO - 已处理: /Users/xiongaox/Downloads/Cursor_test/TextCorrection/八字命理/132.坤造：戊辰_戊午_癸巳_壬子.srt
2025-06-06 14:48:46,963 - INFO - 已处理: /Users/xiongaox/Downloads/Cursor_test/TextCorrection/八字命理/063.坤造：己巳_丁卯_庚寅_壬午.srt
2025-06-06 14:48:46,969 - INFO - 已处理: /Users/xiongaox/Downloads/Cursor_test/TextCorrection/八字命理/112.乾造：甲戌_丁丑_戊戌_丁巳.srt
2025-06-06 14:48:46,976 - INFO - 已处理: /Users/xiongaox/Downloads/Cursor_test/TextCorrection/八字命理/130.乾造：辛未_辛卯_乙巳_戊寅.srt
2025-06-06 14:48:46,981 - INFO - 已处理: /Users/xiongaox/Downloads/Cursor_test/TextCorrection/八字命理/153.坤造：辛未_己亥_丙申_壬辰.srt
2025-06-06 14:48:46,988 - INFO - 已处理: /Users/xiongaox/Downloads/Cursor_test/TextCorrection/八字命理/075.坤造：己巳_癸酉_壬辰_丙午.srt
2025-06-06 14:48:46,992 - INFO - 已处理: /Users/xiongaox/Downloads/Cursor_test/TextCorrection/八字命理/120.乾造：癸亥_壬戌_壬午_戊申.srt
2025-06-06 14:48:46,995 - INFO - 已处理: /Users/xiongaox/Downloads/Cursor_test/TextCorrection/八字命理/064.乾造：己巳_丙子_丁卯_丙午.srt
2025-06-06 14:48:47,002 - INFO - 已处理: /Users/xiongaox/Downloads/Cursor_test/TextCorrection/八字命理/024.乾造：丙寅_辛丑_戊寅_甲寅.srt
2025-06-06 14:48:47,008 - INFO - 已处理: /Users/xiongaox/Downloads/Cursor_test/TextCorrection/八字命理/027.坤造：丙寅_丙申_庚戌_丙子.srt
2025-06-06 14:48:47,011 - INFO - 已处理: /Users/xiongaox/Downloads/Cursor_test/TextCorrection/八字命理/026.乾造：乙丑_乙酉_丁丑_己酉.srt
2025-06-06 14:48:47,016 - INFO - 已处理: /Users/xiongaox/Downloads/Cursor_test/TextCorrection/八字命理/074.乾造：庚午_丙戌_甲子_癸酉.srt
2025-06-06 14:48:47,021 - INFO - 已处理: /Users/xiongaox/Downloads/Cursor_test/TextCorrection/八字命理/159.坤造：辛酉_己亥_丁未_丁未.srt
2025-06-06 14:48:47,027 - INFO - 已处理: /Users/xiongaox/Downloads/Cursor_test/TextCorrection/八字命理/032.乾造：乙丑_庚辰_庚子_甲申.srt
2025-06-06 14:48:47,031 - INFO - 已处理: /Users/xiongaox/Downloads/Cursor_test/TextCorrection/八字命理/119.坤造：戊申_壬戌_戊午_癸亥.srt
2025-06-06 14:48:47,037 - INFO - 已处理: /Users/xiongaox/Downloads/Cursor_test/TextCorrection/八字命理/147.坤造：癸酉_乙卯_丁未_癸卯.srt
2025-06-06 14:48:47,041 - INFO - 已处理: /Users/xiongaox/Downloads/Cursor_test/TextCorrection/八字命理/117.坤造：戊午_壬戌_丙辰_己亥.srt
2025-06-06 14:48:47,045 - INFO - 已处理: /Users/xiongaox/Downloads/Cursor_test/TextCorrection/八字命理/143.坤造：甲戌_癸酉_丁酉_癸卯.srt
2025-06-06 14:48:47,050 - INFO - 已处理: /Users/xiongaox/Downloads/Cursor_test/TextCorrection/八字命理/072.乾造：己巳_癸酉_庚寅_甲申.srt
2025-06-06 14:48:47,054 - INFO - 已处理: /Users/xiongaox/Downloads/Cursor_test/TextCorrection/八字命理/127.坤造：戊辰_己未_乙酉_壬午.srt
2025-06-06 14:48:47,058 - INFO - 已处理: /Users/xiongaox/Downloads/Cursor_test/TextCorrection/八字命理/097.坤造：庚午_丁亥_癸未_壬子.srt
2025-06-06 14:48:47,064 - INFO - 已处理: /Users/xiongaox/Downloads/Cursor_test/TextCorrection/八字命理/118.乾造：癸亥_乙卯_丙午_辛卯.srt
2025-06-06 14:48:47,068 - INFO - 已处理: /Users/xiongaox/Downloads/Cursor_test/TextCorrection/八字命理/089.坤造：己未_己巳_辛巳_乙未.srt
2025-06-06 14:48:47,073 - INFO - 已处理: /Users/xiongaox/Downloads/Cursor_test/TextCorrection/八字命理/031.坤造：丙寅_戊戌_壬寅_戊申.srt
2025-06-06 14:48:47,077 - INFO - 已处理: /Users/xiongaox/Downloads/Cursor_test/TextCorrection/八字命理/083.坤造：己巳_辛未_戊戌_癸亥.srt
2025-06-06 14:48:47,082 - INFO - 已处理: /Users/xiongaox/Downloads/Cursor_test/TextCorrection/八字命理/054.乾造：壬戌_辛亥_己亥_乙丑.srt
2025-06-06 14:48:47,086 - INFO - 已处理: /Users/xiongaox/Downloads/Cursor_test/TextCorrection/八字命理/009.坤造：丁卯_丁未_庚午_己卯.srt
2025-06-06 14:48:47,090 - INFO - 已处理: /Users/xiongaox/Downloads/Cursor_test/TextCorrection/八字命理/092.乾造：戊辰_乙丑_己丑_丙寅.srt
2025-06-06 14:48:47,094 - INFO - 已处理: /Users/xiongaox/Downloads/Cursor_test/TextCorrection/八字命理/014.乾造：丁卯_癸丑_丙寅_己亥.srt
2025-06-06 14:48:47,101 - INFO - 已处理: /Users/xiongaox/Downloads/Cursor_test/TextCorrection/八字命理/040.乾造：乙亥_壬午_辛未_甲午.srt
2025-06-06 14:48:47,105 - INFO - 已处理: /Users/xiongaox/Downloads/Cursor_test/TextCorrection/八字命理/108.乾造：甲子_丙寅_己巳_戊辰.srt
2025-06-06 14:48:47,112 - INFO - 已处理: /Users/xiongaox/Downloads/Cursor_test/TextCorrection/八字命理/033.坤造：丙寅_癸巳_丙辰_癸巳.srt
2025-06-06 14:48:47,114 - INFO - 已处理: /Users/xiongaox/Downloads/Cursor_test/TextCorrection/八字命理/016.乾造：丁卯_癸卯_丁卯_辛亥.srt
2025-06-06 14:48:47,121 - INFO - 已处理: /Users/xiongaox/Downloads/Cursor_test/TextCorrection/八字命理/082.乾造：戊午_己未_辛卯_辛卯.srt
2025-06-06 14:48:47,130 - INFO - 已处理: /Users/xiongaox/Downloads/Cursor_test/TextCorrection/八字命理/146.坤造：癸酉_丁巳_丙午_己亥.srt
2025-06-06 14:48:47,134 - INFO - 已处理: /Users/xiongaox/Downloads/Cursor_test/TextCorrection/八字命理/061.坤造：己卯_甲戌_庚戌_乙酉.srt
2025-06-06 14:48:47,138 - INFO - 已处理: /Users/xiongaox/Downloads/Cursor_test/TextCorrection/八字命理/037.坤造：乙丑_壬午_庚辰_壬午.srt
2025-06-06 14:48:47,142 - INFO - 已处理: /Users/xiongaox/Downloads/Cursor_test/TextCorrection/八字命理/123.坤造：戊辰_乙卯_丙戌_癸巳.srt
2025-06-06 14:48:47,147 - INFO - 已处理: /Users/xiongaox/Downloads/Cursor_test/TextCorrection/八字命理/150.坤造：癸酉_癸亥_己未_丙寅.srt
2025-06-06 14:48:47,152 - INFO - 已处理: /Users/xiongaox/Downloads/Cursor_test/TextCorrection/八字命理/020.乾造：丙子_戊戌_甲辰_乙丑.srt
2025-06-06 14:48:47,155 - INFO - 已处理: /Users/xiongaox/Downloads/Cursor_test/TextCorrection/八字命理/006.乾造：丁卯_丁未_己巳_壬申.srt
2025-06-06 14:48:47,159 - INFO - 已处理: /Users/xiongaox/Downloads/Cursor_test/TextCorrection/八字命理/116.乾造：甲申_壬申_丁卯_甲辰.srt
2025-06-06 14:48:47,161 - INFO - 已处理: /Users/xiongaox/Downloads/Cursor_test/TextCorrection/八字命理/115.坤造：戊午_丙辰_戊戌_乙卯.srt
2025-06-06 14:48:47,168 - INFO - 已处理: /Users/xiongaox/Downloads/Cursor_test/TextCorrection/八字命理/007.坤造：丁丑_辛亥_壬申_己酉.srt
2025-06-06 14:48:47,173 - INFO - 已处理: /Users/xiongaox/Downloads/Cursor_test/TextCorrection/八字命理/139.坤造：甲子_癸酉_丙辰_戊子.srt
2025-06-06 14:48:47,183 - INFO - 已处理: /Users/xiongaox/Downloads/Cursor_test/TextCorrection/八字命理/137.坤造：甲子_丙寅_辛巳_己丑.srt
2025-06-06 14:48:47,186 - INFO - 已处理: /Users/xiongaox/Downloads/Cursor_test/TextCorrection/八字命理/060.乾造：壬申_辛亥_庚子_己卯.srt
2025-06-06 14:48:47,189 - INFO - 已处理: /Users/xiongaox/Downloads/Cursor_test/TextCorrection/八字命理/071.坤造：己巳_己巳_己巳_壬申.srt
2025-06-06 14:48:47,195 - INFO - 已处理: /Users/xiongaox/Downloads/Cursor_test/TextCorrection/八字命理/125.坤造：戊辰_乙卯_辛酉_戊子.srt
2025-06-06 14:48:47,198 - INFO - 已处理: /Users/xiongaox/Downloads/Cursor_test/TextCorrection/八字命理/099.坤造：庚午_戊子_己巳_甲子.srt
2025-06-06 14:48:47,203 - INFO - 已处理: /Users/xiongaox/Downloads/Cursor_test/TextCorrection/八字命理/005.坤造：丁丑_癸丑_甲戌_己巳.srt
2025-06-06 14:48:47,207 - INFO - 已处理: /Users/xiongaox/Downloads/Cursor_test/TextCorrection/八字命理/028.乾造：乙丑_壬午_丙戌_庚寅.srt
2025-06-06 14:48:47,210 - INFO - 已处理: /Users/xiongaox/Downloads/Cursor_test/TextCorrection/八字命理/017.坤造：丁卯_戊申_戊申_甲寅.srt
2025-06-06 14:48:47,215 - INFO - 已处理: /Users/xiongaox/Downloads/Cursor_test/TextCorrection/八字命理/101.坤造：庚午_戊寅_壬寅_癸卯.srt
2025-06-06 14:48:47,221 - INFO - 已处理: /Users/xiongaox/Downloads/Cursor_test/TextCorrection/八字命理/091.坤造：己未_庚午_丙午_壬辰.srt
2025-06-06 14:48:47,227 - INFO - 已处理: /Users/xiongaox/Downloads/Cursor_test/TextCorrection/八字命理/109.坤造：庚申_己丑_乙西_乙酉.srt
2025-06-06 14:48:47,232 - INFO - 已处理: /Users/xiongaox/Downloads/Cursor_test/TextCorrection/八字命理/049.坤造：乙亥_庚辰_丁丑_丁未.srt
2025-06-06 14:48:47,238 - INFO - 已处理: /Users/xiongaox/Downloads/Cursor_test/TextCorrection/八字命理/100.乾造：戊辰_甲寅_甲寅_丙寅.srt
2025-06-06 14:48:47,245 - INFO - 已处理: /Users/xiongaox/Downloads/Cursor_test/TextCorrection/八字命理/098.乾造：戊辰_甲子_丁未_甲辰.srt
2025-06-06 14:48:47,249 - INFO - 已处理: /Users/xiongaox/Downloads/Cursor_test/TextCorrection/八字命理/126.乾造：辛未_乙未_庚子_辛巳.srt
2025-06-06 14:48:47,256 - INFO - 已处理: /Users/xiongaox/Downloads/Cursor_test/TextCorrection/八字命理/055.坤造：壬戌_乙巳_庚子_丙子.srt
2025-06-06 14:48:47,324 - INFO - 已处理: /Users/xiongaox/Downloads/Cursor_test/TextCorrection/八字命理/161.坤造：辛酉_戊戌_己丑_丙寅.srt
2025-06-06 14:48:47,336 - INFO - 已处理: /Users/xiongaox/Downloads/Cursor_test/TextCorrection/八字命理/113.坤造：庚辰_丁亥_己丑_壬申.srt
2025-06-06 14:48:47,349 - INFO - 已处理: /Users/xiongaox/Downloads/Cursor_test/TextCorrection/八字命理/157.坤造：辛未_戊戌_丙辰_辛卯.srt
2025-06-06 14:48:47,352 - INFO - 已处理: /Users/xiongaox/Downloads/Cursor_test/TextCorrection/八字命理/030.乾造：乙丑_己丑_辛亥_壬辰.srt
2025-06-06 14:48:47,358 - INFO - 已处理: /Users/xiongaox/Downloads/Cursor_test/TextCorrection/八字命理/160.坤造：辛酉_戊戌_乙酉_丙戌.srt
2025-06-06 14:48:47,365 - INFO - 已处理: /Users/xiongaox/Downloads/Cursor_test/TextCorrection/八字命理/050.乾造：壬戌_丙午_乙亥_乙酉.srt
2025-06-06 14:48:47,370 - INFO - 已处理: /Users/xiongaox/Downloads/Cursor_test/TextCorrection/八字命理/144.坤造：甲成_乙亥_辛亥_甲午.srt
2025-06-06 14:48:47,376 - INFO - 已处理: /Users/xiongaox/Downloads/Cursor_test/TextCorrection/八字命理/149.坤造：癸酉_壬戌_甲子_壬申.srt
2025-06-06 14:48:47,382 - INFO - 已处理: /Users/xiongaox/Downloads/Cursor_test/TextCorrection/八字命理/058.乾造：壬申_庚戌_丁亥_乙巳.srt
2025-06-06 14:48:47,387 - INFO - 已处理: /Users/xiongaox/Downloads/Cursor_test/TextCorrection/八字命理/129.坤造：戊辰_庚申_丙午_壬辰.srt
2025-06-06 14:48:47,393 - INFO - 已处理: /Users/xiongaox/Downloads/Cursor_test/TextCorrection/八字命理/133.坤造：戊辰_甲子_乙巳_丁亥.srt
2025-06-06 14:48:47,397 - INFO - 已处理: /Users/xiongaox/Downloads/Cursor_test/TextCorrection/八字命理/158.坤造：辛未_戊戌_庚辰_壬午.srt
2025-06-06 14:48:47,402 - INFO - 已处理: /Users/xiongaox/Downloads/Cursor_test/TextCorrection/八字命理/081.坤造：己巳_辛未_己丑_辛未.srt
2025-06-06 14:48:47,414 - INFO - 已处理: /Users/xiongaox/Downloads/Cursor_test/TextCorrection/八字命理/036.乾造：乙亥_乙酉_己未_乙丑.srt
2025-06-06 14:48:47,420 - INFO - 已处理: /Users/xiongaox/Downloads/Cursor_test/TextCorrection/八字命理/095.坤造：己未_辛未_戊子_丁巳.srt
2025-06-06 14:48:47,425 - INFO - 已处理: /Users/xiongaox/Downloads/Cursor_test/TextCorrection/八字命理/103.坤造：庚午_戊寅_辛丑_己丑.srt
2025-06-06 14:48:47,427 - INFO - 已处理: /Users/xiongaox/Downloads/Cursor_test/TextCorrection/八字命理/013.坤造：丁卯_壬寅_辛亥_己丑.srt
2025-06-06 14:48:47,431 - INFO - 已处理: /Users/xiongaox/Downloads/Cursor_test/TextCorrection/八字命理/034.乾造：乙亥_乙酉_乙巳_丁亥.srt
2025-06-06 14:48:47,435 - INFO - 已处理: /Users/xiongaox/Downloads/Cursor_test/TextCorrection/八字命理/121.坤造：戊辰_乙丑_甲午_丙寅.srt
2025-06-06 14:48:47,442 - INFO - 已处理: /Users/xiongaox/Downloads/Cursor_test/TextCorrection/八字命理/003.坤造：丁丑_己酉_癸亥_丁巳.srt
2025-06-06 14:48:47,446 - INFO - 已处理: /Users/xiongaox/Downloads/Cursor_test/TextCorrection/八字命理/012.乾造：丁卯_戊申_癸丑_戊午.srt
2025-06-06 14:48:47,451 - INFO - 已处理: /Users/xiongaox/Downloads/Cursor_test/TextCorrection/八字命理/052.乾造：壬戌_己酉_己酉_甲子.srt
2025-06-06 14:48:47,455 - INFO - 已处理: /Users/xiongaox/Downloads/Cursor_test/TextCorrection/八字命理/154.坤造：辛未_己亥_辛亥_丙申.srt
2025-06-06 14:48:47,463 - INFO - 已处理: /Users/xiongaox/Downloads/Cursor_test/TextCorrection/八字命理/066.乾造：己巳_乙亥_辛巳_庚寅.srt
2025-06-06 14:48:47,476 - INFO - 已处理: /Users/xiongaox/Downloads/Cursor_test/TextCorrection/八字命理/088.乾造：戊辰_丁巳_庚寅_戊寅.srt
2025-06-06 14:48:47,481 - INFO - 已处理: /Users/xiongaox/Downloads/Cursor_test/TextCorrection/八字命理/111.坤造：庚申_辛巳_甲午_戊辰.srt
2025-06-06 14:48:47,487 - INFO - 已处理: /Users/xiongaox/Downloads/Cursor_test/TextCorrection/八字命理/019.坤造：丁卯_癸丑_甲申_丙寅.srt
2025-06-06 14:48:47,492 - INFO - 已处理: /Users/xiongaox/Downloads/Cursor_test/TextCorrection/八字命理/073.坤造：己巳_癸酉_壬午_癸卯.srt
2025-06-06 14:48:47,494 - INFO - 已处理: /Users/xiongaox/Downloads/Cursor_test/TextCorrection/八字命理/056.乾造：壬申_壬子_戊寅_壬戌.srt
2025-06-06 14:48:47,496 - INFO - 已处理: /Users/xiongaox/Downloads/Cursor_test/TextCorrection/八字命理/015.坤造：丁卯_戊申_庚子_壬午.srt
2025-06-06 14:48:47,499 - INFO - 已处理: /Users/xiongaox/Downloads/Cursor_test/TextCorrection/八字命理/070.乾造：己巳_戊辰_甲寅_戊辰.srt
2025-06-06 14:48:47,506 - INFO - 已处理: /Users/xiongaox/Downloads/Cursor_test/TextCorrection/八字命理/142.坤造：甲戌_戊辰_戊辰_甲寅.srt
2025-06-06 14:48:47,508 - INFO - 已处理: /Users/xiongaox/Downloads/Cursor_test/TextCorrection/八字命理/131.坤造：戊辰_庚申_己酉_庚午.srt
2025-06-06 14:48:47,513 - INFO - 已处理: /Users/xiongaox/Downloads/Cursor_test/TextCorrection/八字命理/021.坤造：丁卯_癸丑_辛酉_己亥.srt
2025-06-06 14:48:47,519 - INFO - 已处理: /Users/xiongaox/Downloads/Cursor_test/TextCorrection/八字命理/114.乾造：甲戌_己巳_辛亥_己亥.srt
2025-06-06 14:48:47,522 - INFO - 已处理: /Users/xiongaox/Downloads/Cursor_test/TextCorrection/八字命理/053.坤造：乙亥_癸未_甲子_甲戌.srt
2025-06-06 14:48:47,527 - INFO - 已处理: /Users/xiongaox/Downloads/Cursor_test/TextCorrection/八字命理/136.坤造：甲午_丁丑_丙申_癸巳.srt
2025-06-06 14:48:47,530 - INFO - 已处理: /Users/xiongaox/Downloads/Cursor_test/TextCorrection/八字命理/046.乾造：壬午_辛亥_丁未_庚子.srt
2025-06-06 14:48:47,537 - INFO - 已处理: /Users/xiongaox/Downloads/Cursor_test/TextCorrection/八字命理/106.乾造：甲子_丙子_甲申_戊辰.srt
2025-06-06 14:48:47,539 - INFO - 已处理: /Users/xiongaox/Downloads/Cursor_test/TextCorrection/八字命理/122.乾造：癸未_甲子_壬申_丙午.srt
2025-06-06 14:48:47,545 - INFO - 已处理: /Users/xiongaox/Downloads/Cursor_test/TextCorrection/八字命理/085.坤造：己未_丁丑_丁酉_丙午.srt
2025-06-06 14:48:47,558 - INFO - 已处理: /Users/xiongaox/Downloads/Cursor_test/TextCorrection/八字命理/079.坤造：己巳_辛未_丙申_己丑.srt
2025-06-06 14:48:47,562 - INFO - 已处理: /Users/xiongaox/Downloads/Cursor_test/TextCorrection/八字命理/077.坤造：己巳_癸酉_己亥_乙丑.srt
2025-06-06 14:48:47,568 - INFO - 已处理: /Users/xiongaox/Downloads/Cursor_test/TextCorrection/八字命理/128.乾造：辛未_辛丑_辛巳_丁酉.srt
2025-06-06 14:48:47,578 - INFO - 已处理: /Users/xiongaox/Downloads/Cursor_test/TextCorrection/八字命理/155.坤造：辛未_庚子_丙子_丁酉.srt
2025-06-06 14:48:47,583 - INFO - 已处理: /Users/xiongaox/Downloads/Cursor_test/TextCorrection/八字命理/145.坤造：癸丑_乙卯_乙丑_庚辰.srt
2025-06-06 14:48:47,586 - INFO - 已处理: /Users/xiongaox/Downloads/Cursor_test/TextCorrection/八字命理/078.乾造：庚午_癸未_丙子_癸巳.srt
2025-06-06 14:48:47,589 - INFO - 已处理: /Users/xiongaox/Downloads/Cursor_test/TextCorrection/八字命理/057.坤造：壬申_乙巳_庚寅_乙酉.srt
2025-06-06 14:48:47,600 - INFO - 已处理: /Users/xiongaox/Downloads/Cursor_test/TextCorrection/八字命理/048.乾造：壬戌_丁未_辛丑_癸巳.srt
2025-06-06 14:48:47,606 - INFO - 已处理: /Users/xiongaox/Downloads/Cursor_test/TextCorrection/八字命理/043.坤造：乙丑_辛巳_辛未_癸巳.srt
2025-06-06 14:48:47,608 - INFO - 已处理: /Users/xiongaox/Downloads/Cursor_test/TextCorrection/八字命理/090.乾造：戊辰_丁巳_戊辰_辛酉.srt
2025-06-06 14:48:47,613 - INFO - 已处理: /Users/xiongaox/Downloads/Cursor_test/TextCorrection/八字命理/087.坤造：己未_壬申_辛未_戊子.srt
2025-06-06 14:48:47,618 - INFO - 已处理: /Users/xiongaox/Downloads/Cursor_test/TextCorrection/八字命理/102.乾造：戊辰_辛酉_戊辰_甲寅.srt
2025-06-06 14:48:47,622 - INFO - 已处理: /Users/xiongaox/Downloads/Cursor_test/TextCorrection/八字命理/065.坤造：己巳_丁卯_癸巳_乙卯.srt
2025-06-06 14:48:47,625 - INFO - 已处理: /Users/xiongaox/Downloads/Cursor_test/TextCorrection/八字命理/107.坤造：庚申_丙戌_癸酉_戊午.srt
2025-06-06 14:48:47,631 - INFO - 已处理: /Users/xiongaox/Downloads/Cursor_test/TextCorrection/八字命理/002.乾造：辛酉_乙未_辛亥_己亥.srt
2025-06-06 14:48:47,636 - INFO - 已处理: /Users/xiongaox/Downloads/Cursor_test/TextCorrection/八字命理/051.坤造：乙亥_癸未_壬寅_丁未.srt
2025-06-06 14:48:47,640 - INFO - 已处理: /Users/xiongaox/Downloads/Cursor_test/TextCorrection/八字命理/039.坤造：乙丑_癸未_甲寅_戊辰.srt
2025-06-06 14:48:47,643 - INFO - 已处理: /Users/xiongaox/Downloads/Cursor_test/TextCorrection/正五行择日/31.天德月德岁德的推算以及用法.srt
2025-06-06 14:48:47,646 - INFO - 已处理: /Users/xiongaox/Downloads/Cursor_test/TextCorrection/正五行择日/4.论三煞_以及兼向煞.srt
2025-06-06 14:48:47,649 - INFO - 已处理: /Users/xiongaox/Downloads/Cursor_test/TextCorrection/正五行择日/33.修灶安灶择日方法揭秘.srt
2025-06-06 14:48:47,654 - INFO - 已处理: /Users/xiongaox/Downloads/Cursor_test/TextCorrection/正五行择日/6.论山方煞_修山修方都要避开.srt
2025-06-06 14:48:47,662 - INFO - 已处理: /Users/xiongaox/Downloads/Cursor_test/TextCorrection/正五行择日/21.风水择日的具体操作方法和作业.srt
2025-06-06 14:48:47,664 - INFO - 已处理: /Users/xiongaox/Downloads/Cursor_test/TextCorrection/正五行择日/16.论重丧日和剑锋煞的用法.srt
2025-06-06 14:48:47,666 - INFO - 已处理: /Users/xiongaox/Downloads/Cursor_test/TextCorrection/正五行择日/10.论文曲煞_修山修方都要忌讳.srt
2025-06-06 14:48:47,668 - INFO - 已处理: /Users/xiongaox/Downloads/Cursor_test/TextCorrection/正五行择日/2.干支五行生克基础知识介绍.srt
2025-06-06 14:48:47,669 - INFO - 已处理: /Users/xiongaox/Downloads/Cursor_test/TextCorrection/正五行择日/22.什么是罗天大退_如何使用.srt
2025-06-06 14:48:47,672 - INFO - 已处理: /Users/xiongaox/Downloads/Cursor_test/TextCorrection/正五行择日/17.论贵人登天时推算方法以及用法.srt
2025-06-06 14:48:47,675 - INFO - 已处理: /Users/xiongaox/Downloads/Cursor_test/TextCorrection/正五行择日/23.庚山甲向择日作业讲解.srt
2025-06-06 14:48:47,678 - INFO - 已处理: /Users/xiongaox/Downloads/Cursor_test/TextCorrection/正五行择日/9.学习克山运的推算方法_重点知识.srt
2025-06-06 14:48:47,682 - INFO - 已处理: /Users/xiongaox/Downloads/Cursor_test/TextCorrection/正五行择日/24.婚嫁择日的方法.srt
2025-06-06 14:48:47,694 - INFO - 已处理: /Users/xiongaox/Downloads/Cursor_test/TextCorrection/正五行择日/34.搬家入宅如何择日.srt
2025-06-06 14:48:47,698 - INFO - 已处理: /Users/xiongaox/Downloads/Cursor_test/TextCorrection/正五行择日/1.什么是择日_目前有哪些择日方法.srt
2025-06-06 14:48:47,699 - INFO - 已处理: /Users/xiongaox/Downloads/Cursor_test/TextCorrection/正五行择日/27.日课如何催科甲.srt
2025-06-06 14:48:47,703 - INFO - 已处理: /Users/xiongaox/Downloads/Cursor_test/TextCorrection/正五行择日/20.论太阳与太阴到山到向的推法和用法.srt
2025-06-06 14:48:47,705 - INFO - 已处理: /Users/xiongaox/Downloads/Cursor_test/TextCorrection/正五行择日/5.什么是阴府_如何制阴府.srt
2025-06-06 14:48:47,709 - INFO - 已处理: /Users/xiongaox/Downloads/Cursor_test/TextCorrection/正五行择日/3.贵人禄马三合长生口诀.srt
2025-06-06 14:48:47,717 - INFO - 已处理: /Users/xiongaox/Downloads/Cursor_test/TextCorrection/催官篇/23.亥龙可以立哪些向.srt
2025-06-06 14:48:47,722 - INFO - 已处理: /Users/xiongaox/Downloads/Cursor_test/TextCorrection/催官篇/25.辛龙可以定哪些向_附贫单绝秘法.srt
2025-06-06 14:48:47,727 - INFO - 已处理: /Users/xiongaox/Downloads/Cursor_test/TextCorrection/催官篇/1.催官篇讲了什么_天皇龙最催官.srt
2025-06-06 14:48:47,740 - INFO - 已处理: /Users/xiongaox/Downloads/Cursor_test/TextCorrection/催官篇/7.什么是测来龙和入首（手）龙.srt
2025-06-06 14:48:47,746 - INFO - 已处理: /Users/xiongaox/Downloads/Cursor_test/TextCorrection/催官篇/11.净阴净阳之法_应该如何使用.srt
2025-06-06 14:48:47,750 - INFO - 已处理: /Users/xiongaox/Downloads/Cursor_test/TextCorrection/催官篇/12.催贵关键在于砂_论壬子癸龙的吉凶.srt
2025-06-06 14:48:47,753 - INFO - 已处理: /Users/xiongaox/Downloads/Cursor_test/TextCorrection/催官篇/5.三吉六秀方以及归元风水做法揭秘.srt
2025-06-06 14:48:47,757 - INFO - 已处理: /Users/xiongaox/Downloads/Cursor_test/TextCorrection/催官篇/21.判断是生旺龙还是病死龙的方法.srt
2025-06-06 14:48:47,760 - INFO - 已处理: /Users/xiongaox/Downloads/Cursor_test/TextCorrection/催官篇/24.艮龙可以定哪些向.srt
2025-06-06 14:48:47,762 - INFO - 已处理: /Users/xiongaox/Downloads/Cursor_test/TextCorrection/催官篇/29.丁龙应该立什么向比较好一些.srt
2025-06-06 14:48:47,765 - INFO - 已处理: /Users/xiongaox/Downloads/Cursor_test/TextCorrection/催官篇/16.来龙不喜驳杂_如何理解净阴净阳.srt
2025-06-06 14:48:47,770 - INFO - 已处理: /Users/xiongaox/Downloads/Cursor_test/TextCorrection/催官篇/19.论亥_艮龙兼左右的吉凶.srt
2025-06-06 14:48:47,783 - INFO - 已处理: /Users/xiongaox/Downloads/Cursor_test/TextCorrection/催官篇/28.庚龙应该立什么向.srt
2025-06-06 14:48:47,801 - INFO - 已处理: /Users/xiongaox/Downloads/Cursor_test/TextCorrection/催官篇/22.来龙最后一课_对龙诀看法的总结.srt
2025-06-06 14:48:47,807 - INFO - 已处理: /Users/xiongaox/Downloads/Cursor_test/TextCorrection/催官篇/3.四神八将能催贵_赦文见水消百灾.srt
2025-06-06 14:48:47,812 - INFO - 已处理: /Users/xiongaox/Downloads/Cursor_test/TextCorrection/金刚经/3.何为我相_人相_众生相_寿者相.srt
2025-06-06 14:48:47,816 - INFO - 已处理: /Users/xiongaox/Downloads/Cursor_test/TextCorrection/金刚经/1.佛陀的日常生活是怎样的.srt
2025-06-06 14:48:47,822 - INFO - 已处理: /Users/xiongaox/Downloads/Cursor_test/TextCorrection/金刚经/8.为什么说所谓佛法_既非佛法.srt
2025-06-06 14:48:47,827 - INFO - 已处理: /Users/xiongaox/Downloads/Cursor_test/TextCorrection/金刚经/10.什么是清净心_如何才可以生清净心.srt
2025-06-06 14:48:47,834 - INFO - 已处理: /Users/xiongaox/Downloads/Cursor_test/TextCorrection/金刚经/13.佛陀为这部经命名.srt
2025-06-06 14:48:47,841 - INFO - 已处理: /Users/xiongaox/Downloads/Cursor_test/TextCorrection/金刚经/11.如何做才能积累大福德.srt
2025-06-06 14:48:47,848 - INFO - 已处理: /Users/xiongaox/Downloads/Cursor_test/TextCorrection/金刚经/9.什么是罗汉_何为阿罗汉.srt
2025-06-06 14:48:47,860 - INFO - 已处理: /Users/xiongaox/Downloads/Cursor_test/TextCorrection/金刚经/14.离相寂灭分_离一切相_得一切法.srt
2025-06-06 14:48:47,869 - INFO - 已处理: /Users/xiongaox/Downloads/Cursor_test/TextCorrection/金刚经/15.持经功德分_受持解说的功德极大.srt
2025-06-06 14:48:47,876 - INFO - 已处理: /Users/xiongaox/Downloads/Cursor_test/TextCorrection/金刚经/16.能净业障分_为什么学佛了依然不顺.srt
2025-06-06 14:48:47,881 - INFO - 已处理: /Users/xiongaox/Downloads/Cursor_test/TextCorrection/金刚经/5.如何理解若见诸相非相则见如来.srt
2025-06-06 14:48:47,888 - INFO - 已处理: /Users/xiongaox/Downloads/Cursor_test/TextCorrection/金刚经/7.如何理解一切贤圣_皆以无为法而有差别.srt
2025-06-06 14:48:47,893 - INFO - 已处理: /Users/xiongaox/Downloads/Cursor_test/TextCorrection/金刚经/2.须菩提向佛陀提问_如何降服其心.srt
2025-06-06 14:48:47,904 - INFO - 已处理: /Users/xiongaox/Downloads/Cursor_test/TextCorrection/金刚经/6.什么是正法_象法_末法.srt
2025-06-06 14:48:47,909 - INFO - 已处理: /Users/xiongaox/Downloads/Cursor_test/TextCorrection/金刚经/4.修行佛法_应该这样修行才可以.srt
2025-06-06 14:48:47,914 - INFO - 已处理: /Users/xiongaox/Downloads/Cursor_test/TextCorrection/雪心赋/41.如何观察山水之动静.srt
2025-06-06 14:48:47,919 - INFO - 已处理: /Users/xiongaox/Downloads/Cursor_test/TextCorrection/雪心赋/4.葬乘生气_脉认来龙.srt
2025-06-06 14:48:47,922 - INFO - 已处理: /Users/xiongaox/Downloads/Cursor_test/TextCorrection/雪心赋/37.当峦头和理气冲突的时候_如何取舍.srt
2025-06-06 14:48:47,926 - INFO - 已处理: /Users/xiongaox/Downloads/Cursor_test/TextCorrection/雪心赋/66.呼形喝象的看法【第三讲】.srt
2025-06-06 14:48:47,929 - INFO - 已处理: /Users/xiongaox/Downloads/Cursor_test/TextCorrection/雪心赋/58.有些地看似吉实则凶_而有些看似凶实则吉.srt
2025-06-06 14:48:47,939 - INFO - 已处理: /Users/xiongaox/Downloads/Cursor_test/TextCorrection/雪心赋/26.如何看脉_何为鹤膝蜂腰.srt
2025-06-06 14:48:47,944 - INFO - 已处理: /Users/xiongaox/Downloads/Cursor_test/TextCorrection/雪心赋/45.点穴一定要有脉_且要正而不斜.srt
2025-06-06 14:48:47,948 - INFO - 已处理: /Users/xiongaox/Downloads/Cursor_test/TextCorrection/雪心赋/42.明堂如掌心_家中斗万金.srt
2025-06-06 14:48:47,954 - INFO - 已处理: /Users/xiongaox/Downloads/Cursor_test/TextCorrection/雪心赋/76.阳宅风水_水口关系最大_直接影响祸福.srt
2025-06-06 14:48:47,971 - INFO - 已处理: /Users/xiongaox/Downloads/Cursor_test/TextCorrection/雪心赋/59.什么是八风吹_八门缺.srt
2025-06-06 14:48:47,973 - INFO - 已处理: /Users/xiongaox/Downloads/Cursor_test/TextCorrection/雪心赋/28.点穴最怕选在气绝之地.srt
2025-06-06 14:48:47,976 - INFO - 已处理: /Users/xiongaox/Downloads/Cursor_test/TextCorrection/雪心赋/49.穴前喜见曲折水_高低要适宜.srt
2025-06-06 14:48:47,979 - INFO - 已处理: /Users/xiongaox/Downloads/Cursor_test/TextCorrection/雪心赋/8.祖宗耸拔者_子孙必贵.srt
2025-06-06 14:48:47,984 - INFO - 已处理: /Users/xiongaox/Downloads/Cursor_test/TextCorrection/雪心赋/20.水口砂非常重要_如何去看.srt
2025-06-06 14:48:47,990 - INFO - 已处理: /Users/xiongaox/Downloads/Cursor_test/TextCorrection/雪心赋/60.砂水若凶_不论在什么方位都是凶的.srt
2025-06-06 14:48:47,998 - INFO - 已处理: /Users/xiongaox/Downloads/Cursor_test/TextCorrection/雪心赋/1.什么是雪心赋_为什么要学习它.srt
2025-06-06 14:48:48,006 - INFO - 已处理: /Users/xiongaox/Downloads/Cursor_test/TextCorrection/雪心赋/6.登山看水口_入穴看明堂.srt
2025-06-06 14:48:48,011 - INFO - 已处理: /Users/xiongaox/Downloads/Cursor_test/TextCorrection/雪心赋/38.寻龙点穴一定要仔细看缓急.srt
2025-06-06 14:48:48,019 - INFO - 已处理: /Users/xiongaox/Downloads/Cursor_test/TextCorrection/雪心赋/50.虽然穴吉_如果葬凶也会大败.srt
2025-06-06 14:48:48,023 - INFO - 已处理: /Users/xiongaox/Downloads/Cursor_test/TextCorrection/雪心赋/30.穴贵龙虎起峰_要有唇襦兜气.srt
2025-06-06 14:48:48,026 - INFO - 已处理: /Users/xiongaox/Downloads/Cursor_test/TextCorrection/雪心赋/67.呼形喝象点穴之法【第四讲】.srt
2025-06-06 14:48:48,030 - INFO - 已处理: /Users/xiongaox/Downloads/Cursor_test/TextCorrection/雪心赋/16.五行山峰_都会出什么人才.srt
2025-06-06 14:48:48,036 - INFO - 已处理: /Users/xiongaox/Downloads/Cursor_test/TextCorrection/雪心赋/61.出官贵的风水_如何断贵穴.srt
2025-06-06 14:48:48,039 - INFO - 已处理: /Users/xiongaox/Downloads/Cursor_test/TextCorrection/雪心赋/57.看风水要注意这些问题_不可犯.srt
2025-06-06 14:48:48,045 - INFO - 已处理: /Users/xiongaox/Downloads/Cursor_test/TextCorrection/雪心赋/11.要明山水分合以及向背.srt
2025-06-06 14:48:48,047 - INFO - 已处理: /Users/xiongaox/Downloads/Cursor_test/TextCorrection/雪心赋/44.前方没有案山_或案山不吉_怎么办.srt
2025-06-06 14:48:48,055 - INFO - 已处理: /Users/xiongaox/Downloads/Cursor_test/TextCorrection/雪心赋/17.何为贵龙与贱龙_如何分辨.srt
2025-06-06 14:48:48,059 - INFO - 已处理: /Users/xiongaox/Downloads/Cursor_test/TextCorrection/雪心赋/15.金清土浊_火燥水柔.srt
2025-06-06 14:48:48,066 - INFO - 已处理: /Users/xiongaox/Downloads/Cursor_test/TextCorrection/雪心赋/65.论呼形喝象的看法【第二讲】.srt
2025-06-06 14:48:48,070 - INFO - 已处理: /Users/xiongaox/Downloads/Cursor_test/TextCorrection/雪心赋/56.论水口之重要性.srt
2025-06-06 14:48:48,080 - INFO - 已处理: /Users/xiongaox/Downloads/Cursor_test/TextCorrection/雪心赋/77.尽信书不如无书_该如何学习风水.srt
2025-06-06 14:48:48,088 - INFO - 已处理: /Users/xiongaox/Downloads/Cursor_test/TextCorrection/雪心赋/14.星峰以剥换为贵_应该如何去看剥换.srt
2025-06-06 14:48:48,094 - INFO - 已处理: /Users/xiongaox/Downloads/Cursor_test/TextCorrection/雪心赋/3.胎息孕育_变化无穷.srt
2025-06-06 14:48:48,097 - INFO - 已处理: /Users/xiongaox/Downloads/Cursor_test/TextCorrection/雪心赋/5.阴阳顺逆_需用心去看.srt
2025-06-06 14:48:48,102 - INFO - 已处理: /Users/xiongaox/Downloads/Cursor_test/TextCorrection/雪心赋/36.看山水就和看人一样_点穴心法.srt
2025-06-06 14:48:48,104 - INFO - 已处理: /Users/xiongaox/Downloads/Cursor_test/TextCorrection/雪心赋/31.如何判断砂的吉凶好坏.srt
2025-06-06 14:48:48,107 - INFO - 已处理: /Users/xiongaox/Downloads/Cursor_test/TextCorrection/雪心赋/71.点穴要避开这些问题才可以.srt
2025-06-06 14:48:48,113 - INFO - 已处理: /Users/xiongaox/Downloads/Cursor_test/TextCorrection/雪心赋/7.作穴须趋吉而避凶.srt
2025-06-06 14:48:48,121 - INFO - 已处理: /Users/xiongaox/Downloads/Cursor_test/TextCorrection/雪心赋/72.看风水要有主次之分_应该怎么去看.srt
2025-06-06 14:48:48,127 - INFO - 已处理: /Users/xiongaox/Downloads/Cursor_test/TextCorrection/雪心赋/24.平阳之地如何点穴.srt
2025-06-06 14:48:48,129 - INFO - 已处理: /Users/xiongaox/Downloads/Cursor_test/TextCorrection/雪心赋/43.如何趋吉避凶_眼不见为净.srt
2025-06-06 14:48:48,132 - INFO - 已处理: /Users/xiongaox/Downloads/Cursor_test/TextCorrection/雪心赋/34.有龙无虎_有虎无龙之地的看法.srt
2025-06-06 14:48:48,136 - INFO - 已处理: /Users/xiongaox/Downloads/Cursor_test/TextCorrection/雪心赋/68.如何理解盖粘倚撞_吞吐沉浮.srt
2025-06-06 14:48:48,139 - INFO - 已处理: /Users/xiongaox/Downloads/Cursor_test/TextCorrection/雪心赋/53.要学好风水_必须多验证仙迹.srt
2025-06-06 14:48:48,147 - INFO - 已处理: /Users/xiongaox/Downloads/Cursor_test/TextCorrection/雪心赋/25.案山在风水中的重要性.srt
2025-06-06 14:48:48,155 - INFO - 已处理: /Users/xiongaox/Downloads/Cursor_test/TextCorrection/雪心赋/63.论来龙之贵气_辨富贵吉凶.srt
2025-06-06 14:48:48,163 - INFO - 已处理: /Users/xiongaox/Downloads/Cursor_test/TextCorrection/雪心赋/9.降服伏虎_前呼后应之看法.srt
2025-06-06 14:48:48,166 - INFO - 已处理: /Users/xiongaox/Downloads/Cursor_test/TextCorrection/雪心赋/12.看风水切莫管中窥豹_缘木求鱼.srt
2025-06-06 14:48:48,185 - INFO - 已处理: /Users/xiongaox/Downloads/Cursor_test/TextCorrection/面相知识/9.面相何为三停_如何根据三停看何时会走好运.srt
2025-06-06 14:48:48,190 - INFO - 已处理: /Users/xiongaox/Downloads/Cursor_test/TextCorrection/面相知识/4.如何看女人是否有福气.srt
2025-06-06 14:48:48,207 - INFO - 已处理: /Users/xiongaox/Downloads/Cursor_test/TextCorrection/面相知识/6.如何看印堂吉凶.srt
2025-06-06 14:48:48,210 - INFO - 已处理: /Users/xiongaox/Downloads/Cursor_test/TextCorrection/地理五诀/02.五行总论_认识五行.srt
2025-06-06 14:48:48,218 - INFO - 已处理: /Users/xiongaox/Downloads/Cursor_test/TextCorrection/地理五诀/18.何为五常_龙穴砂水向的意义.srt
2025-06-06 14:48:48,225 - INFO - 已处理: /Users/xiongaox/Downloads/Cursor_test/TextCorrection/地理五诀/43.龙虎要有情_相斗不可用.srt
2025-06-06 14:48:48,228 - INFO - 已处理: /Users/xiongaox/Downloads/Cursor_test/TextCorrection/地理五诀/75.平洋穴论_平洋之地如何看.srt
2025-06-06 14:48:48,234 - INFO - 已处理: /Users/xiongaox/Downloads/Cursor_test/TextCorrection/地理五诀/74.山地平洋总论_山地风水和平洋的区别.srt
2025-06-06 14:48:48,237 - INFO - 已处理: /Users/xiongaox/Downloads/Cursor_test/TextCorrection/地理五诀/52.各种贵人的用法_催贵催财的做法.srt
2025-06-06 14:48:48,241 - INFO - 已处理: /Users/xiongaox/Downloads/Cursor_test/TextCorrection/地理五诀/23.寻龙易晓诀_如何寻到真龙.srt
2025-06-06 14:48:48,244 - INFO - 已处理: /Users/xiongaox/Downloads/Cursor_test/TextCorrection/地理五诀/32.学习提问答疑.srt
2025-06-06 14:48:48,247 - INFO - 已处理: /Users/xiongaox/Downloads/Cursor_test/TextCorrection/地理五诀/77.平洋风水富贵丁寿催旺之法.srt
2025-06-06 14:48:48,249 - INFO - 已处理: /Users/xiongaox/Downloads/Cursor_test/TextCorrection/地理五诀/05.借马法与借禄同_禄马同位.srt
2025-06-06 14:48:48,255 - INFO - 已处理: /Users/xiongaox/Downloads/Cursor_test/TextCorrection/地理五诀/20.地有十恶不善_哪些风水大凶（上）.srt
2025-06-06 14:48:48,257 - INFO - 已处理: /Users/xiongaox/Downloads/Cursor_test/TextCorrection/地理五诀/44.穴要有护卫_不可犯吹胎.srt
2025-06-06 14:48:48,259 - INFO - 已处理: /Users/xiongaox/Downloads/Cursor_test/TextCorrection/地理五诀/70.仓板水_簸进水_入口水_缠玄武水_九曲水_田源水的看法.srt
2025-06-06 14:48:48,262 - INFO - 已处理: /Users/xiongaox/Downloads/Cursor_test/TextCorrection/地理五诀/24.谈谈自己对四大局水口断来龙旺衰的看法.srt
2025-06-06 14:48:48,269 - INFO - 已处理: /Users/xiongaox/Downloads/Cursor_test/TextCorrection/地理五诀/10.什么是罗盘以及分金用法.srt
2025-06-06 14:48:48,271 - INFO - 已处理: /Users/xiongaox/Downloads/Cursor_test/TextCorrection/地理五诀/03.玄关同窍_龙向水合.srt
2025-06-06 14:48:48,283 - INFO - 已处理: /Users/xiongaox/Downloads/Cursor_test/TextCorrection/地理五诀/39.金星山如何结穴_有哪些含义.srt
2025-06-06 14:48:48,285 - INFO - 已处理: /Users/xiongaox/Downloads/Cursor_test/TextCorrection/地理五诀/12.八山总论_八个方位有山会如何.srt
2025-06-06 14:48:48,288 - INFO - 已处理: /Users/xiongaox/Downloads/Cursor_test/TextCorrection/地理五诀/50.木星贵人_如果布催贵局.srt
2025-06-06 14:48:48,295 - INFO - 已处理: /Users/xiongaox/Downloads/Cursor_test/TextCorrection/地理五诀/08.三吉六秀以及催官贵人.srt
2025-06-06 14:48:48,300 - INFO - 已处理: /Users/xiongaox/Downloads/Cursor_test/TextCorrection/地理五诀/13.学地理入门法_如何学习风水.srt
2025-06-06 14:48:48,303 - INFO - 已处理: /Users/xiongaox/Downloads/Cursor_test/TextCorrection/地理五诀/28.什么是骑龙诀_如何去使用.srt
2025-06-06 14:48:48,305 - INFO - 已处理: /Users/xiongaox/Downloads/Cursor_test/TextCorrection/地理五诀/68.暗拱水_朝拜水_聚天心说法讲解.srt
2025-06-06 14:48:48,308 - INFO - 已处理: /Users/xiongaox/Downloads/Cursor_test/TextCorrection/地理五诀/11.风水论_八风吉凶断法.srt
2025-06-06 14:48:48,311 - INFO - 已处理: /Users/xiongaox/Downloads/Cursor_test/TextCorrection/地理五诀/35.风水学习答疑.srt
2025-06-06 14:48:48,322 - INFO - 已处理: /Users/xiongaox/Downloads/Cursor_test/TextCorrection/地理五诀/34.如何学习风水_古人说了六法.srt
2025-06-06 14:48:48,325 - INFO - 已处理: /Users/xiongaox/Downloads/Cursor_test/TextCorrection/地理五诀/33.穴诀_如何点穴.srt
2025-06-06 14:48:48,328 - INFO - 已处理: /Users/xiongaox/Downloads/Cursor_test/TextCorrection/地理五诀/14.覆验旧茔法_如何看阴宅风水.srt
2025-06-06 14:48:48,332 - INFO - 已处理: /Users/xiongaox/Downloads/Cursor_test/TextCorrection/地理五诀/63.吉凶砂形图41-48山形图讲解.srt
2025-06-06 14:48:48,338 - INFO - 已处理: /Users/xiongaox/Downloads/Cursor_test/TextCorrection/地理五诀/56.朝拜砂_如何看风水地运的长短.srt
2025-06-06 14:48:48,344 - INFO - 已处理: /Users/xiongaox/Downloads/Cursor_test/TextCorrection/地理五诀/26.如何通过肉眼看龙脉的吉凶.srt
2025-06-06 14:48:48,346 - INFO - 已处理: /Users/xiongaox/Downloads/Cursor_test/TextCorrection/地理五诀/71.扑面水_冲心水_牵牛水等凶水讲解.srt
2025-06-06 14:48:48,349 - INFO - 已处理: /Users/xiongaox/Downloads/Cursor_test/TextCorrection/地理五诀/29.金木水火四大局龙水格.srt
2025-06-06 14:48:48,365 - INFO - 已处理: /Users/xiongaox/Downloads/Cursor_test/TextCorrection/地理五诀/57.罗星砂_如何看出文官还是武将.srt
2025-06-06 14:48:48,371 - INFO - 已处理: /Users/xiongaox/Downloads/Cursor_test/TextCorrection/地理五诀/80.平洋风水_左右高压损丁寿.srt
2025-06-06 14:48:48,375 - INFO - 已处理: /Users/xiongaox/Downloads/Cursor_test/TextCorrection/地理五诀/09.十二长生水法口诀.srt
2025-06-06 14:48:48,378 - INFO - 已处理: /Users/xiongaox/Downloads/Cursor_test/TextCorrection/地理五诀/36.木星如何结穴.srt
2025-06-06 14:48:48,384 - INFO - 已处理: /Users/xiongaox/Downloads/Cursor_test/TextCorrection/地理五诀/01.先认识地理五诀.srt
2025-06-06 14:48:48,390 - INFO - 已处理: /Users/xiongaox/Downloads/Cursor_test/TextCorrection/地理五诀/48.八宿借库法_如何运用.srt
2025-06-06 14:48:48,399 - INFO - 已处理: /Users/xiongaox/Downloads/Cursor_test/TextCorrection/葬书/24.【山形论】通过山形来看吉凶.srt
2025-06-06 14:48:48,402 - INFO - 已处理: /Users/xiongaox/Downloads/Cursor_test/TextCorrection/葬书/06.【方法论】为何得水为上.srt
2025-06-06 14:48:48,410 - INFO - 已处理: /Users/xiongaox/Downloads/Cursor_test/TextCorrection/葬书/04.【风水论】第四讲.srt
2025-06-06 14:48:48,419 - INFO - 已处理: /Users/xiongaox/Downloads/Cursor_test/TextCorrection/葬书/11.【乘气论】点穴秘诀.srt
2025-06-06 14:48:48,421 - INFO - 已处理: /Users/xiongaox/Downloads/Cursor_test/TextCorrection/葬书/23.【山形论】如何从山形看吉凶.srt
2025-06-06 14:48:48,425 - INFO - 已处理: /Users/xiongaox/Downloads/Cursor_test/TextCorrection/葬书/17.【吉葬论】见水则龙止.srt
2025-06-06 14:48:48,428 - INFO - 已处理: /Users/xiongaox/Downloads/Cursor_test/TextCorrection/葬书/13.【万乘论】好风水是什么样的.srt
2025-06-06 14:48:48,433 - INFO - 已处理: /Users/xiongaox/Downloads/Cursor_test/TextCorrection/葬书/25.【四势论】方位学.srt
2025-06-06 14:48:48,439 - INFO - 已处理: /Users/xiongaox/Downloads/Cursor_test/TextCorrection/葬书/01.【生气论】第一讲.srt
2025-06-06 14:48:48,443 - INFO - 已处理: /Users/xiongaox/Downloads/Cursor_test/TextCorrection/葬书/07.【方法论】气如何体现.srt
2025-06-06 14:48:48,445 - INFO - 已处理: /Users/xiongaox/Downloads/Cursor_test/TextCorrection/葬书/03.【生气论】第三讲.srt
2025-06-06 14:48:48,456 - INFO - 文件类型统计:
2025-06-06 14:48:48,456 - INFO -   .srt (SRT字幕文件): 534 个文件
2025-06-06 14:48:48,456 - INFO - 替换词使用统计:
2025-06-06 14:48:48,456 - INFO -   '哈' 被替换了 465 次
2025-06-06 14:48:48,456 - INFO -   '石柱' 被替换了 166 次
2025-06-06 14:48:48,456 - INFO -   '三官' 被替换了 146 次
2025-06-06 14:48:48,456 - INFO -   '继承' 被替换了 94 次
2025-06-06 14:48:48,456 - INFO -   '根金' 被替换了 64 次
2025-06-06 14:48:48,456 - INFO -   '根筋' 被替换了 52 次
2025-06-06 14:48:48,456 - INFO -   '物土' 被替换了 31 次
2025-06-06 14:48:48,456 - INFO -   '观杀' 被替换了 9 次
2025-06-06 14:48:48,456 - INFO -   '造图' 被替换了 4 次
2025-06-06 14:48:48,456 - INFO -   '热图' 被替换了 3 次
2025-06-06 14:48:48,456 - INFO -   '重旺' 被替换了 2 次
2025-06-06 14:48:48,456 - INFO -   '有金' 被替换了 1 次
2025-06-06 14:48:48,457 - INFO - 共删除 6 行空内容行
2025-06-06 14:48:48,457 - INFO - 处理完成! 总计: 534 文件, 修改: 329 文件, 处理出错: 0 文件
