2025-06-06 10:56:26,637 - INFO - 多格式文本处理程序启动
2025-06-06 10:56:26,638 - INFO - 将处理当前目录: /Users/xiongaox/Downloads/0命理学/【李双林】易学音频/0606srt
2025-06-06 10:56:26,638 - INFO - 支持的文件格式:
2025-06-06 10:56:26,638 - INFO -   .lrc - LRC歌词文件
2025-06-06 10:56:26,638 - INFO -   .txt - 纯文本文件
2025-06-06 10:56:26,638 - INFO -   .srt - SRT字幕文件
2025-06-06 10:56:26,638 - INFO -   .ass - ASS字幕文件
2025-06-06 10:56:26,638 - INFO -   .ssa - SSA字幕文件
2025-06-06 10:56:26,638 - INFO -   .vtt - WebVTT字幕文件
2025-06-06 10:56:26,638 - INFO - 加载了 113 个替换规则
2025-06-06 10:56:26,638 - INFO - 开始处理目录: /Users/xiongaox/Downloads/0命理学/【李双林】易学音频/0606srt
2025-06-06 10:56:26,638 - INFO - 支持的文件格式: .lrc, .txt, .srt, .ass, .ssa, .vtt
2025-06-06 10:56:26,920 - INFO - 已处理: /Users/xiongaox/Downloads/0命理学/【李双林】易学音频/0606srt/八字命理/110.乾造：甲戌_丁丑_己酉_壬申.srt
2025-06-06 10:56:26,965 - INFO - 已处理: /Users/xiongaox/Downloads/0命理学/【李双林】易学音频/0606srt/八字命理/112.乾造：甲戌_丁丑_戊戌_丁巳.srt
2025-06-06 10:56:27,024 - INFO - 已处理: /Users/xiongaox/Downloads/0命理学/【李双林】易学音频/0606srt/八字命理/119.坤造：戊申_壬戌_戊午_癸亥.srt
2025-06-06 10:56:27,067 - INFO - 已处理: /Users/xiongaox/Downloads/0命理学/【李双林】易学音频/0606srt/八字命理/054.乾造：壬戌_辛亥_己亥_乙丑.srt
2025-06-06 10:56:27,129 - INFO - 已处理: /Users/xiongaox/Downloads/0命理学/【李双林】易学音频/0606srt/八字命理/020.乾造：丙子_戊戌_甲辰_乙丑.srt
2025-06-06 10:56:27,213 - INFO - 已处理: /Users/xiongaox/Downloads/0命理学/【李双林】易学音频/0606srt/八字命理/055.坤造：壬戌_乙巳_庚子_丙子.srt
2025-06-06 10:56:27,284 - INFO - 已处理: /Users/xiongaox/Downloads/0命理学/【李双林】易学音频/0606srt/八字命理/081.坤造：己巳_辛未_己丑_辛未.srt
2025-06-06 10:56:27,462 - INFO - 已处理: /Users/xiongaox/Downloads/0命理学/【李双林】易学音频/0606srt/八字命理/018.乾造：丁巳_辛亥_己丑_甲戌.srt
2025-06-06 10:56:27,489 - INFO - 已处理: /Users/xiongaox/Downloads/0命理学/【李双林】易学音频/0606srt/八字命理/107.坤造：庚申_丙戌_癸酉_戊午.srt
2025-06-06 10:56:28,273 - INFO - 文件类型统计:
2025-06-06 10:56:28,273 - INFO -   .srt (SRT字幕文件): 534 个文件
2025-06-06 10:56:28,273 - INFO - 替换词使用统计:
2025-06-06 10:56:28,273 - INFO -   '乾兆' 被替换了 5 次
2025-06-06 10:56:28,273 - INFO -   '坤兆' 被替换了 4 次
2025-06-06 10:56:28,273 - INFO - 处理完成! 总计: 534 文件, 修改: 9 文件, 处理出错: 0 文件
