2025-06-06 10:55:29,444 - INFO - 多格式文本处理程序启动
2025-06-06 10:55:29,445 - INFO - 将处理当前目录: /Users/xiongaox/Downloads/0命理学/【李双林】易学音频/0606srt
2025-06-06 10:55:29,445 - INFO - 支持的文件格式:
2025-06-06 10:55:29,445 - INFO -   .lrc - LRC歌词文件
2025-06-06 10:55:29,445 - INFO -   .txt - 纯文本文件
2025-06-06 10:55:29,445 - INFO -   .srt - SRT字幕文件
2025-06-06 10:55:29,445 - INFO -   .ass - ASS字幕文件
2025-06-06 10:55:29,445 - INFO -   .ssa - SSA字幕文件
2025-06-06 10:55:29,445 - INFO -   .vtt - WebVTT字幕文件
2025-06-06 10:55:29,445 - INFO - 加载了 111 个替换规则
2025-06-06 10:55:29,445 - INFO - 开始处理目录: /Users/xiongaox/Downloads/0命理学/【李双林】易学音频/0606srt
2025-06-06 10:55:29,445 - INFO - 支持的文件格式: .lrc, .txt, .srt, .ass, .ssa, .vtt
2025-06-06 10:55:29,482 - INFO - 已处理: /Users/xiongaox/Downloads/0命理学/【李双林】易学音频/0606srt/风水直断/4.如何看家中会出腿脚残疾之人.srt
2025-06-06 10:55:29,497 - INFO - 已处理: /Users/xiongaox/Downloads/0命理学/【李双林】易学音频/0606srt/风水直断/9.会导致婚姻不利_夫妻分离的风水.srt
2025-06-06 10:55:29,501 - INFO - 已处理: /Users/xiongaox/Downloads/0命理学/【李双林】易学音频/0606srt/风水直断/30.容易导致肾病的风水.srt
2025-06-06 10:55:29,530 - INFO - 已处理: /Users/xiongaox/Downloads/0命理学/【李双林】易学音频/0606srt/天星风水/11.辅星水法以及三合水法的用法.srt
2025-06-06 10:55:29,535 - INFO - 已处理: /Users/xiongaox/Downloads/0命理学/【李双林】易学音频/0606srt/天星风水/4.认识三元龙_以及运用方法.srt
2025-06-06 10:55:29,543 - INFO - 已处理: /Users/xiongaox/Downloads/0命理学/【李双林】易学音频/0606srt/天星风水/12.天星阳宅法_真八宅的用法.srt
2025-06-06 10:55:29,548 - INFO - 已处理: /Users/xiongaox/Downloads/0命理学/【李双林】易学音频/0606srt/天星风水/2.学习五行以及生克之理.srt
2025-06-06 10:55:29,554 - INFO - 已处理: /Users/xiongaox/Downloads/0命理学/【李双林】易学音频/0606srt/天星风水/5.简述什么是河图洛书以及先后天八卦.srt
2025-06-06 10:55:29,557 - INFO - 已处理: /Users/xiongaox/Downloads/0命理学/【李双林】易学音频/0606srt/天星风水/8.揭秘下罗盘的秘诀.srt
2025-06-06 10:55:29,560 - INFO - 已处理: /Users/xiongaox/Downloads/0命理学/【李双林】易学音频/0606srt/阳宅风水/16.书房的风水讲究.srt
2025-06-06 10:55:29,572 - INFO - 已处理: /Users/xiongaox/Downloads/0命理学/【李双林】易学音频/0606srt/阳宅风水/11.楼梯的风水禁忌.srt
2025-06-06 10:55:29,587 - INFO - 已处理: /Users/xiongaox/Downloads/0命理学/【李双林】易学音频/0606srt/阳宅风水/8.宅的外形影响吉凶.srt
2025-06-06 10:55:29,589 - INFO - 已处理: /Users/xiongaox/Downloads/0命理学/【李双林】易学音频/0606srt/阳宅风水/10.房屋安床的注意事项.srt
2025-06-06 10:55:29,592 - INFO - 已处理: /Users/xiongaox/Downloads/0命理学/【李双林】易学音频/0606srt/阳宅风水/1.阳宅风水的核心思想.srt
2025-06-06 10:55:29,597 - INFO - 已处理: /Users/xiongaox/Downloads/0命理学/【李双林】易学音频/0606srt/奇门遁甲/6.九宫的象义有哪些.srt
2025-06-06 10:55:29,598 - INFO - 已处理: /Users/xiongaox/Downloads/0命理学/【李双林】易学音频/0606srt/奇门遁甲/20.测官司诉讼的方法.srt
2025-06-06 10:55:29,600 - INFO - 已处理: /Users/xiongaox/Downloads/0命理学/【李双林】易学音频/0606srt/奇门遁甲/4.八门的象义讲解.srt
2025-06-06 10:55:29,603 - INFO - 已处理: /Users/xiongaox/Downloads/0命理学/【李双林】易学音频/0606srt/奇门遁甲/2.十二地支的象义讲解.srt
2025-06-06 10:55:29,604 - INFO - 已处理: /Users/xiongaox/Downloads/0命理学/【李双林】易学音频/0606srt/奇门遁甲/8.测疾病健康的经验.srt
2025-06-06 10:55:29,606 - INFO - 已处理: /Users/xiongaox/Downloads/0命理学/【李双林】易学音频/0606srt/奇门遁甲/12.凶格有哪些.srt
2025-06-06 10:55:29,609 - INFO - 已处理: /Users/xiongaox/Downloads/0命理学/【李双林】易学音频/0606srt/奇门遁甲/14.空亡的用法和作用.srt
2025-06-06 10:55:29,611 - INFO - 已处理: /Users/xiongaox/Downloads/0命理学/【李双林】易学音频/0606srt/奇门遁甲/9.测经营求财的经验.srt
2025-06-06 10:55:29,615 - INFO - 已处理: /Users/xiongaox/Downloads/0命理学/【李双林】易学音频/0606srt/奇门遁甲/15.测风水的一些经验.srt
2025-06-06 10:55:29,616 - INFO - 已处理: /Users/xiongaox/Downloads/0命理学/【李双林】易学音频/0606srt/奇门遁甲/19.测失物的一般方法.srt
2025-06-06 10:55:29,622 - INFO - 已处理: /Users/xiongaox/Downloads/0命理学/【李双林】易学音频/0606srt/奇门遁甲/16.测恋爱婚姻的一般方法.srt
2025-06-06 10:55:29,624 - INFO - 已处理: /Users/xiongaox/Downloads/0命理学/【李双林】易学音频/0606srt/奇门遁甲/17.测疾病的方法.srt
2025-06-06 10:55:29,626 - INFO - 已处理: /Users/xiongaox/Downloads/0命理学/【李双林】易学音频/0606srt/奇门遁甲/18.测工作的方法.srt
2025-06-06 10:55:29,629 - INFO - 已处理: /Users/xiongaox/Downloads/0命理学/【李双林】易学音频/0606srt/奇门遁甲/13.学习的经验之谈.srt
2025-06-06 10:55:29,631 - INFO - 已处理: /Users/xiongaox/Downloads/0命理学/【李双林】易学音频/0606srt/奇门遁甲/3.九星的象义讲解.srt
2025-06-06 10:55:29,633 - INFO - 已处理: /Users/xiongaox/Downloads/0命理学/【李双林】易学音频/0606srt/奇门遁甲/11.吉格有哪些.srt
2025-06-06 10:55:29,635 - INFO - 已处理: /Users/xiongaox/Downloads/0命理学/【李双林】易学音频/0606srt/金锁玉关/2.坤卦：住宅西南方之风水看法.srt
2025-06-06 10:55:29,637 - INFO - 已处理: /Users/xiongaox/Downloads/0命理学/【李双林】易学音频/0606srt/金锁玉关/3.震卦：住宅东方的风水看法_东方有水好不好.srt
2025-06-06 10:55:29,640 - INFO - 已处理: /Users/xiongaox/Downloads/0命理学/【李双林】易学音频/0606srt/金锁玉关/4.巽卦：住宅东南方有山好还是有水好呢.srt
2025-06-06 10:55:29,642 - INFO - 已处理: /Users/xiongaox/Downloads/0命理学/【李双林】易学音频/0606srt/金锁玉关/8.离卦：南方主发文才_这个方位喜见水还是砂.srt
2025-06-06 10:55:29,644 - INFO - 已处理: /Users/xiongaox/Downloads/0命理学/【李双林】易学音频/0606srt/金锁玉关/5.乾卦：住宅西北方的风水_是喜欢高起还是低矮呢.srt
2025-06-06 10:55:29,646 - INFO - 已处理: /Users/xiongaox/Downloads/0命理学/【李双林】易学音频/0606srt/金锁玉关/7.艮卦：东北方关系子孙多寡_没有男丁赶快检查一下这个方位.srt
2025-06-06 10:55:29,653 - INFO - 已处理: /Users/xiongaox/Downloads/0命理学/【李双林】易学音频/0606srt/八字命理/067.坤造：己巳_乙亥_壬辰_壬寅.srt
2025-06-06 10:55:29,660 - INFO - 已处理: /Users/xiongaox/Downloads/0命理学/【李双林】易学音频/0606srt/八字命理/084.乾造：戊寅_乙卯_丁巳_辛亥.srt
2025-06-06 10:55:29,663 - INFO - 已处理: /Users/xiongaox/Downloads/0命理学/【李双林】易学音频/0606srt/八字命理/038.乾造：乙亥_壬午_戊辰_壬戌.srt
2025-06-06 10:55:29,667 - INFO - 已处理: /Users/xiongaox/Downloads/0命理学/【李双林】易学音频/0606srt/八字命理/047.坤造：乙亥_丁亥_乙巳_丙戌.srt
2025-06-06 10:55:29,671 - INFO - 已处理: /Users/xiongaox/Downloads/0命理学/【李双林】易学音频/0606srt/八字命理/008.乾造：丁卯_丙午_甲辰_己巳.srt
2025-06-06 10:55:29,674 - INFO - 已处理: /Users/xiongaox/Downloads/0命理学/【李双林】易学音频/0606srt/八字命理/059.坤造：壬申_癸卯_庚戌_丙子.srt
2025-06-06 10:55:29,687 - INFO - 已处理: /Users/xiongaox/Downloads/0命理学/【李双林】易学音频/0606srt/八字命理/023.坤造：丁卯_癸卯_丁卯_己酉.srt
2025-06-06 10:55:29,692 - INFO - 已处理: /Users/xiongaox/Downloads/0命理学/【李双林】易学音频/0606srt/八字命理/041.坤造：乙丑_癸未_辛酉_甲午.srt
2025-06-06 10:55:29,700 - INFO - 已处理: /Users/xiongaox/Downloads/0命理学/【李双林】易学音频/0606srt/八字命理/156.坤造：辛未_庚寅_丁巳_甲辰.srt
2025-06-06 10:55:29,704 - INFO - 已处理: /Users/xiongaox/Downloads/0命理学/【李双林】易学音频/0606srt/八字命理/151.坤造：癸酉_辛酉_辛酉_壬辰.srt
2025-06-06 10:55:29,708 - INFO - 已处理: /Users/xiongaox/Downloads/0命理学/【李双林】易学音频/0606srt/八字命理/138.坤造：甲子_乙亥_丁未_丁未.srt
2025-06-06 10:55:29,712 - INFO - 已处理: /Users/xiongaox/Downloads/0命理学/【李双林】易学音频/0606srt/八字命理/004.乾造：丁丑_庚戌_己丑_癸酉.srt
2025-06-06 10:55:29,723 - INFO - 已处理: /Users/xiongaox/Downloads/0命理学/【李双林】易学音频/0606srt/八字命理/104.乾造：王申_乙巳_辛丑_丁酉.srt
2025-06-06 10:55:29,727 - INFO - 已处理: /Users/xiongaox/Downloads/0命理学/【李双林】易学音频/0606srt/八字命理/086.乾造：戊辰_丁巳_己卯_壬申.srt
2025-06-06 10:55:29,731 - INFO - 已处理: /Users/xiongaox/Downloads/0命理学/【李双林】易学音频/0606srt/八字命理/025.坤造：丁巳_庚戌_辛酉_甲午.srt
2025-06-06 10:55:29,735 - INFO - 已处理: /Users/xiongaox/Downloads/0命理学/【李双林】易学音频/0606srt/八字命理/148.坤造：癸酉_壬戌_庚午_丙子.srt
2025-06-06 10:55:29,738 - INFO - 已处理: /Users/xiongaox/Downloads/0命理学/【李双林】易学音频/0606srt/八字命理/011.坤造：丁卯_壬寅_丁亥_癸卯.srt
2025-06-06 10:55:29,742 - INFO - 已处理: /Users/xiongaox/Downloads/0命理学/【李双林】易学音频/0606srt/八字命理/022.乾造：丙寅_辛丑_己未_丁卯.srt
2025-06-06 10:55:29,756 - INFO - 已处理: /Users/xiongaox/Downloads/0命理学/【李双林】易学音频/0606srt/八字命理/132.坤造：戊辰_戊午_癸巳_壬子.srt
2025-06-06 10:55:29,765 - INFO - 已处理: /Users/xiongaox/Downloads/0命理学/【李双林】易学音频/0606srt/八字命理/112.乾造：甲戌_丁丑_戊戌_丁巳.srt
2025-06-06 10:55:29,770 - INFO - 已处理: /Users/xiongaox/Downloads/0命理学/【李双林】易学音频/0606srt/八字命理/130.乾造：辛未_辛卯_乙巳_戊寅.srt
2025-06-06 10:55:29,774 - INFO - 已处理: /Users/xiongaox/Downloads/0命理学/【李双林】易学音频/0606srt/八字命理/153.坤造：辛未_己亥_丙申_壬辰.srt
2025-06-06 10:55:29,791 - INFO - 已处理: /Users/xiongaox/Downloads/0命理学/【李双林】易学音频/0606srt/八字命理/024.乾造：丙寅_辛丑_戊寅_甲寅.srt
2025-06-06 10:55:29,798 - INFO - 已处理: /Users/xiongaox/Downloads/0命理学/【李双林】易学音频/0606srt/八字命理/026.乾造：乙丑_乙酉_丁丑_己酉.srt
2025-06-06 10:55:29,802 - INFO - 已处理: /Users/xiongaox/Downloads/0命理学/【李双林】易学音频/0606srt/八字命理/074.乾造：庚午_丙戌_甲子_癸酉.srt
2025-06-06 10:55:29,807 - INFO - 已处理: /Users/xiongaox/Downloads/0命理学/【李双林】易学音频/0606srt/八字命理/159.坤造：辛酉_己亥_丁未_丁未.srt
2025-06-06 10:55:29,811 - INFO - 已处理: /Users/xiongaox/Downloads/0命理学/【李双林】易学音频/0606srt/八字命理/032.乾造：乙丑_庚辰_庚子_甲申.srt
2025-06-06 10:55:29,820 - INFO - 已处理: /Users/xiongaox/Downloads/0命理学/【李双林】易学音频/0606srt/八字命理/147.坤造：癸酉_乙卯_丁未_癸卯.srt
2025-06-06 10:55:29,824 - INFO - 已处理: /Users/xiongaox/Downloads/0命理学/【李双林】易学音频/0606srt/八字命理/117.坤造：戊午_壬戌_丙辰_己亥.srt
2025-06-06 10:55:29,835 - INFO - 已处理: /Users/xiongaox/Downloads/0命理学/【李双林】易学音频/0606srt/八字命理/127.坤造：戊辰_己未_乙酉_壬午.srt
2025-06-06 10:55:29,836 - INFO - 已处理: /Users/xiongaox/Downloads/0命理学/【李双林】易学音频/0606srt/八字命理/141.坤造：甲寅_辛未_辛未_癸巳.srt
2025-06-06 10:55:29,839 - INFO - 已处理: /Users/xiongaox/Downloads/0命理学/【李双林】易学音频/0606srt/八字命理/097.坤造：庚午_丁亥_癸未_壬子.srt
2025-06-06 10:55:29,844 - INFO - 已处理: /Users/xiongaox/Downloads/0命理学/【李双林】易学音频/0606srt/八字命理/118.乾造：癸亥_乙卯_丙午_辛卯.srt
2025-06-06 10:55:29,848 - INFO - 已处理: /Users/xiongaox/Downloads/0命理学/【李双林】易学音频/0606srt/八字命理/089.坤造：己未_己巳_辛巳_乙未.srt
2025-06-06 10:55:29,852 - INFO - 已处理: /Users/xiongaox/Downloads/0命理学/【李双林】易学音频/0606srt/八字命理/031.坤造：丙寅_戊戌_壬寅_戊申.srt
2025-06-06 10:55:29,855 - INFO - 已处理: /Users/xiongaox/Downloads/0命理学/【李双林】易学音频/0606srt/八字命理/083.坤造：己巳_辛未_戊戌_癸亥.srt
2025-06-06 10:55:29,859 - INFO - 已处理: /Users/xiongaox/Downloads/0命理学/【李双林】易学音频/0606srt/八字命理/054.乾造：壬戌_辛亥_己亥_乙丑.srt
2025-06-06 10:55:29,862 - INFO - 已处理: /Users/xiongaox/Downloads/0命理学/【李双林】易学音频/0606srt/八字命理/009.坤造：丁卯_丁未_庚午_己卯.srt
2025-06-06 10:55:29,866 - INFO - 已处理: /Users/xiongaox/Downloads/0命理学/【李双林】易学音频/0606srt/八字命理/092.乾造：戊辰_乙丑_己丑_丙寅.srt
2025-06-06 10:55:29,870 - INFO - 已处理: /Users/xiongaox/Downloads/0命理学/【李双林】易学音频/0606srt/八字命理/014.乾造：丁卯_癸丑_丙寅_己亥.srt
2025-06-06 10:55:29,876 - INFO - 已处理: /Users/xiongaox/Downloads/0命理学/【李双林】易学音频/0606srt/八字命理/040.乾造：乙亥_壬午_辛未_甲午.srt
2025-06-06 10:55:29,880 - INFO - 已处理: /Users/xiongaox/Downloads/0命理学/【李双林】易学音频/0606srt/八字命理/108.乾造：甲子_丙寅_己巳_戊辰.srt
2025-06-06 10:55:29,887 - INFO - 已处理: /Users/xiongaox/Downloads/0命理学/【李双林】易学音频/0606srt/八字命理/016.乾造：丁卯_癸卯_丁卯_辛亥.srt
2025-06-06 10:55:29,893 - INFO - 已处理: /Users/xiongaox/Downloads/0命理学/【李双林】易学音频/0606srt/八字命理/082.乾造：戊午_己未_辛卯_辛卯.srt
2025-06-06 10:55:29,904 - INFO - 已处理: /Users/xiongaox/Downloads/0命理学/【李双林】易学音频/0606srt/八字命理/061.坤造：己卯_甲戌_庚戌_乙酉.srt
2025-06-06 10:55:29,907 - INFO - 已处理: /Users/xiongaox/Downloads/0命理学/【李双林】易学音频/0606srt/八字命理/037.坤造：乙丑_壬午_庚辰_壬午.srt
2025-06-06 10:55:29,911 - INFO - 已处理: /Users/xiongaox/Downloads/0命理学/【李双林】易学音频/0606srt/八字命理/123.坤造：戊辰_乙卯_丙戌_癸巳.srt
2025-06-06 10:55:29,916 - INFO - 已处理: /Users/xiongaox/Downloads/0命理学/【李双林】易学音频/0606srt/八字命理/150.坤造：癸酉_癸亥_己未_丙寅.srt
2025-06-06 10:55:29,923 - INFO - 已处理: /Users/xiongaox/Downloads/0命理学/【李双林】易学音频/0606srt/八字命理/006.乾造：丁卯_丁未_己巳_壬申.srt
2025-06-06 10:55:29,935 - INFO - 已处理: /Users/xiongaox/Downloads/0命理学/【李双林】易学音频/0606srt/八字命理/007.坤造：丁丑_辛亥_壬申_己酉.srt
2025-06-06 10:55:29,939 - INFO - 已处理: /Users/xiongaox/Downloads/0命理学/【李双林】易学音频/0606srt/八字命理/139.坤造：甲子_癸酉_丙辰_戊子.srt
2025-06-06 10:55:29,944 - INFO - 已处理: /Users/xiongaox/Downloads/0命理学/【李双林】易学音频/0606srt/八字命理/068.乾造：己巳_壬申_庚戌_癸未.srt
2025-06-06 10:55:29,950 - INFO - 已处理: /Users/xiongaox/Downloads/0命理学/【李双林】易学音频/0606srt/八字命理/137.坤造：甲子_丙寅_辛巳_己丑.srt
2025-06-06 10:55:29,953 - INFO - 已处理: /Users/xiongaox/Downloads/0命理学/【李双林】易学音频/0606srt/八字命理/060.乾造：壬申_辛亥_庚子_己卯.srt
2025-06-06 10:55:29,955 - INFO - 已处理: /Users/xiongaox/Downloads/0命理学/【李双林】易学音频/0606srt/八字命理/071.坤造：己巳_己巳_己巳_壬申.srt
2025-06-06 10:55:29,962 - INFO - 已处理: /Users/xiongaox/Downloads/0命理学/【李双林】易学音频/0606srt/八字命理/099.坤造：庚午_戊子_己巳_甲子.srt
2025-06-06 10:55:29,972 - INFO - 已处理: /Users/xiongaox/Downloads/0命理学/【李双林】易学音频/0606srt/八字命理/017.坤造：丁卯_戊申_戊申_甲寅.srt
2025-06-06 10:55:29,977 - INFO - 已处理: /Users/xiongaox/Downloads/0命理学/【李双林】易学音频/0606srt/八字命理/101.坤造：庚午_戊寅_壬寅_癸卯.srt
2025-06-06 10:55:29,981 - INFO - 已处理: /Users/xiongaox/Downloads/0命理学/【李双林】易学音频/0606srt/八字命理/091.坤造：己未_庚午_丙午_壬辰.srt
2025-06-06 10:55:29,983 - INFO - 已处理: /Users/xiongaox/Downloads/0命理学/【李双林】易学音频/0606srt/八字命理/010.乾造：丁卯_壬子_庚子_癸未.srt
2025-06-06 10:55:29,986 - INFO - 已处理: /Users/xiongaox/Downloads/0命理学/【李双林】易学音频/0606srt/八字命理/109.坤造：庚申_己丑_乙西_乙酉.srt
2025-06-06 10:55:29,991 - INFO - 已处理: /Users/xiongaox/Downloads/0命理学/【李双林】易学音频/0606srt/八字命理/049.坤造：乙亥_庚辰_丁丑_丁未.srt
2025-06-06 10:55:29,995 - INFO - 已处理: /Users/xiongaox/Downloads/0命理学/【李双林】易学音频/0606srt/八字命理/100.乾造：戊辰_甲寅_甲寅_丙寅.srt
2025-06-06 10:55:29,999 - INFO - 已处理: /Users/xiongaox/Downloads/0命理学/【李双林】易学音频/0606srt/八字命理/098.乾造：戊辰_甲子_丁未_甲辰.srt
2025-06-06 10:55:30,002 - INFO - 已处理: /Users/xiongaox/Downloads/0命理学/【李双林】易学音频/0606srt/八字命理/126.乾造：辛未_乙未_庚子_辛巳.srt
2025-06-06 10:55:30,011 - INFO - 已处理: /Users/xiongaox/Downloads/0命理学/【李双林】易学音频/0606srt/八字命理/161.坤造：辛酉_戊戌_己丑_丙寅.srt
2025-06-06 10:55:30,022 - INFO - 已处理: /Users/xiongaox/Downloads/0命理学/【李双林】易学音频/0606srt/八字命理/030.乾造：乙丑_己丑_辛亥_壬辰.srt
2025-06-06 10:55:30,027 - INFO - 已处理: /Users/xiongaox/Downloads/0命理学/【李双林】易学音频/0606srt/八字命理/160.坤造：辛酉_戊戌_乙酉_丙戌.srt
2025-06-06 10:55:30,040 - INFO - 已处理: /Users/xiongaox/Downloads/0命理学/【李双林】易学音频/0606srt/八字命理/149.坤造：癸酉_壬戌_甲子_壬申.srt
2025-06-06 10:55:30,045 - INFO - 已处理: /Users/xiongaox/Downloads/0命理学/【李双林】易学音频/0606srt/八字命理/058.乾造：壬申_庚戌_丁亥_乙巳.srt
2025-06-06 10:55:30,051 - INFO - 已处理: /Users/xiongaox/Downloads/0命理学/【李双林】易学音频/0606srt/八字命理/129.坤造：戊辰_庚申_丙午_壬辰.srt
2025-06-06 10:55:30,056 - INFO - 已处理: /Users/xiongaox/Downloads/0命理学/【李双林】易学音频/0606srt/八字命理/133.坤造：戊辰_甲子_乙巳_丁亥.srt
2025-06-06 10:55:30,060 - INFO - 已处理: /Users/xiongaox/Downloads/0命理学/【李双林】易学音频/0606srt/八字命理/158.坤造：辛未_戊戌_庚辰_壬午.srt
2025-06-06 10:55:30,065 - INFO - 已处理: /Users/xiongaox/Downloads/0命理学/【李双林】易学音频/0606srt/八字命理/081.坤造：己巳_辛未_己丑_辛未.srt
2025-06-06 10:55:30,071 - INFO - 已处理: /Users/xiongaox/Downloads/0命理学/【李双林】易学音频/0606srt/八字命理/124.乾造：癸酉_壬戌_己丑_甲子.srt
2025-06-06 10:55:30,076 - INFO - 已处理: /Users/xiongaox/Downloads/0命理学/【李双林】易学音频/0606srt/八字命理/036.乾造：乙亥_乙酉_己未_乙丑.srt
2025-06-06 10:55:30,081 - INFO - 已处理: /Users/xiongaox/Downloads/0命理学/【李双林】易学音频/0606srt/八字命理/095.坤造：己未_辛未_戊子_丁巳.srt
2025-06-06 10:55:30,085 - INFO - 已处理: /Users/xiongaox/Downloads/0命理学/【李双林】易学音频/0606srt/八字命理/103.坤造：庚午_戊寅_辛丑_己丑.srt
2025-06-06 10:55:30,086 - INFO - 已处理: /Users/xiongaox/Downloads/0命理学/【李双林】易学音频/0606srt/八字命理/013.坤造：丁卯_壬寅_辛亥_己丑.srt
2025-06-06 10:55:30,091 - INFO - 已处理: /Users/xiongaox/Downloads/0命理学/【李双林】易学音频/0606srt/八字命理/034.乾造：乙亥_乙酉_乙巳_丁亥.srt
2025-06-06 10:55:30,095 - INFO - 已处理: /Users/xiongaox/Downloads/0命理学/【李双林】易学音频/0606srt/八字命理/121.坤造：戊辰_乙丑_甲午_丙寅.srt
2025-06-06 10:55:30,106 - INFO - 已处理: /Users/xiongaox/Downloads/0命理学/【李双林】易学音频/0606srt/八字命理/012.乾造：丁卯_戊申_癸丑_戊午.srt
2025-06-06 10:55:30,157 - INFO - 已处理: /Users/xiongaox/Downloads/0命理学/【李双林】易学音频/0606srt/八字命理/154.坤造：辛未_己亥_辛亥_丙申.srt
2025-06-06 10:55:30,178 - INFO - 已处理: /Users/xiongaox/Downloads/0命理学/【李双林】易学音频/0606srt/八字命理/066.乾造：己巳_乙亥_辛巳_庚寅.srt
2025-06-06 10:55:30,186 - INFO - 已处理: /Users/xiongaox/Downloads/0命理学/【李双林】易学音频/0606srt/八字命理/062.乾造：己巳_丁卯_丁丑_癸卯.srt
2025-06-06 10:55:30,194 - INFO - 已处理: /Users/xiongaox/Downloads/0命理学/【李双林】易学音频/0606srt/八字命理/088.乾造：戊辰_丁巳_庚寅_戊寅.srt
2025-06-06 10:55:30,204 - INFO - 已处理: /Users/xiongaox/Downloads/0命理学/【李双林】易学音频/0606srt/八字命理/019.坤造：丁卯_癸丑_甲申_丙寅.srt
2025-06-06 10:55:30,212 - INFO - 已处理: /Users/xiongaox/Downloads/0命理学/【李双林】易学音频/0606srt/八字命理/015.坤造：丁卯_戊申_庚子_壬午.srt
2025-06-06 10:55:30,216 - INFO - 已处理: /Users/xiongaox/Downloads/0命理学/【李双林】易学音频/0606srt/八字命理/070.乾造：己巳_戊辰_甲寅_戊辰.srt
2025-06-06 10:55:30,224 - INFO - 已处理: /Users/xiongaox/Downloads/0命理学/【李双林】易学音频/0606srt/八字命理/131.坤造：戊辰_庚申_己酉_庚午.srt
2025-06-06 10:55:30,228 - INFO - 已处理: /Users/xiongaox/Downloads/0命理学/【李双林】易学音频/0606srt/八字命理/021.坤造：丁卯_癸丑_辛酉_己亥.srt
2025-06-06 10:55:30,235 - INFO - 已处理: /Users/xiongaox/Downloads/0命理学/【李双林】易学音频/0606srt/八字命理/053.坤造：乙亥_癸未_甲子_甲戌.srt
2025-06-06 10:55:30,248 - INFO - 已处理: /Users/xiongaox/Downloads/0命理学/【李双林】易学音频/0606srt/八字命理/106.乾造：甲子_丙子_甲申_戊辰.srt
2025-06-06 10:55:30,255 - INFO - 已处理: /Users/xiongaox/Downloads/0命理学/【李双林】易学音频/0606srt/八字命理/085.坤造：己未_丁丑_丁酉_丙午.srt
2025-06-06 10:55:30,259 - INFO - 已处理: /Users/xiongaox/Downloads/0命理学/【李双林】易学音频/0606srt/八字命理/045.坤造：乙亥_丁亥_丁未_乙巳.srt
2025-06-06 10:55:30,264 - INFO - 已处理: /Users/xiongaox/Downloads/0命理学/【李双林】易学音频/0606srt/八字命理/044.乾造：乙卯_己卯_甲寅_癸酉.srt
2025-06-06 10:55:30,267 - INFO - 已处理: /Users/xiongaox/Downloads/0命理学/【李双林】易学音频/0606srt/八字命理/079.坤造：己巳_辛未_丙申_己丑.srt
2025-06-06 10:55:30,276 - INFO - 已处理: /Users/xiongaox/Downloads/0命理学/【李双林】易学音频/0606srt/八字命理/128.乾造：辛未_辛丑_辛巳_丁酉.srt
2025-06-06 10:55:30,282 - INFO - 已处理: /Users/xiongaox/Downloads/0命理学/【李双林】易学音频/0606srt/八字命理/155.坤造：辛未_庚子_丙子_丁酉.srt
2025-06-06 10:55:30,286 - INFO - 已处理: /Users/xiongaox/Downloads/0命理学/【李双林】易学音频/0606srt/八字命理/145.坤造：癸丑_乙卯_乙丑_庚辰.srt
2025-06-06 10:55:30,305 - INFO - 已处理: /Users/xiongaox/Downloads/0命理学/【李双林】易学音频/0606srt/八字命理/043.坤造：乙丑_辛巳_辛未_癸巳.srt
2025-06-06 10:55:30,320 - INFO - 已处理: /Users/xiongaox/Downloads/0命理学/【李双林】易学音频/0606srt/八字命理/065.坤造：己巳_丁卯_癸巳_乙卯.srt
2025-06-06 10:55:30,323 - INFO - 已处理: /Users/xiongaox/Downloads/0命理学/【李双林】易学音频/0606srt/八字命理/107.坤造：庚申_丙戌_癸酉_戊午.srt
2025-06-06 10:55:30,328 - INFO - 已处理: /Users/xiongaox/Downloads/0命理学/【李双林】易学音频/0606srt/八字命理/002.乾造：辛酉_乙未_辛亥_己亥.srt
2025-06-06 10:55:30,332 - INFO - 已处理: /Users/xiongaox/Downloads/0命理学/【李双林】易学音频/0606srt/八字命理/051.坤造：乙亥_癸未_壬寅_丁未.srt
2025-06-06 10:55:30,336 - INFO - 已处理: /Users/xiongaox/Downloads/0命理学/【李双林】易学音频/0606srt/八字命理/039.坤造：乙丑_癸未_甲寅_戊辰.srt
2025-06-06 10:55:30,360 - INFO - 已处理: /Users/xiongaox/Downloads/0命理学/【李双林】易学音频/0606srt/正五行择日/2.干支五行生克基础知识介绍.srt
2025-06-06 10:55:30,363 - INFO - 已处理: /Users/xiongaox/Downloads/0命理学/【李双林】易学音频/0606srt/正五行择日/17.论贵人登天时推算方法以及用法.srt
2025-06-06 10:55:30,369 - INFO - 已处理: /Users/xiongaox/Downloads/0命理学/【李双林】易学音频/0606srt/正五行择日/9.学习克山运的推算方法_重点知识.srt
2025-06-06 10:55:30,397 - INFO - 已处理: /Users/xiongaox/Downloads/0命理学/【李双林】易学音频/0606srt/正五行择日/13.论天地遭火日_时辰最忌.srt
2025-06-06 10:55:30,416 - INFO - 已处理: /Users/xiongaox/Downloads/0命理学/【李双林】易学音频/0606srt/催官篇/1.催官篇讲了什么_天皇龙最催官.srt
2025-06-06 10:55:30,429 - INFO - 已处理: /Users/xiongaox/Downloads/0命理学/【李双林】易学音频/0606srt/催官篇/10.丑未方来龙主出僧道.srt
2025-06-06 10:55:30,443 - INFO - 已处理: /Users/xiongaox/Downloads/0命理学/【李双林】易学音频/0606srt/催官篇/21.判断是生旺龙还是病死龙的方法.srt
2025-06-06 10:55:30,445 - INFO - 已处理: /Users/xiongaox/Downloads/0命理学/【李双林】易学音频/0606srt/催官篇/24.艮龙可以定哪些向.srt
2025-06-06 10:55:30,457 - INFO - 已处理: /Users/xiongaox/Downloads/0命理学/【李双林】易学音频/0606srt/催官篇/20.如何看脉从什么方位来的_很重要.srt
2025-06-06 10:55:30,467 - INFO - 已处理: /Users/xiongaox/Downloads/0命理学/【李双林】易学音频/0606srt/催官篇/13.易损人丁_伤子孙的坎龙.srt
2025-06-06 10:55:30,471 - INFO - 已处理: /Users/xiongaox/Downloads/0命理学/【李双林】易学音频/0606srt/催官篇/27.卯方来龙可以定哪些向_兼向秘诀.srt
2025-06-06 10:55:30,474 - INFO - 已处理: /Users/xiongaox/Downloads/0命理学/【李双林】易学音频/0606srt/催官篇/6.巽水一勺可救贫_揭露风水秘中秘.srt
2025-06-06 10:55:30,642 - INFO - 已处理: /Users/xiongaox/Downloads/0命理学/【李双林】易学音频/0606srt/雪心赋/49.穴前喜见曲折水_高低要适宜.srt
2025-06-06 10:55:30,668 - INFO - 已处理: /Users/xiongaox/Downloads/0命理学/【李双林】易学音频/0606srt/雪心赋/27.逆水之龙贵不可言.srt
2025-06-06 10:55:30,693 - INFO - 已处理: /Users/xiongaox/Downloads/0命理学/【李双林】易学音频/0606srt/雪心赋/16.五行山峰_都会出什么人才.srt
2025-06-06 10:55:30,699 - INFO - 已处理: /Users/xiongaox/Downloads/0命理学/【李双林】易学音频/0606srt/雪心赋/61.出官贵的风水_如何断贵穴.srt
2025-06-06 10:55:30,719 - INFO - 已处理: /Users/xiongaox/Downloads/0命理学/【李双林】易学音频/0606srt/雪心赋/15.金清土浊_火燥水柔.srt
2025-06-06 10:55:30,755 - INFO - 已处理: /Users/xiongaox/Downloads/0命理学/【李双林】易学音频/0606srt/雪心赋/5.阴阳顺逆_需用心去看.srt
2025-06-06 10:55:30,829 - INFO - 已处理: /Users/xiongaox/Downloads/0命理学/【李双林】易学音频/0606srt/雪心赋/48.过峡处要有护卫_方能为贵.srt
2025-06-06 10:55:30,849 - INFO - 已处理: /Users/xiongaox/Downloads/0命理学/【李双林】易学音频/0606srt/面相知识/11.面相十二宫的看法_如何自查运势好坏.srt
2025-06-06 10:55:30,858 - INFO - 已处理: /Users/xiongaox/Downloads/0命理学/【李双林】易学音频/0606srt/地理五诀/02.五行总论_认识五行.srt
2025-06-06 10:55:30,891 - INFO - 已处理: /Users/xiongaox/Downloads/0命理学/【李双林】易学音频/0606srt/地理五诀/32.学习提问答疑.srt
2025-06-06 10:55:30,930 - INFO - 已处理: /Users/xiongaox/Downloads/0命理学/【李双林】易学音频/0606srt/地理五诀/50.木星贵人_如果布催贵局.srt
2025-06-06 10:55:30,931 - INFO - 已处理: /Users/xiongaox/Downloads/0命理学/【李双林】易学音频/0606srt/地理五诀/61.吉凶砂形图25-32山形图讲解.srt
2025-06-06 10:55:30,958 - INFO - 已处理: /Users/xiongaox/Downloads/0命理学/【李双林】易学音频/0606srt/地理五诀/40.水星山如何结穴_怎么去看.srt
2025-06-06 10:55:30,978 - INFO - 已处理: /Users/xiongaox/Downloads/0命理学/【李双林】易学音频/0606srt/地理五诀/31.如何看龙脉的富贵贫贱之法.srt
2025-06-06 10:55:30,990 - INFO - 已处理: /Users/xiongaox/Downloads/0命理学/【李双林】易学音频/0606srt/地理五诀/51.论火土金水贵人砂.srt
2025-06-06 10:55:30,994 - INFO - 已处理: /Users/xiongaox/Downloads/0命理学/【李双林】易学音频/0606srt/地理五诀/55.天马砂_催官催富最快的风水.srt
2025-06-06 10:55:30,998 - INFO - 已处理: /Users/xiongaox/Downloads/0命理学/【李双林】易学音频/0606srt/地理五诀/04.论八方天马方位.srt
2025-06-06 10:55:31,011 - INFO - 已处理: /Users/xiongaox/Downloads/0命理学/【李双林】易学音频/0606srt/地理五诀/36.木星如何结穴.srt
2025-06-06 10:55:31,017 - INFO - 已处理: /Users/xiongaox/Downloads/0命理学/【李双林】易学音频/0606srt/地理五诀/01.先认识地理五诀.srt
2025-06-06 10:55:31,031 - INFO - 已处理: /Users/xiongaox/Downloads/0命理学/【李双林】易学音频/0606srt/葬书/24.【山形论】通过山形来看吉凶.srt
2025-06-06 10:55:31,080 - INFO - 文件类型统计:
2025-06-06 10:55:31,080 - INFO -   .srt (SRT字幕文件): 534 个文件
2025-06-06 10:55:31,080 - INFO - 替换词使用统计:
2025-06-06 10:55:31,080 - INFO -   '工位' 被替换了 289 次
2025-06-06 10:55:31,080 - INFO -   '以木' 被替换了 94 次
2025-06-06 10:55:31,080 - INFO -   '位土' 被替换了 90 次
2025-06-06 10:55:31,080 - INFO -   '位图' 被替换了 56 次
2025-06-06 10:55:31,080 - INFO -   '雾土' 被替换了 49 次
2025-06-06 10:55:31,080 - INFO -   '银幕' 被替换了 24 次
2025-06-06 10:55:31,080 - INFO -   '胃土' 被替换了 16 次
2025-06-06 10:55:31,080 - INFO -   '虚图' 被替换了 8 次
2025-06-06 10:55:31,080 - INFO -   '需土' 被替换了 2 次
2025-06-06 10:55:31,080 - INFO -   '洗金' 被替换了 1 次
2025-06-06 10:55:31,080 - INFO -   '备客' 被替换了 1 次
2025-06-06 10:55:31,080 - INFO - 处理完成! 总计: 534 文件, 修改: 174 文件, 处理出错: 0 文件
