2025-07-01 17:45:50,500 - INFO - 多格式文本处理程序启动
2025-07-01 17:45:50,500 - INFO - 将处理当前目录: /Users/xiongaox/Downloads/Cursor_test/TextCorrection
2025-07-01 17:45:50,500 - INFO - 支持的文件格式:
2025-07-01 17:45:50,500 - INFO -   .lrc - LRC歌词文件
2025-07-01 17:45:50,500 - INFO -   .txt - 纯文本文件
2025-07-01 17:45:50,500 - INFO -   .srt - SRT字幕文件
2025-07-01 17:45:50,500 - INFO -   .ass - ASS字幕文件
2025-07-01 17:45:50,501 - INFO -   .ssa - SSA字幕文件
2025-07-01 17:45:50,501 - INFO -   .vtt - WebVTT字幕文件
2025-07-01 17:45:50,501 - INFO - 加载了 153 个替换规则
2025-07-01 17:45:50,501 - INFO - 开始处理目录: /Users/xiongaox/Downloads/Cursor_test/TextCorrection
2025-07-01 17:45:50,501 - INFO - 支持的文件格式: .lrc, .txt, .srt, .ass, .ssa, .vtt
2025-07-01 17:45:50,505 - INFO - 已处理: /Users/xiongaox/Downloads/Cursor_test/TextCorrection/风水直断/12.容易引发牢狱官非的风水组合.srt
2025-07-01 17:45:50,507 - INFO - 已处理: /Users/xiongaox/Downloads/Cursor_test/TextCorrection/风水直断/10.容易导致交通事故的风水有哪些.srt
2025-07-01 17:45:50,510 - INFO - 已处理: /Users/xiongaox/Downloads/Cursor_test/TextCorrection/风水直断/13.会导致成为绝房的风水格局有哪些.srt
2025-07-01 17:45:50,512 - INFO - 已处理: /Users/xiongaox/Downloads/Cursor_test/TextCorrection/风水直断/5.会导致脱发_秃头的风水.srt
2025-07-01 17:45:50,518 - INFO - 已处理: /Users/xiongaox/Downloads/Cursor_test/TextCorrection/风水直断/22.会出修行人的风水有哪些.srt
2025-07-01 17:45:50,527 - INFO - 已处理: /Users/xiongaox/Downloads/Cursor_test/TextCorrection/风水直断/20.会使家人长寿的风水有哪些.srt
2025-07-01 17:45:50,536 - INFO - 已处理: /Users/xiongaox/Downloads/Cursor_test/TextCorrection/风水直断/29.哪些风水会出官贵之人.srt
2025-07-01 17:45:50,545 - INFO - 已处理: /Users/xiongaox/Downloads/Cursor_test/TextCorrection/风水直断/4.如何看家中会出腿脚残疾之人.srt
2025-07-01 17:45:50,553 - INFO - 已处理: /Users/xiongaox/Downloads/Cursor_test/TextCorrection/风水直断/23.会出奸诈小人的风水.srt
2025-07-01 17:45:50,555 - INFO - 已处理: /Users/xiongaox/Downloads/Cursor_test/TextCorrection/风水直断/14.会导致婚姻不顺的风水有哪些.srt
2025-07-01 17:45:50,557 - INFO - 已处理: /Users/xiongaox/Downloads/Cursor_test/TextCorrection/风水直断/1.如何看易出瞎子的风水.srt
2025-07-01 17:45:50,559 - INFO - 已处理: /Users/xiongaox/Downloads/Cursor_test/TextCorrection/风水直断/26.会导致子女得肝病的风水.srt
2025-07-01 17:45:50,561 - INFO - 已处理: /Users/xiongaox/Downloads/Cursor_test/TextCorrection/风水直断/18.会导致家人寿命不齐的风水.srt
2025-07-01 17:45:50,565 - INFO - 已处理: /Users/xiongaox/Downloads/Cursor_test/TextCorrection/风水直断/27.真龙穴应该怎么去验证.srt
2025-07-01 17:45:50,567 - INFO - 已处理: /Users/xiongaox/Downloads/Cursor_test/TextCorrection/风水直断/25.会导致后人一代不如一代的风水.srt
2025-07-01 17:45:50,568 - INFO - 已处理: /Users/xiongaox/Downloads/Cursor_test/TextCorrection/风水直断/30.容易导致肾病的风水.srt
2025-07-01 17:45:50,595 - INFO - 已处理: /Users/xiongaox/Downloads/Cursor_test/TextCorrection/阳明心学/5.何为尽心知性.srt
2025-07-01 17:45:50,603 - INFO - 已处理: /Users/xiongaox/Downloads/Cursor_test/TextCorrection/天星风水/9.地母翻卦掌的推算方法.srt
2025-07-01 17:45:50,625 - INFO - 已处理: /Users/xiongaox/Downloads/Cursor_test/TextCorrection/天星风水/3.认识24山_什么是正针_中针_缝针.srt
2025-07-01 17:45:50,628 - INFO - 已处理: /Users/xiongaox/Downloads/Cursor_test/TextCorrection/天星风水/2.学习五行以及生克之理.srt
2025-07-01 17:45:50,632 - INFO - 已处理: /Users/xiongaox/Downloads/Cursor_test/TextCorrection/天星风水/7.风水分房法_以及兼向的问题.srt
2025-07-01 17:45:50,639 - INFO - 已处理: /Users/xiongaox/Downloads/Cursor_test/TextCorrection/天星风水/8.揭秘下罗盘的秘诀.srt
2025-07-01 17:45:50,641 - INFO - 已处理: /Users/xiongaox/Downloads/Cursor_test/TextCorrection/阳宅风水/15.磨子在风水中有什么作用.srt
2025-07-01 17:45:50,643 - INFO - 已处理: /Users/xiongaox/Downloads/Cursor_test/TextCorrection/阳宅风水/16.书房的风水讲究.srt
2025-07-01 17:45:50,647 - INFO - 已处理: /Users/xiongaox/Downloads/Cursor_test/TextCorrection/阳宅风水/5.宅的形状非常重要_决定吉凶.srt
2025-07-01 17:45:50,649 - INFO - 已处理: /Users/xiongaox/Downloads/Cursor_test/TextCorrection/阳宅风水/12.水井看法_要注意哪些问题.srt
2025-07-01 17:45:50,652 - INFO - 已处理: /Users/xiongaox/Downloads/Cursor_test/TextCorrection/阳宅风水/9.正确的立向之法_不得不知.srt
2025-07-01 17:45:50,654 - INFO - 已处理: /Users/xiongaox/Downloads/Cursor_test/TextCorrection/阳宅风水/7.住房形状也会影响吉凶_这些房子不吉.srt
2025-07-01 17:45:50,656 - INFO - 已处理: /Users/xiongaox/Downloads/Cursor_test/TextCorrection/阳宅风水/18.看住房风水的心得分享.srt
2025-07-01 17:45:50,659 - INFO - 已处理: /Users/xiongaox/Downloads/Cursor_test/TextCorrection/阳宅风水/11.楼梯的风水禁忌.srt
2025-07-01 17:45:50,662 - INFO - 已处理: /Users/xiongaox/Downloads/Cursor_test/TextCorrection/阳宅风水/2.想要人丁兴旺_必须要有龙气.srt
2025-07-01 17:45:50,665 - INFO - 已处理: /Users/xiongaox/Downloads/Cursor_test/TextCorrection/阳宅风水/4.地基风水选择要点.srt
2025-07-01 17:45:50,667 - INFO - 已处理: /Users/xiongaox/Downloads/Cursor_test/TextCorrection/阳宅风水/6.宅的形状该如何选择_以及墙砖颜色选择.srt
2025-07-01 17:45:50,669 - INFO - 已处理: /Users/xiongaox/Downloads/Cursor_test/TextCorrection/阳宅风水/17.学校和寺庙的风水看法.srt
2025-07-01 17:45:50,671 - INFO - 已处理: /Users/xiongaox/Downloads/Cursor_test/TextCorrection/阳宅风水/14.假山的风水看法.srt
2025-07-01 17:45:50,674 - INFO - 已处理: /Users/xiongaox/Downloads/Cursor_test/TextCorrection/阳宅风水/13.屋子旁边修建水池要注意什么.srt
2025-07-01 17:45:50,684 - INFO - 已处理: /Users/xiongaox/Downloads/Cursor_test/TextCorrection/阳宅风水/1.阳宅风水的核心思想.srt
2025-07-01 17:45:50,686 - INFO - 已处理: /Users/xiongaox/Downloads/Cursor_test/TextCorrection/阳宅风水/3.堂局管财_学习发财的风水要点.srt
2025-07-01 17:45:50,689 - INFO - 已处理: /Users/xiongaox/Downloads/Cursor_test/TextCorrection/奇门遁甲/6.九宫的象义有哪些.srt
2025-07-01 17:45:50,690 - INFO - 已处理: /Users/xiongaox/Downloads/Cursor_test/TextCorrection/奇门遁甲/20.测官司诉讼的方法.srt
2025-07-01 17:45:50,699 - INFO - 已处理: /Users/xiongaox/Downloads/Cursor_test/TextCorrection/奇门遁甲/12.凶格有哪些.srt
2025-07-01 17:45:50,742 - INFO - 已处理: /Users/xiongaox/Downloads/Cursor_test/TextCorrection/奇门遁甲/14.空亡的用法和作用.srt
2025-07-01 17:45:50,757 - INFO - 已处理: /Users/xiongaox/Downloads/Cursor_test/TextCorrection/奇门遁甲/7.如何测个人状态性格如何.srt
2025-07-01 17:45:50,761 - INFO - 已处理: /Users/xiongaox/Downloads/Cursor_test/TextCorrection/奇门遁甲/15.测风水的一些经验.srt
2025-07-01 17:45:50,763 - INFO - 已处理: /Users/xiongaox/Downloads/Cursor_test/TextCorrection/奇门遁甲/19.测失物的一般方法.srt
2025-07-01 17:45:50,767 - INFO - 已处理: /Users/xiongaox/Downloads/Cursor_test/TextCorrection/奇门遁甲/1.三奇六仪的象义有哪些.srt
2025-07-01 17:45:50,770 - INFO - 已处理: /Users/xiongaox/Downloads/Cursor_test/TextCorrection/奇门遁甲/16.测恋爱婚姻的一般方法.srt
2025-07-01 17:45:50,776 - INFO - 已处理: /Users/xiongaox/Downloads/Cursor_test/TextCorrection/奇门遁甲/18.测工作的方法.srt
2025-07-01 17:45:50,787 - INFO - 已处理: /Users/xiongaox/Downloads/Cursor_test/TextCorrection/奇门遁甲/11.吉格有哪些.srt
2025-07-01 17:45:50,791 - INFO - 已处理: /Users/xiongaox/Downloads/Cursor_test/TextCorrection/金锁玉关/3.震卦：住宅东方的风水看法_东方有水好不好.srt
2025-07-01 17:45:50,795 - INFO - 已处理: /Users/xiongaox/Downloads/Cursor_test/TextCorrection/金锁玉关/4.巽卦：住宅东南方有山好还是有水好呢.srt
2025-07-01 17:45:50,797 - INFO - 已处理: /Users/xiongaox/Downloads/Cursor_test/TextCorrection/金锁玉关/8.离卦：南方主发文才_这个方位喜见水还是砂.srt
2025-07-01 17:45:50,804 - INFO - 已处理: /Users/xiongaox/Downloads/Cursor_test/TextCorrection/金锁玉关/6.兑卦：住宅西方风水讲究_桃花旺一般和他有关系.srt
2025-07-01 17:45:50,809 - INFO - 已处理: /Users/xiongaox/Downloads/Cursor_test/TextCorrection/八字命理/067.坤造：己巳_乙亥_壬辰_壬寅.srt
2025-07-01 17:45:50,812 - INFO - 已处理: /Users/xiongaox/Downloads/Cursor_test/TextCorrection/八字命理/069.坤造：己巳_己巳_乙酉_己卯.srt
2025-07-01 17:45:50,821 - INFO - 已处理: /Users/xiongaox/Downloads/Cursor_test/TextCorrection/八字命理/038.乾造：乙亥_壬午_戊辰_壬戌.srt
2025-07-01 17:45:50,826 - INFO - 已处理: /Users/xiongaox/Downloads/Cursor_test/TextCorrection/八字命理/047.坤造：乙亥_丁亥_乙巳_丙戌.srt
2025-07-01 17:45:50,831 - INFO - 已处理: /Users/xiongaox/Downloads/Cursor_test/TextCorrection/八字命理/008.乾造：丁卯_丙午_甲辰_己巳.srt
2025-07-01 17:45:50,835 - INFO - 已处理: /Users/xiongaox/Downloads/Cursor_test/TextCorrection/八字命理/059.坤造：壬申_癸卯_庚戌_丙子.srt
2025-07-01 17:45:50,841 - INFO - 已处理: /Users/xiongaox/Downloads/Cursor_test/TextCorrection/八字命理/094.乾造：戊辰_乙丑_甲申_丁卯.srt
2025-07-01 17:45:50,846 - INFO - 已处理: /Users/xiongaox/Downloads/Cursor_test/TextCorrection/八字命理/140.坤造：甲寅_甲戌_戊戌_丙辰.srt
2025-07-01 17:45:50,852 - INFO - 已处理: /Users/xiongaox/Downloads/Cursor_test/TextCorrection/八字命理/023.坤造：丁卯_癸卯_丁卯_己酉.srt
2025-07-01 17:45:50,858 - INFO - 已处理: /Users/xiongaox/Downloads/Cursor_test/TextCorrection/八字命理/041.坤造：乙丑_癸未_辛酉_甲午.srt
2025-07-01 17:45:50,864 - INFO - 已处理: /Users/xiongaox/Downloads/Cursor_test/TextCorrection/八字命理/096.乾造：戊辰_戊午_乙卯_甲申.srt
2025-07-01 17:45:50,870 - INFO - 已处理: /Users/xiongaox/Downloads/Cursor_test/TextCorrection/八字命理/156.坤造：辛未_庚寅_丁巳_甲辰.srt
2025-07-01 17:45:50,875 - INFO - 已处理: /Users/xiongaox/Downloads/Cursor_test/TextCorrection/八字命理/151.坤造：癸酉_辛酉_辛酉_壬辰.srt
2025-07-01 17:45:50,879 - INFO - 已处理: /Users/xiongaox/Downloads/Cursor_test/TextCorrection/八字命理/138.坤造：甲子_乙亥_丁未_丁未.srt
2025-07-01 17:45:50,885 - INFO - 已处理: /Users/xiongaox/Downloads/Cursor_test/TextCorrection/八字命理/004.乾造：丁丑_庚戌_己丑_癸酉.srt
2025-07-01 17:45:50,892 - INFO - 已处理: /Users/xiongaox/Downloads/Cursor_test/TextCorrection/八字命理/152.坤造：辛巳_己亥_丙子_己亥.srt
2025-07-01 17:45:50,895 - INFO - 已处理: /Users/xiongaox/Downloads/Cursor_test/TextCorrection/八字命理/110.乾造：甲戌_丁丑_己酉_壬申.srt
2025-07-01 17:45:50,900 - INFO - 已处理: /Users/xiongaox/Downloads/Cursor_test/TextCorrection/八字命理/104.乾造：王申_乙巳_辛丑_丁酉.srt
2025-07-01 17:45:50,904 - INFO - 已处理: /Users/xiongaox/Downloads/Cursor_test/TextCorrection/八字命理/086.乾造：戊辰_丁巳_己卯_壬申.srt
2025-07-01 17:45:50,914 - INFO - 已处理: /Users/xiongaox/Downloads/Cursor_test/TextCorrection/八字命理/148.坤造：癸酉_壬戌_庚午_丙子.srt
2025-07-01 17:45:50,920 - INFO - 已处理: /Users/xiongaox/Downloads/Cursor_test/TextCorrection/八字命理/105.坤造：庚午_辛巳_庚寅_己卯.srt
2025-07-01 17:45:50,923 - INFO - 已处理: /Users/xiongaox/Downloads/Cursor_test/TextCorrection/八字命理/022.乾造：丙寅_辛丑_己未_丁卯.srt
2025-07-01 17:45:50,929 - INFO - 已处理: /Users/xiongaox/Downloads/Cursor_test/TextCorrection/八字命理/035.坤造：乙丑_丙戌_癸巳_壬戌.srt
2025-07-01 17:45:50,934 - INFO - 已处理: /Users/xiongaox/Downloads/Cursor_test/TextCorrection/八字命理/029.坤造：丙寅_庚子_丁未_甲辰.srt
2025-07-01 17:45:50,943 - INFO - 已处理: /Users/xiongaox/Downloads/Cursor_test/TextCorrection/八字命理/132.坤造：戊辰_戊午_癸巳_壬子.srt
2025-07-01 17:45:50,947 - INFO - 已处理: /Users/xiongaox/Downloads/Cursor_test/TextCorrection/八字命理/063.坤造：己巳_丁卯_庚寅_壬午.srt
2025-07-01 17:45:50,954 - INFO - 已处理: /Users/xiongaox/Downloads/Cursor_test/TextCorrection/八字命理/112.乾造：甲戌_丁丑_戊戌_丁巳.srt
2025-07-01 17:45:50,962 - INFO - 已处理: /Users/xiongaox/Downloads/Cursor_test/TextCorrection/八字命理/130.乾造：辛未_辛卯_乙巳_戊寅.srt
2025-07-01 17:45:50,968 - INFO - 已处理: /Users/xiongaox/Downloads/Cursor_test/TextCorrection/八字命理/153.坤造：辛未_己亥_丙申_壬辰.srt
2025-07-01 17:45:50,977 - INFO - 已处理: /Users/xiongaox/Downloads/Cursor_test/TextCorrection/八字命理/075.坤造：己巳_癸酉_壬辰_丙午.srt
2025-07-01 17:45:50,982 - INFO - 已处理: /Users/xiongaox/Downloads/Cursor_test/TextCorrection/八字命理/120.乾造：癸亥_壬戌_壬午_戊申.srt
2025-07-01 17:45:50,985 - INFO - 已处理: /Users/xiongaox/Downloads/Cursor_test/TextCorrection/八字命理/064.乾造：己巳_丙子_丁卯_丙午.srt
2025-07-01 17:45:50,992 - INFO - 已处理: /Users/xiongaox/Downloads/Cursor_test/TextCorrection/八字命理/024.乾造：丙寅_辛丑_戊寅_甲寅.srt
2025-07-01 17:45:50,999 - INFO - 已处理: /Users/xiongaox/Downloads/Cursor_test/TextCorrection/八字命理/027.坤造：丙寅_丙申_庚戌_丙子.srt
2025-07-01 17:45:51,002 - INFO - 已处理: /Users/xiongaox/Downloads/Cursor_test/TextCorrection/八字命理/026.乾造：乙丑_乙酉_丁丑_己酉.srt
2025-07-01 17:45:51,008 - INFO - 已处理: /Users/xiongaox/Downloads/Cursor_test/TextCorrection/八字命理/074.乾造：庚午_丙戌_甲子_癸酉.srt
2025-07-01 17:45:51,014 - INFO - 已处理: /Users/xiongaox/Downloads/Cursor_test/TextCorrection/八字命理/159.坤造：辛酉_己亥_丁未_丁未.srt
2025-07-01 17:45:51,021 - INFO - 已处理: /Users/xiongaox/Downloads/Cursor_test/TextCorrection/八字命理/032.乾造：乙丑_庚辰_庚子_甲申.srt
2025-07-01 17:45:51,036 - INFO - 已处理: /Users/xiongaox/Downloads/Cursor_test/TextCorrection/八字命理/117.坤造：戊午_壬戌_丙辰_己亥.srt
2025-07-01 17:45:51,042 - INFO - 已处理: /Users/xiongaox/Downloads/Cursor_test/TextCorrection/八字命理/143.坤造：甲戌_癸酉_丁酉_癸卯.srt
2025-07-01 17:45:51,048 - INFO - 已处理: /Users/xiongaox/Downloads/Cursor_test/TextCorrection/八字命理/072.乾造：己巳_癸酉_庚寅_甲申.srt
2025-07-01 17:45:51,053 - INFO - 已处理: /Users/xiongaox/Downloads/Cursor_test/TextCorrection/八字命理/141.坤造：甲寅_辛未_辛未_癸巳.srt
2025-07-01 17:45:51,059 - INFO - 已处理: /Users/xiongaox/Downloads/Cursor_test/TextCorrection/八字命理/097.坤造：庚午_丁亥_癸未_壬子.srt
2025-07-01 17:45:51,071 - INFO - 已处理: /Users/xiongaox/Downloads/Cursor_test/TextCorrection/八字命理/089.坤造：己未_己巳_辛巳_乙未.srt
2025-07-01 17:45:51,077 - INFO - 已处理: /Users/xiongaox/Downloads/Cursor_test/TextCorrection/八字命理/031.坤造：丙寅_戊戌_壬寅_戊申.srt
2025-07-01 17:45:51,087 - INFO - 已处理: /Users/xiongaox/Downloads/Cursor_test/TextCorrection/八字命理/054.乾造：壬戌_辛亥_己亥_乙丑.srt
2025-07-01 17:45:51,092 - INFO - 已处理: /Users/xiongaox/Downloads/Cursor_test/TextCorrection/八字命理/009.坤造：丁卯_丁未_庚午_己卯.srt
2025-07-01 17:45:51,097 - INFO - 已处理: /Users/xiongaox/Downloads/Cursor_test/TextCorrection/八字命理/092.乾造：戊辰_乙丑_己丑_丙寅.srt
2025-07-01 17:45:51,101 - INFO - 已处理: /Users/xiongaox/Downloads/Cursor_test/TextCorrection/八字命理/014.乾造：丁卯_癸丑_丙寅_己亥.srt
2025-07-01 17:45:51,105 - INFO - 已处理: /Users/xiongaox/Downloads/Cursor_test/TextCorrection/八字命理/080.乾造：庚申_壬午_壬子_甲辰.srt
2025-07-01 17:45:51,111 - INFO - 已处理: /Users/xiongaox/Downloads/Cursor_test/TextCorrection/八字命理/040.乾造：乙亥_壬午_辛未_甲午.srt
2025-07-01 17:45:51,117 - INFO - 已处理: /Users/xiongaox/Downloads/Cursor_test/TextCorrection/八字命理/108.乾造：甲子_丙寅_己巳_戊辰.srt
2025-07-01 17:45:51,128 - INFO - 已处理: /Users/xiongaox/Downloads/Cursor_test/TextCorrection/八字命理/033.坤造：丙寅_癸巳_丙辰_癸巳.srt
2025-07-01 17:45:51,135 - INFO - 已处理: /Users/xiongaox/Downloads/Cursor_test/TextCorrection/八字命理/135.坤造：戊辰_癸亥_甲午_己巳.srt
2025-07-01 17:45:51,149 - INFO - 已处理: /Users/xiongaox/Downloads/Cursor_test/TextCorrection/八字命理/042.乾造：乙亥_辛巳_甲子_丙寅.srt
2025-07-01 17:45:51,153 - INFO - 已处理: /Users/xiongaox/Downloads/Cursor_test/TextCorrection/八字命理/146.坤造：癸酉_丁巳_丙午_己亥.srt
2025-07-01 17:45:51,163 - INFO - 已处理: /Users/xiongaox/Downloads/Cursor_test/TextCorrection/八字命理/037.坤造：乙丑_壬午_庚辰_壬午.srt
2025-07-01 17:45:51,169 - INFO - 已处理: /Users/xiongaox/Downloads/Cursor_test/TextCorrection/八字命理/123.坤造：戊辰_乙卯_丙戌_癸巳.srt
2025-07-01 17:45:51,177 - INFO - 已处理: /Users/xiongaox/Downloads/Cursor_test/TextCorrection/八字命理/134.坤造：戊辰_甲寅_戊午_癸丑.srt
2025-07-01 17:45:51,180 - INFO - 已处理: /Users/xiongaox/Downloads/Cursor_test/TextCorrection/八字命理/020.乾造：丙子_戊戌_甲辰_乙丑.srt
2025-07-01 17:45:51,184 - INFO - 已处理: /Users/xiongaox/Downloads/Cursor_test/TextCorrection/八字命理/006.乾造：丁卯_丁未_己巳_壬申.srt
2025-07-01 17:45:51,189 - INFO - 已处理: /Users/xiongaox/Downloads/Cursor_test/TextCorrection/八字命理/116.乾造：甲申_壬申_丁卯_甲辰.srt
2025-07-01 17:45:51,191 - INFO - 已处理: /Users/xiongaox/Downloads/Cursor_test/TextCorrection/八字命理/115.坤造：戊午_丙辰_戊戌_乙卯.srt
2025-07-01 17:45:51,198 - INFO - 已处理: /Users/xiongaox/Downloads/Cursor_test/TextCorrection/八字命理/007.坤造：丁丑_辛亥_壬申_己酉.srt
2025-07-01 17:45:51,209 - INFO - 已处理: /Users/xiongaox/Downloads/Cursor_test/TextCorrection/八字命理/068.乾造：己巳_壬申_庚戌_癸未.srt
2025-07-01 17:45:51,216 - INFO - 已处理: /Users/xiongaox/Downloads/Cursor_test/TextCorrection/八字命理/137.坤造：甲子_丙寅_辛巳_己丑.srt
2025-07-01 17:45:51,222 - INFO - 已处理: /Users/xiongaox/Downloads/Cursor_test/TextCorrection/八字命理/071.坤造：己巳_己巳_己巳_壬申.srt
2025-07-01 17:45:51,232 - INFO - 已处理: /Users/xiongaox/Downloads/Cursor_test/TextCorrection/八字命理/099.坤造：庚午_戊子_己巳_甲子.srt
2025-07-01 17:45:51,237 - INFO - 已处理: /Users/xiongaox/Downloads/Cursor_test/TextCorrection/八字命理/005.坤造：丁丑_癸丑_甲戌_己巳.srt
2025-07-01 17:45:51,242 - INFO - 已处理: /Users/xiongaox/Downloads/Cursor_test/TextCorrection/八字命理/028.乾造：乙丑_壬午_丙戌_庚寅.srt
2025-07-01 17:45:51,246 - INFO - 已处理: /Users/xiongaox/Downloads/Cursor_test/TextCorrection/八字命理/017.坤造：丁卯_戊申_戊申_甲寅.srt
2025-07-01 17:45:51,252 - INFO - 已处理: /Users/xiongaox/Downloads/Cursor_test/TextCorrection/八字命理/101.坤造：庚午_戊寅_壬寅_癸卯.srt
2025-07-01 17:45:51,260 - INFO - 已处理: /Users/xiongaox/Downloads/Cursor_test/TextCorrection/八字命理/010.乾造：丁卯_壬子_庚子_癸未.srt
2025-07-01 17:45:51,264 - INFO - 已处理: /Users/xiongaox/Downloads/Cursor_test/TextCorrection/八字命理/109.坤造：庚申_己丑_乙西_乙酉.srt
2025-07-01 17:45:51,270 - INFO - 已处理: /Users/xiongaox/Downloads/Cursor_test/TextCorrection/八字命理/049.坤造：乙亥_庚辰_丁丑_丁未.srt
2025-07-01 17:45:51,280 - INFO - 已处理: /Users/xiongaox/Downloads/Cursor_test/TextCorrection/八字命理/098.乾造：戊辰_甲子_丁未_甲辰.srt
2025-07-01 17:45:51,285 - INFO - 已处理: /Users/xiongaox/Downloads/Cursor_test/TextCorrection/八字命理/126.乾造：辛未_乙未_庚子_辛巳.srt
2025-07-01 17:45:51,295 - INFO - 已处理: /Users/xiongaox/Downloads/Cursor_test/TextCorrection/八字命理/161.坤造：辛酉_戊戌_己丑_丙寅.srt
2025-07-01 17:45:51,304 - INFO - 已处理: /Users/xiongaox/Downloads/Cursor_test/TextCorrection/八字命理/157.坤造：辛未_戊戌_丙辰_辛卯.srt
2025-07-01 17:45:51,313 - INFO - 已处理: /Users/xiongaox/Downloads/Cursor_test/TextCorrection/八字命理/160.坤造：辛酉_戊戌_乙酉_丙戌.srt
2025-07-01 17:45:51,320 - INFO - 已处理: /Users/xiongaox/Downloads/Cursor_test/TextCorrection/八字命理/050.乾造：壬戌_丙午_乙亥_乙酉.srt
2025-07-01 17:45:51,354 - INFO - 已处理: /Users/xiongaox/Downloads/Cursor_test/TextCorrection/八字命理/158.坤造：辛未_戊戌_庚辰_壬午.srt
2025-07-01 17:45:51,360 - INFO - 已处理: /Users/xiongaox/Downloads/Cursor_test/TextCorrection/八字命理/081.坤造：己巳_辛未_己丑_辛未.srt
2025-07-01 17:45:51,366 - INFO - 已处理: /Users/xiongaox/Downloads/Cursor_test/TextCorrection/八字命理/124.乾造：癸酉_壬戌_己丑_甲子.srt
2025-07-01 17:45:51,372 - INFO - 已处理: /Users/xiongaox/Downloads/Cursor_test/TextCorrection/八字命理/036.乾造：乙亥_乙酉_己未_乙丑.srt
2025-07-01 17:45:51,378 - INFO - 已处理: /Users/xiongaox/Downloads/Cursor_test/TextCorrection/八字命理/095.坤造：己未_辛未_戊子_丁巳.srt
2025-07-01 17:45:51,384 - INFO - 已处理: /Users/xiongaox/Downloads/Cursor_test/TextCorrection/八字命理/103.坤造：庚午_戊寅_辛丑_己丑.srt
2025-07-01 17:45:51,386 - INFO - 已处理: /Users/xiongaox/Downloads/Cursor_test/TextCorrection/八字命理/013.坤造：丁卯_壬寅_辛亥_己丑.srt
2025-07-01 17:45:51,390 - INFO - 已处理: /Users/xiongaox/Downloads/Cursor_test/TextCorrection/八字命理/034.乾造：乙亥_乙酉_乙巳_丁亥.srt
2025-07-01 17:45:51,395 - INFO - 已处理: /Users/xiongaox/Downloads/Cursor_test/TextCorrection/八字命理/121.坤造：戊辰_乙丑_甲午_丙寅.srt
2025-07-01 17:45:51,408 - INFO - 已处理: /Users/xiongaox/Downloads/Cursor_test/TextCorrection/八字命理/012.乾造：丁卯_戊申_癸丑_戊午.srt
2025-07-01 17:45:51,415 - INFO - 已处理: /Users/xiongaox/Downloads/Cursor_test/TextCorrection/八字命理/052.乾造：壬戌_己酉_己酉_甲子.srt
2025-07-01 17:45:51,432 - INFO - 已处理: /Users/xiongaox/Downloads/Cursor_test/TextCorrection/八字命理/062.乾造：己巳_丁卯_丁丑_癸卯.srt
2025-07-01 17:45:51,436 - INFO - 已处理: /Users/xiongaox/Downloads/Cursor_test/TextCorrection/八字命理/162.命运是由什么决定的，如何改命？.srt
2025-07-01 17:45:51,442 - INFO - 已处理: /Users/xiongaox/Downloads/Cursor_test/TextCorrection/八字命理/088.乾造：戊辰_丁巳_庚寅_戊寅.srt
2025-07-01 17:45:51,448 - INFO - 已处理: /Users/xiongaox/Downloads/Cursor_test/TextCorrection/八字命理/111.坤造：庚申_辛巳_甲午_戊辰.srt
2025-07-01 17:45:51,460 - INFO - 已处理: /Users/xiongaox/Downloads/Cursor_test/TextCorrection/八字命理/073.坤造：己巳_癸酉_壬午_癸卯.srt
2025-07-01 17:45:51,465 - INFO - 已处理: /Users/xiongaox/Downloads/Cursor_test/TextCorrection/八字命理/015.坤造：丁卯_戊申_庚子_壬午.srt
2025-07-01 17:45:51,472 - INFO - 已处理: /Users/xiongaox/Downloads/Cursor_test/TextCorrection/八字命理/070.乾造：己巳_戊辰_甲寅_戊辰.srt
2025-07-01 17:45:51,483 - INFO - 已处理: /Users/xiongaox/Downloads/Cursor_test/TextCorrection/八字命理/131.坤造：戊辰_庚申_己酉_庚午.srt
2025-07-01 17:45:51,495 - INFO - 已处理: /Users/xiongaox/Downloads/Cursor_test/TextCorrection/八字命理/114.乾造：甲戌_己巳_辛亥_己亥.srt
2025-07-01 17:45:51,498 - INFO - 已处理: /Users/xiongaox/Downloads/Cursor_test/TextCorrection/八字命理/053.坤造：乙亥_癸未_甲子_甲戌.srt
2025-07-01 17:45:51,504 - INFO - 已处理: /Users/xiongaox/Downloads/Cursor_test/TextCorrection/八字命理/136.坤造：甲午_丁丑_丙申_癸巳.srt
2025-07-01 17:45:51,514 - INFO - 已处理: /Users/xiongaox/Downloads/Cursor_test/TextCorrection/八字命理/106.乾造：甲子_丙子_甲申_戊辰.srt
2025-07-01 17:45:51,517 - INFO - 已处理: /Users/xiongaox/Downloads/Cursor_test/TextCorrection/八字命理/122.乾造：癸未_甲子_壬申_丙午.srt
2025-07-01 17:45:51,528 - INFO - 已处理: /Users/xiongaox/Downloads/Cursor_test/TextCorrection/八字命理/045.坤造：乙亥_丁亥_丁未_乙巳.srt
2025-07-01 17:45:51,532 - INFO - 已处理: /Users/xiongaox/Downloads/Cursor_test/TextCorrection/八字命理/093.坤造：己未_庚午_戊午_癸亥.srt
2025-07-01 17:45:51,535 - INFO - 已处理: /Users/xiongaox/Downloads/Cursor_test/TextCorrection/八字命理/044.乾造：乙卯_己卯_甲寅_癸酉.srt
2025-07-01 17:45:51,542 - INFO - 已处理: /Users/xiongaox/Downloads/Cursor_test/TextCorrection/八字命理/077.坤造：己巳_癸酉_己亥_乙丑.srt
2025-07-01 17:45:51,549 - INFO - 已处理: /Users/xiongaox/Downloads/Cursor_test/TextCorrection/八字命理/128.乾造：辛未_辛丑_辛巳_丁酉.srt
2025-07-01 17:45:51,557 - INFO - 已处理: /Users/xiongaox/Downloads/Cursor_test/TextCorrection/八字命理/155.坤造：辛未_庚子_丙子_丁酉.srt
2025-07-01 17:45:51,562 - INFO - 已处理: /Users/xiongaox/Downloads/Cursor_test/TextCorrection/八字命理/145.坤造：癸丑_乙卯_乙丑_庚辰.srt
2025-07-01 17:45:51,565 - INFO - 已处理: /Users/xiongaox/Downloads/Cursor_test/TextCorrection/八字命理/078.乾造：庚午_癸未_丙子_癸巳.srt
2025-07-01 17:45:51,569 - INFO - 已处理: /Users/xiongaox/Downloads/Cursor_test/TextCorrection/八字命理/057.坤造：壬申_乙巳_庚寅_乙酉.srt
2025-07-01 17:45:51,574 - INFO - 已处理: /Users/xiongaox/Downloads/Cursor_test/TextCorrection/八字命理/018.乾造：丁巳_辛亥_己丑_甲戌.srt
2025-07-01 17:45:51,582 - INFO - 已处理: /Users/xiongaox/Downloads/Cursor_test/TextCorrection/八字命理/048.乾造：壬戌_丁未_辛丑_癸巳.srt
2025-07-01 17:45:51,588 - INFO - 已处理: /Users/xiongaox/Downloads/Cursor_test/TextCorrection/八字命理/043.坤造：乙丑_辛巳_辛未_癸巳.srt
2025-07-01 17:45:51,590 - INFO - 已处理: /Users/xiongaox/Downloads/Cursor_test/TextCorrection/八字命理/090.乾造：戊辰_丁巳_戊辰_辛酉.srt
2025-07-01 17:45:51,596 - INFO - 已处理: /Users/xiongaox/Downloads/Cursor_test/TextCorrection/八字命理/087.坤造：己未_壬申_辛未_戊子.srt
2025-07-01 17:45:51,602 - INFO - 已处理: /Users/xiongaox/Downloads/Cursor_test/TextCorrection/八字命理/102.乾造：戊辰_辛酉_戊辰_甲寅.srt
2025-07-01 17:45:51,606 - INFO - 已处理: /Users/xiongaox/Downloads/Cursor_test/TextCorrection/八字命理/065.坤造：己巳_丁卯_癸巳_乙卯.srt
2025-07-01 17:45:51,609 - INFO - 已处理: /Users/xiongaox/Downloads/Cursor_test/TextCorrection/八字命理/107.坤造：庚申_丙戌_癸酉_戊午.srt
2025-07-01 17:45:51,616 - INFO - 已处理: /Users/xiongaox/Downloads/Cursor_test/TextCorrection/八字命理/002.乾造：辛酉_乙未_辛亥_己亥.srt
2025-07-01 17:45:51,622 - INFO - 已处理: /Users/xiongaox/Downloads/Cursor_test/TextCorrection/八字命理/051.坤造：乙亥_癸未_壬寅_丁未.srt
2025-07-01 17:45:51,628 - INFO - 已处理: /Users/xiongaox/Downloads/Cursor_test/TextCorrection/八字命理/039.坤造：乙丑_癸未_甲寅_戊辰.srt
2025-07-01 17:45:51,631 - INFO - 已处理: /Users/xiongaox/Downloads/Cursor_test/TextCorrection/正五行择日/31.天德月德岁德的推算以及用法.srt
2025-07-01 17:45:51,634 - INFO - 已处理: /Users/xiongaox/Downloads/Cursor_test/TextCorrection/正五行择日/4.论三煞_以及兼向煞.srt
2025-07-01 17:45:51,638 - INFO - 已处理: /Users/xiongaox/Downloads/Cursor_test/TextCorrection/正五行择日/33.修灶安灶择日方法揭秘.srt
2025-07-01 17:45:51,639 - INFO - 已处理: /Users/xiongaox/Downloads/Cursor_test/TextCorrection/正五行择日/15.论戊己都天和太岁堆黄.srt
2025-07-01 17:45:51,643 - INFO - 已处理: /Users/xiongaox/Downloads/Cursor_test/TextCorrection/正五行择日/6.论山方煞_修山修方都要避开.srt
2025-07-01 17:45:51,646 - INFO - 已处理: /Users/xiongaox/Downloads/Cursor_test/TextCorrection/正五行择日/11.论星曜煞的查法和用法.srt
2025-07-01 17:45:51,650 - INFO - 已处理: /Users/xiongaox/Downloads/Cursor_test/TextCorrection/正五行择日/18.论剑锋煞_以及用法.srt
2025-07-01 17:45:51,653 - INFO - 已处理: /Users/xiongaox/Downloads/Cursor_test/TextCorrection/正五行择日/21.风水择日的具体操作方法和作业.srt
2025-07-01 17:45:51,655 - INFO - 已处理: /Users/xiongaox/Downloads/Cursor_test/TextCorrection/正五行择日/16.论重丧日和剑锋煞的用法.srt
2025-07-01 17:45:51,656 - INFO - 已处理: /Users/xiongaox/Downloads/Cursor_test/TextCorrection/正五行择日/10.论文曲煞_修山修方都要忌讳.srt
2025-07-01 17:45:51,659 - INFO - 已处理: /Users/xiongaox/Downloads/Cursor_test/TextCorrection/正五行择日/2.干支五行生克基础知识介绍.srt
2025-07-01 17:45:51,661 - INFO - 已处理: /Users/xiongaox/Downloads/Cursor_test/TextCorrection/正五行择日/22.什么是罗天大退_如何使用.srt
2025-07-01 17:45:51,663 - INFO - 已处理: /Users/xiongaox/Downloads/Cursor_test/TextCorrection/正五行择日/17.论贵人登天时推算方法以及用法.srt
2025-07-01 17:45:51,667 - INFO - 已处理: /Users/xiongaox/Downloads/Cursor_test/TextCorrection/正五行择日/23.庚山甲向择日作业讲解.srt
2025-07-01 17:45:51,676 - INFO - 已处理: /Users/xiongaox/Downloads/Cursor_test/TextCorrection/正五行择日/8.论回头贡煞以及箭刃煞.srt
2025-07-01 17:45:51,682 - INFO - 已处理: /Users/xiongaox/Downloads/Cursor_test/TextCorrection/正五行择日/25.开业如何择日.srt
2025-07-01 17:45:51,688 - INFO - 已处理: /Users/xiongaox/Downloads/Cursor_test/TextCorrection/正五行择日/34.搬家入宅如何择日.srt
2025-07-01 17:45:51,689 - INFO - 已处理: /Users/xiongaox/Downloads/Cursor_test/TextCorrection/正五行择日/7.论消灭煞_日子最忌犯之.srt
2025-07-01 17:45:51,694 - INFO - 已处理: /Users/xiongaox/Downloads/Cursor_test/TextCorrection/正五行择日/27.日课如何催科甲.srt
2025-07-01 17:45:51,696 - INFO - 已处理: /Users/xiongaox/Downloads/Cursor_test/TextCorrection/正五行择日/19.论大月建_小月建推算方法以及用法.srt
2025-07-01 17:45:51,698 - INFO - 已处理: /Users/xiongaox/Downloads/Cursor_test/TextCorrection/正五行择日/20.论太阳与太阴到山到向的推法和用法.srt
2025-07-01 17:45:51,700 - INFO - 已处理: /Users/xiongaox/Downloads/Cursor_test/TextCorrection/正五行择日/5.什么是阴府_如何制阴府.srt
2025-07-01 17:45:51,701 - INFO - 已处理: /Users/xiongaox/Downloads/Cursor_test/TextCorrection/正五行择日/26.催丁日课_如何择日旺人丁.srt
2025-07-01 17:45:51,703 - INFO - 已处理: /Users/xiongaox/Downloads/Cursor_test/TextCorrection/正五行择日/13.论天地遭火日_时辰最忌.srt
2025-07-01 17:45:51,705 - INFO - 已处理: /Users/xiongaox/Downloads/Cursor_test/TextCorrection/正五行择日/3.贵人禄马三合长生口诀.srt
2025-07-01 17:45:51,709 - INFO - 已处理: /Users/xiongaox/Downloads/Cursor_test/TextCorrection/催官篇/26.巽方来龙可以定哪些向.srt
2025-07-01 17:45:51,726 - INFO - 已处理: /Users/xiongaox/Downloads/Cursor_test/TextCorrection/催官篇/1.催官篇讲了什么_天皇龙最催官.srt
2025-07-01 17:45:51,732 - INFO - 已处理: /Users/xiongaox/Downloads/Cursor_test/TextCorrection/催官篇/18.来龙阴多阳少可用_反之阳多阴少不可用.srt
2025-07-01 17:45:51,737 - INFO - 已处理: /Users/xiongaox/Downloads/Cursor_test/TextCorrection/催官篇/14.论乾坤辰戌方来龙吉凶.srt
2025-07-01 17:45:51,740 - INFO - 已处理: /Users/xiongaox/Downloads/Cursor_test/TextCorrection/催官篇/7.什么是测来龙和入首（手）龙.srt
2025-07-01 17:45:51,743 - INFO - 已处理: /Users/xiongaox/Downloads/Cursor_test/TextCorrection/催官篇/10.丑未方来龙主出僧道.srt
2025-07-01 17:45:51,761 - INFO - 已处理: /Users/xiongaox/Downloads/Cursor_test/TextCorrection/催官篇/24.艮龙可以定哪些向.srt
2025-07-01 17:45:51,763 - INFO - 已处理: /Users/xiongaox/Downloads/Cursor_test/TextCorrection/催官篇/29.丁龙应该立什么向比较好一些.srt
2025-07-01 17:45:51,784 - INFO - 已处理: /Users/xiongaox/Downloads/Cursor_test/TextCorrection/催官篇/28.庚龙应该立什么向.srt
2025-07-01 17:45:51,786 - INFO - 已处理: /Users/xiongaox/Downloads/Cursor_test/TextCorrection/催官篇/8.天皇天市龙大吉龙_配合秀峰可催官.srt
2025-07-01 17:45:51,797 - INFO - 已处理: /Users/xiongaox/Downloads/Cursor_test/TextCorrection/催官篇/6.巽水一勺可救贫_揭露风水秘中秘.srt
2025-07-01 17:45:51,814 - INFO - 已处理: /Users/xiongaox/Downloads/Cursor_test/TextCorrection/金刚经/3.何为我相_人相_众生相_寿者相.srt
2025-07-01 17:45:51,818 - INFO - 已处理: /Users/xiongaox/Downloads/Cursor_test/TextCorrection/金刚经/1.佛陀的日常生活是怎样的.srt
2025-07-01 17:45:51,830 - INFO - 已处理: /Users/xiongaox/Downloads/Cursor_test/TextCorrection/金刚经/10.什么是清净心_如何才可以生清净心.srt
2025-07-01 17:45:51,840 - INFO - 已处理: /Users/xiongaox/Downloads/Cursor_test/TextCorrection/金刚经/13.佛陀为这部经命名.srt
2025-07-01 17:45:51,847 - INFO - 已处理: /Users/xiongaox/Downloads/Cursor_test/TextCorrection/金刚经/11.如何做才能积累大福德.srt
2025-07-01 17:45:51,867 - INFO - 已处理: /Users/xiongaox/Downloads/Cursor_test/TextCorrection/金刚经/14.离相寂灭分_离一切相_得一切法.srt
2025-07-01 17:45:51,876 - INFO - 已处理: /Users/xiongaox/Downloads/Cursor_test/TextCorrection/金刚经/15.持经功德分_受持解说的功德极大.srt
2025-07-01 17:45:51,884 - INFO - 已处理: /Users/xiongaox/Downloads/Cursor_test/TextCorrection/金刚经/16.能净业障分_为什么学佛了依然不顺.srt
2025-07-01 17:45:51,889 - INFO - 已处理: /Users/xiongaox/Downloads/Cursor_test/TextCorrection/金刚经/5.如何理解若见诸相非相则见如来.srt
2025-07-01 17:45:51,898 - INFO - 已处理: /Users/xiongaox/Downloads/Cursor_test/TextCorrection/金刚经/7.如何理解一切贤圣_皆以无为法而有差别.srt
2025-07-01 17:45:51,908 - INFO - 已处理: /Users/xiongaox/Downloads/Cursor_test/TextCorrection/金刚经/12.如何理解所在的地方_就是佛塔庙所在的地方.srt
2025-07-01 17:45:51,916 - INFO - 已处理: /Users/xiongaox/Downloads/Cursor_test/TextCorrection/金刚经/6.什么是正法_象法_末法.srt
2025-07-01 17:45:51,922 - INFO - 已处理: /Users/xiongaox/Downloads/Cursor_test/TextCorrection/金刚经/4.修行佛法_应该这样修行才可以.srt
2025-07-01 17:45:51,925 - INFO - 已处理: /Users/xiongaox/Downloads/Cursor_test/TextCorrection/雪心赋/41.如何观察山水之动静.srt
2025-07-01 17:45:51,937 - INFO - 已处理: /Users/xiongaox/Downloads/Cursor_test/TextCorrection/雪心赋/66.呼形喝象的看法【第三讲】.srt
2025-07-01 17:45:51,942 - INFO - 已处理: /Users/xiongaox/Downloads/Cursor_test/TextCorrection/雪心赋/35.一穴居中_最怕龙虎尖射.srt
2025-07-01 17:45:51,945 - INFO - 已处理: /Users/xiongaox/Downloads/Cursor_test/TextCorrection/雪心赋/39.点穴一定要懂得大中求小_小中求大.srt
2025-07-01 17:45:51,949 - INFO - 已处理: /Users/xiongaox/Downloads/Cursor_test/TextCorrection/雪心赋/40.如何确定穴的高低左右.srt
2025-07-01 17:45:51,952 - INFO - 已处理: /Users/xiongaox/Downloads/Cursor_test/TextCorrection/雪心赋/26.如何看脉_何为鹤膝蜂腰.srt
2025-07-01 17:45:51,962 - INFO - 已处理: /Users/xiongaox/Downloads/Cursor_test/TextCorrection/雪心赋/42.明堂如掌心_家中斗万金.srt
2025-07-01 17:45:51,968 - INFO - 已处理: /Users/xiongaox/Downloads/Cursor_test/TextCorrection/雪心赋/76.阳宅风水_水口关系最大_直接影响祸福.srt
2025-07-01 17:45:51,988 - INFO - 已处理: /Users/xiongaox/Downloads/Cursor_test/TextCorrection/雪心赋/59.什么是八风吹_八门缺.srt
2025-07-01 17:45:51,990 - INFO - 已处理: /Users/xiongaox/Downloads/Cursor_test/TextCorrection/雪心赋/28.点穴最怕选在气绝之地.srt
2025-07-01 17:45:51,999 - INFO - 已处理: /Users/xiongaox/Downloads/Cursor_test/TextCorrection/雪心赋/64.论呼形喝象的看法【第一讲】.srt
2025-07-01 17:45:52,004 - INFO - 已处理: /Users/xiongaox/Downloads/Cursor_test/TextCorrection/雪心赋/20.水口砂非常重要_如何去看.srt
2025-07-01 17:45:52,008 - INFO - 已处理: /Users/xiongaox/Downloads/Cursor_test/TextCorrection/雪心赋/32.水底和石缝中有龙穴吗.srt
2025-07-01 17:45:52,012 - INFO - 已处理: /Users/xiongaox/Downloads/Cursor_test/TextCorrection/雪心赋/60.砂水若凶_不论在什么方位都是凶的.srt
2025-07-01 17:45:52,020 - INFO - 已处理: /Users/xiongaox/Downloads/Cursor_test/TextCorrection/雪心赋/1.什么是雪心赋_为什么要学习它.srt
2025-07-01 17:45:52,024 - INFO - 已处理: /Users/xiongaox/Downloads/Cursor_test/TextCorrection/雪心赋/23.星峰散乱不聚_不可结穴.srt
2025-07-01 17:45:52,027 - INFO - 已处理: /Users/xiongaox/Downloads/Cursor_test/TextCorrection/雪心赋/27.逆水之龙贵不可言.srt
2025-07-01 17:45:52,031 - INFO - 已处理: /Users/xiongaox/Downloads/Cursor_test/TextCorrection/雪心赋/6.登山看水口_入穴看明堂.srt
2025-07-01 17:45:52,033 - INFO - 已处理: /Users/xiongaox/Downloads/Cursor_test/TextCorrection/雪心赋/55.富贵看来龙_龙贵穴必贵.srt
2025-07-01 17:45:52,037 - INFO - 已处理: /Users/xiongaox/Downloads/Cursor_test/TextCorrection/雪心赋/38.寻龙点穴一定要仔细看缓急.srt
2025-07-01 17:45:52,050 - INFO - 已处理: /Users/xiongaox/Downloads/Cursor_test/TextCorrection/雪心赋/30.穴贵龙虎起峰_要有唇襦兜气.srt
2025-07-01 17:45:52,055 - INFO - 已处理: /Users/xiongaox/Downloads/Cursor_test/TextCorrection/雪心赋/67.呼形喝象点穴之法【第四讲】.srt
2025-07-01 17:45:52,059 - INFO - 已处理: /Users/xiongaox/Downloads/Cursor_test/TextCorrection/雪心赋/16.五行山峰_都会出什么人才.srt
2025-07-01 17:45:52,066 - INFO - 已处理: /Users/xiongaox/Downloads/Cursor_test/TextCorrection/雪心赋/61.出官贵的风水_如何断贵穴.srt
2025-07-01 17:45:52,070 - INFO - 已处理: /Users/xiongaox/Downloads/Cursor_test/TextCorrection/雪心赋/57.看风水要注意这些问题_不可犯.srt
2025-07-01 17:45:52,073 - INFO - 已处理: /Users/xiongaox/Downloads/Cursor_test/TextCorrection/雪心赋/46.平洋点穴_最怕低洼见水.srt
2025-07-01 17:45:52,078 - INFO - 已处理: /Users/xiongaox/Downloads/Cursor_test/TextCorrection/雪心赋/11.要明山水分合以及向背.srt
2025-07-01 17:45:52,080 - INFO - 已处理: /Users/xiongaox/Downloads/Cursor_test/TextCorrection/雪心赋/44.前方没有案山_或案山不吉_怎么办.srt
2025-07-01 17:45:52,085 - INFO - 已处理: /Users/xiongaox/Downloads/Cursor_test/TextCorrection/雪心赋/13.未知真诀_枉误世人.srt
2025-07-01 17:45:52,090 - INFO - 已处理: /Users/xiongaox/Downloads/Cursor_test/TextCorrection/雪心赋/17.何为贵龙与贱龙_如何分辨.srt
2025-07-01 17:45:52,102 - INFO - 已处理: /Users/xiongaox/Downloads/Cursor_test/TextCorrection/雪心赋/47.石山和土山如何点穴.srt
2025-07-01 17:45:52,110 - INFO - 已处理: /Users/xiongaox/Downloads/Cursor_test/TextCorrection/雪心赋/56.论水口之重要性.srt
2025-07-01 17:45:52,116 - INFO - 已处理: /Users/xiongaox/Downloads/Cursor_test/TextCorrection/雪心赋/69.出人忤逆凶恶的风水.srt
2025-07-01 17:45:52,136 - INFO - 已处理: /Users/xiongaox/Downloads/Cursor_test/TextCorrection/雪心赋/14.星峰以剥换为贵_应该如何去看剥换.srt
2025-07-01 17:45:52,141 - INFO - 已处理: /Users/xiongaox/Downloads/Cursor_test/TextCorrection/雪心赋/73.秀丽的山峰_一两个就够了_太多反而不贵.srt
2025-07-01 17:45:52,145 - INFO - 已处理: /Users/xiongaox/Downloads/Cursor_test/TextCorrection/雪心赋/3.胎息孕育_变化无穷.srt
2025-07-01 17:45:52,157 - INFO - 已处理: /Users/xiongaox/Downloads/Cursor_test/TextCorrection/雪心赋/31.如何判断砂的吉凶好坏.srt
2025-07-01 17:45:52,161 - INFO - 已处理: /Users/xiongaox/Downloads/Cursor_test/TextCorrection/雪心赋/71.点穴要避开这些问题才可以.srt
2025-07-01 17:45:52,166 - INFO - 已处理: /Users/xiongaox/Downloads/Cursor_test/TextCorrection/雪心赋/70.好地只在方寸间_秘术不出文字外.srt
2025-07-01 17:45:52,169 - INFO - 已处理: /Users/xiongaox/Downloads/Cursor_test/TextCorrection/雪心赋/7.作穴须趋吉而避凶.srt
2025-07-01 17:45:52,173 - INFO - 已处理: /Users/xiongaox/Downloads/Cursor_test/TextCorrection/雪心赋/18.如果论水的吉凶_何为富贵水.srt
2025-07-01 17:45:52,183 - INFO - 已处理: /Users/xiongaox/Downloads/Cursor_test/TextCorrection/雪心赋/75.看阳宅的方法_应注意什么.srt
2025-07-01 17:45:52,186 - INFO - 已处理: /Users/xiongaox/Downloads/Cursor_test/TextCorrection/雪心赋/24.平阳之地如何点穴.srt
2025-07-01 17:45:52,192 - INFO - 已处理: /Users/xiongaox/Downloads/Cursor_test/TextCorrection/雪心赋/34.有龙无虎_有虎无龙之地的看法.srt
2025-07-01 17:45:52,196 - INFO - 已处理: /Users/xiongaox/Downloads/Cursor_test/TextCorrection/雪心赋/68.如何理解盖粘倚撞_吞吐沉浮.srt
2025-07-01 17:45:52,201 - INFO - 已处理: /Users/xiongaox/Downloads/Cursor_test/TextCorrection/雪心赋/2.何为阴阳二气_如何融结.srt
2025-07-01 17:45:52,205 - INFO - 已处理: /Users/xiongaox/Downloads/Cursor_test/TextCorrection/雪心赋/74.玄武最怕陡峭_去水最怕直流.srt
2025-07-01 17:45:52,208 - INFO - 已处理: /Users/xiongaox/Downloads/Cursor_test/TextCorrection/雪心赋/25.案山在风水中的重要性.srt
2025-07-01 17:45:52,211 - INFO - 已处理: /Users/xiongaox/Downloads/Cursor_test/TextCorrection/雪心赋/33.如何看龙虎吉凶.srt
2025-07-01 17:45:52,216 - INFO - 已处理: /Users/xiongaox/Downloads/Cursor_test/TextCorrection/雪心赋/29.何为雌雄相交_如何判断是否为露胎穴.srt
2025-07-01 17:45:52,218 - INFO - 已处理: /Users/xiongaox/Downloads/Cursor_test/TextCorrection/雪心赋/63.论来龙之贵气_辨富贵吉凶.srt
2025-07-01 17:45:52,222 - INFO - 已处理: /Users/xiongaox/Downloads/Cursor_test/TextCorrection/雪心赋/19.何为藏风聚气.srt
2025-07-01 17:45:52,227 - INFO - 已处理: /Users/xiongaox/Downloads/Cursor_test/TextCorrection/雪心赋/9.降服伏虎_前呼后应之看法.srt
2025-07-01 17:45:52,231 - INFO - 已处理: /Users/xiongaox/Downloads/Cursor_test/TextCorrection/雪心赋/12.看风水切莫管中窥豹_缘木求鱼.srt
2025-07-01 17:45:52,233 - INFO - 已处理: /Users/xiongaox/Downloads/Cursor_test/TextCorrection/雪心赋/48.过峡处要有护卫_方能为贵.srt
2025-07-01 17:45:52,266 - INFO - 已处理: /Users/xiongaox/Downloads/Cursor_test/TextCorrection/面相知识/9.面相何为三停_如何根据三停看何时会走好运.srt
2025-07-01 17:45:52,269 - INFO - 已处理: /Users/xiongaox/Downloads/Cursor_test/TextCorrection/面相知识/1.耳朵的看法.srt
2025-07-01 17:45:52,272 - INFO - 已处理: /Users/xiongaox/Downloads/Cursor_test/TextCorrection/面相知识/4.如何看女人是否有福气.srt
2025-07-01 17:45:52,273 - INFO - 已处理: /Users/xiongaox/Downloads/Cursor_test/TextCorrection/面相知识/8.从人中看一个人的命运吉凶.srt
2025-07-01 17:45:52,275 - INFO - 已处理: /Users/xiongaox/Downloads/Cursor_test/TextCorrection/面相知识/10.哪些面相的女性会克夫.srt
2025-07-01 17:45:52,279 - INFO - 已处理: /Users/xiongaox/Downloads/Cursor_test/TextCorrection/面相知识/5.如何看额头吉凶.srt
2025-07-01 17:45:52,282 - INFO - 已处理: /Users/xiongaox/Downloads/Cursor_test/TextCorrection/面相知识/3.眼睛的看法.srt
2025-07-01 17:45:52,285 - INFO - 已处理: /Users/xiongaox/Downloads/Cursor_test/TextCorrection/面相知识/2.如何去看五官吉凶好坏.srt
2025-07-01 17:45:52,287 - INFO - 已处理: /Users/xiongaox/Downloads/Cursor_test/TextCorrection/面相知识/11.面相十二宫的看法_如何自查运势好坏.srt
2025-07-01 17:45:52,290 - INFO - 已处理: /Users/xiongaox/Downloads/Cursor_test/TextCorrection/面相知识/7.如何识别渣男.srt
2025-07-01 17:45:52,293 - INFO - 已处理: /Users/xiongaox/Downloads/Cursor_test/TextCorrection/面相知识/6.如何看印堂吉凶.srt
2025-07-01 17:45:52,298 - INFO - 已处理: /Users/xiongaox/Downloads/Cursor_test/TextCorrection/地理五诀/15.看大地法_出大富贵之人的风水.srt
2025-07-01 17:45:52,305 - INFO - 已处理: /Users/xiongaox/Downloads/Cursor_test/TextCorrection/地理五诀/18.何为五常_龙穴砂水向的意义.srt
2025-07-01 17:45:52,307 - INFO - 已处理: /Users/xiongaox/Downloads/Cursor_test/TextCorrection/地理五诀/69.金钗水_排衙水_天梯水_玉阶水的讲解.srt
2025-07-01 17:45:52,310 - INFO - 已处理: /Users/xiongaox/Downloads/Cursor_test/TextCorrection/地理五诀/59.吉凶砂形图9-16山形图讲解.srt
2025-07-01 17:45:52,313 - INFO - 已处理: /Users/xiongaox/Downloads/Cursor_test/TextCorrection/地理五诀/43.龙虎要有情_相斗不可用.srt
2025-07-01 17:45:52,317 - INFO - 已处理: /Users/xiongaox/Downloads/Cursor_test/TextCorrection/地理五诀/75.平洋穴论_平洋之地如何看.srt
2025-07-01 17:45:52,321 - INFO - 已处理: /Users/xiongaox/Downloads/Cursor_test/TextCorrection/地理五诀/82.穴前有扇形地_主人退财散.srt
2025-07-01 17:45:52,327 - INFO - 已处理: /Users/xiongaox/Downloads/Cursor_test/TextCorrection/地理五诀/52.各种贵人的用法_催贵催财的做法.srt
2025-07-01 17:45:52,332 - INFO - 已处理: /Users/xiongaox/Downloads/Cursor_test/TextCorrection/地理五诀/23.寻龙易晓诀_如何寻到真龙.srt
2025-07-01 17:45:52,340 - INFO - 已处理: /Users/xiongaox/Downloads/Cursor_test/TextCorrection/地理五诀/05.借马法与借禄同_禄马同位.srt
2025-07-01 17:45:52,346 - INFO - 已处理: /Users/xiongaox/Downloads/Cursor_test/TextCorrection/地理五诀/20.地有十恶不善_哪些风水大凶（上）.srt
2025-07-01 17:45:52,349 - INFO - 已处理: /Users/xiongaox/Downloads/Cursor_test/TextCorrection/地理五诀/44.穴要有护卫_不可犯吹胎.srt
2025-07-01 17:45:52,357 - INFO - 已处理: /Users/xiongaox/Downloads/Cursor_test/TextCorrection/地理五诀/78.再论平洋风水看法指明.srt
2025-07-01 17:45:52,359 - INFO - 已处理: /Users/xiongaox/Downloads/Cursor_test/TextCorrection/地理五诀/81.平洋风水断法图_明堂为财库.srt
2025-07-01 17:45:52,366 - INFO - 已处理: /Users/xiongaox/Downloads/Cursor_test/TextCorrection/地理五诀/47.认奇形怪穴法_什么是怪穴.srt
2025-07-01 17:45:52,377 - INFO - 已处理: /Users/xiongaox/Downloads/Cursor_test/TextCorrection/地理五诀/39.金星山如何结穴_有哪些含义.srt
2025-07-01 17:45:52,380 - INFO - 已处理: /Users/xiongaox/Downloads/Cursor_test/TextCorrection/地理五诀/12.八山总论_八个方位有山会如何.srt
2025-07-01 17:45:52,388 - INFO - 已处理: /Users/xiongaox/Downloads/Cursor_test/TextCorrection/地理五诀/38.土星山是如何结穴_有哪些特点.srt
2025-07-01 17:45:52,405 - INFO - 已处理: /Users/xiongaox/Downloads/Cursor_test/TextCorrection/地理五诀/11.风水论_八风吉凶断法.srt
2025-07-01 17:45:52,411 - INFO - 已处理: /Users/xiongaox/Downloads/Cursor_test/TextCorrection/地理五诀/46.富贵贫贱穴法_如何看风水富贵贫贱.srt
2025-07-01 17:45:52,413 - INFO - 已处理: /Users/xiongaox/Downloads/Cursor_test/TextCorrection/地理五诀/60.吉凶砂形图17-24山形图讲解.srt
2025-07-01 17:45:52,416 - INFO - 已处理: /Users/xiongaox/Downloads/Cursor_test/TextCorrection/地理五诀/79.平洋风水左边高和右边高的吉凶.srt
2025-07-01 17:45:52,417 - INFO - 已处理: /Users/xiongaox/Downloads/Cursor_test/TextCorrection/地理五诀/40.水星山如何结穴_怎么去看.srt
2025-07-01 17:45:52,424 - INFO - 已处理: /Users/xiongaox/Downloads/Cursor_test/TextCorrection/地理五诀/33.穴诀_如何点穴.srt
2025-07-01 17:45:52,428 - INFO - 已处理: /Users/xiongaox/Downloads/Cursor_test/TextCorrection/地理五诀/14.覆验旧茔法_如何看阴宅风水.srt
2025-07-01 17:45:52,430 - INFO - 已处理: /Users/xiongaox/Downloads/Cursor_test/TextCorrection/地理五诀/64.吉凶砂形图49-57山形图讲解.srt
2025-07-01 17:45:52,433 - INFO - 已处理: /Users/xiongaox/Downloads/Cursor_test/TextCorrection/地理五诀/63.吉凶砂形图41-48山形图讲解.srt
2025-07-01 17:45:52,436 - INFO - 已处理: /Users/xiongaox/Downloads/Cursor_test/TextCorrection/地理五诀/42.继续讲凶穴_穴凶地不真.srt
2025-07-01 17:45:52,448 - INFO - 已处理: /Users/xiongaox/Downloads/Cursor_test/TextCorrection/地理五诀/71.扑面水_冲心水_牵牛水等凶水讲解.srt
2025-07-01 17:45:52,454 - INFO - 已处理: /Users/xiongaox/Downloads/Cursor_test/TextCorrection/地理五诀/30.认识干龙支龙贵龙的方法.srt
2025-07-01 17:45:52,458 - INFO - 已处理: /Users/xiongaox/Downloads/Cursor_test/TextCorrection/地理五诀/51.论火土金水贵人砂.srt
2025-07-01 17:45:52,460 - INFO - 已处理: /Users/xiongaox/Downloads/Cursor_test/TextCorrection/地理五诀/66.形式水法_五行水法要认清.srt
2025-07-01 17:45:52,463 - INFO - 已处理: /Users/xiongaox/Downloads/Cursor_test/TextCorrection/地理五诀/55.天马砂_催官催富最快的风水.srt
2025-07-01 17:45:52,466 - INFO - 已处理: /Users/xiongaox/Downloads/Cursor_test/TextCorrection/地理五诀/83.平洋风水图讲解完.srt
2025-07-01 17:45:52,467 - INFO - 已处理: /Users/xiongaox/Downloads/Cursor_test/TextCorrection/地理五诀/04.论八方天马方位.srt
2025-07-01 17:45:52,474 - INFO - 已处理: /Users/xiongaox/Downloads/Cursor_test/TextCorrection/地理五诀/41.何为凶穴_这些地不能用.srt
2025-07-01 17:45:52,477 - INFO - 已处理: /Users/xiongaox/Downloads/Cursor_test/TextCorrection/地理五诀/80.平洋风水_左右高压损丁寿.srt
2025-07-01 17:45:52,487 - INFO - 已处理: /Users/xiongaox/Downloads/Cursor_test/TextCorrection/地理五诀/58.吉凶砂形图1-8山形图讲解.srt
2025-07-01 17:45:52,493 - INFO - 已处理: /Users/xiongaox/Downloads/Cursor_test/TextCorrection/地理五诀/45.横龙结穴_如何才算大吉.srt
2025-07-01 17:45:52,498 - INFO - 已处理: /Users/xiongaox/Downloads/Cursor_test/TextCorrection/地理五诀/48.八宿借库法_如何运用.srt
2025-07-01 17:45:52,500 - INFO - 已处理: /Users/xiongaox/Downloads/Cursor_test/TextCorrection/地理五诀/16.看小地法_普通风水怎么看.srt
2025-07-01 17:45:52,502 - INFO - 已处理: /Users/xiongaox/Downloads/Cursor_test/TextCorrection/地理五诀/37.火星山如何结穴.srt
2025-07-01 17:45:52,504 - INFO - 已处理: /Users/xiongaox/Downloads/Cursor_test/TextCorrection/地理五诀/54.库柜砂_催发富贵的山形.srt
2025-07-01 17:45:52,505 - INFO - 已处理: /Users/xiongaox/Downloads/Cursor_test/TextCorrection/地理五诀/62.吉凶砂形图33-40山形图讲解.srt
2025-07-01 17:45:52,508 - INFO - 已处理: /Users/xiongaox/Downloads/Cursor_test/TextCorrection/葬书/24.【山形论】通过山形来看吉凶.srt
2025-07-01 17:45:52,511 - INFO - 已处理: /Users/xiongaox/Downloads/Cursor_test/TextCorrection/葬书/06.【方法论】为何得水为上.srt
2025-07-01 17:45:52,514 - INFO - 已处理: /Users/xiongaox/Downloads/Cursor_test/TextCorrection/葬书/19.【败椁论】四灵应该如何去看.srt
2025-07-01 17:45:52,516 - INFO - 已处理: /Users/xiongaox/Downloads/Cursor_test/TextCorrection/葬书/12.风水哪有五种山不能用.srt
2025-07-01 17:45:52,523 - INFO - 已处理: /Users/xiongaox/Downloads/Cursor_test/TextCorrection/葬书/16.【止聚论】真龙是藏在哪儿的.srt
2025-07-01 17:45:52,526 - INFO - 已处理: /Users/xiongaox/Downloads/Cursor_test/TextCorrection/葬书/09.【方法论】何为阴阳交合.srt
2025-07-01 17:45:52,527 - INFO - 已处理: /Users/xiongaox/Downloads/Cursor_test/TextCorrection/葬书/00.什么是《葬书》_如何去学习.srt
2025-07-01 17:45:52,532 - INFO - 已处理: /Users/xiongaox/Downloads/Cursor_test/TextCorrection/葬书/23.【山形论】如何从山形看吉凶.srt
2025-07-01 17:45:52,535 - INFO - 已处理: /Users/xiongaox/Downloads/Cursor_test/TextCorrection/葬书/26.什么是风水三吉六凶.srt
2025-07-01 17:45:52,537 - INFO - 已处理: /Users/xiongaox/Downloads/Cursor_test/TextCorrection/葬书/17.【吉葬论】见水则龙止.srt
2025-07-01 17:45:52,540 - INFO - 已处理: /Users/xiongaox/Downloads/Cursor_test/TextCorrection/葬书/13.【万乘论】好风水是什么样的.srt
2025-07-01 17:45:52,543 - INFO - 已处理: /Users/xiongaox/Downloads/Cursor_test/TextCorrection/葬书/22.【山势论】如何看山势吉凶.srt
2025-07-01 17:45:52,545 - INFO - 已处理: /Users/xiongaox/Downloads/Cursor_test/TextCorrection/葬书/25.【四势论】方位学.srt
2025-07-01 17:45:52,549 - INFO - 已处理: /Users/xiongaox/Downloads/Cursor_test/TextCorrection/葬书/02.【气感论】第二讲.srt
2025-07-01 17:45:52,552 - INFO - 已处理: /Users/xiongaox/Downloads/Cursor_test/TextCorrection/葬书/01.【生气论】第一讲.srt
2025-07-01 17:45:52,554 - INFO - 已处理: /Users/xiongaox/Downloads/Cursor_test/TextCorrection/葬书/14.【支垅论】好风水必须要与众不同.srt
2025-07-01 17:45:52,556 - INFO - 已处理: /Users/xiongaox/Downloads/Cursor_test/TextCorrection/葬书/07.【方法论】气如何体现.srt
2025-07-01 17:45:52,558 - INFO - 已处理: /Users/xiongaox/Downloads/Cursor_test/TextCorrection/葬书/03.【生气论】第三讲.srt
2025-07-01 17:45:52,561 - INFO - 已处理: /Users/xiongaox/Downloads/Cursor_test/TextCorrection/葬书/21.【朱雀论】什么样的水才是吉祥的.srt
2025-07-01 17:45:52,563 - INFO - 已处理: /Users/xiongaox/Downloads/Cursor_test/TextCorrection/葬书/05.【生气论】第五讲.srt
2025-07-01 17:45:52,566 - INFO - 已处理: /Users/xiongaox/Downloads/Cursor_test/TextCorrection/葬书/20.【朱雀论】如何看水之吉凶.srt
2025-07-01 17:45:52,569 - INFO - 已处理: /Users/xiongaox/Downloads/Cursor_test/TextCorrection/葬书/18.【败椁论】从土色看吉凶的方法.srt
2025-07-01 17:45:52,572 - INFO - 已处理: /Users/xiongaox/Downloads/Cursor_test/TextCorrection/葬书/08.【方法论】如何寻龙.srt
2025-07-01 17:45:52,572 - INFO - 文件类型统计:
2025-07-01 17:45:52,572 - INFO -   .srt (SRT字幕文件): 534 个文件
2025-07-01 17:45:52,572 - INFO - 共删除 226637 行空内容行
2025-07-01 17:45:52,572 - INFO - 处理完成! 总计: 534 文件, 修改: 360 文件, 处理出错: 0 文件
