2025-06-06 09:54:58,805 - INFO - 多格式文本处理程序启动
2025-06-06 09:54:58,805 - INFO - 将处理当前目录: /Users/xiongaox/Downloads/0命理学/【李双林】易学音频/0606srt
2025-06-06 09:54:58,805 - INFO - 支持的文件格式:
2025-06-06 09:54:58,805 - INFO -   .lrc - LRC歌词文件
2025-06-06 09:54:58,805 - INFO -   .txt - 纯文本文件
2025-06-06 09:54:58,805 - INFO -   .srt - SRT字幕文件
2025-06-06 09:54:58,805 - INFO -   .ass - ASS字幕文件
2025-06-06 09:54:58,805 - INFO -   .ssa - SSA字幕文件
2025-06-06 09:54:58,805 - INFO -   .vtt - WebVTT字幕文件
2025-06-06 09:54:58,805 - INFO - 加载了 82 个替换规则
2025-06-06 09:54:58,805 - INFO - 开始处理目录: /Users/xiongaox/Downloads/0命理学/【李双林】易学音频/0606srt
2025-06-06 09:54:58,805 - INFO - 支持的文件格式: .lrc, .txt, .srt, .ass, .ssa, .vtt
2025-06-06 09:54:58,961 - INFO - 已处理: /Users/xiongaox/Downloads/0命理学/【李双林】易学音频/0606srt/八字命理/067.坤造：己巳_乙亥_壬辰_壬寅.srt
2025-06-06 09:54:58,967 - INFO - 已处理: /Users/xiongaox/Downloads/0命理学/【李双林】易学音频/0606srt/八字命理/084.乾造：戊寅_乙卯_丁巳_辛亥.srt
2025-06-06 09:54:58,970 - INFO - 已处理: /Users/xiongaox/Downloads/0命理学/【李双林】易学音频/0606srt/八字命理/038.乾造：乙亥_壬午_戊辰_壬戌.srt
2025-06-06 09:54:58,973 - INFO - 已处理: /Users/xiongaox/Downloads/0命理学/【李双林】易学音频/0606srt/八字命理/047.坤造：乙亥_丁亥_乙巳_丙戌.srt
2025-06-06 09:54:58,976 - INFO - 已处理: /Users/xiongaox/Downloads/0命理学/【李双林】易学音频/0606srt/八字命理/008.乾造：丁卯_丙午_甲辰_己巳.srt
2025-06-06 09:54:58,983 - INFO - 已处理: /Users/xiongaox/Downloads/0命理学/【李双林】易学音频/0606srt/八字命理/094.乾造：戊辰_乙丑_甲申_丁卯.srt
2025-06-06 09:54:58,987 - INFO - 已处理: /Users/xiongaox/Downloads/0命理学/【李双林】易学音频/0606srt/八字命理/140.坤造：甲寅_甲戌_戊戌_丙辰.srt
2025-06-06 09:54:58,999 - INFO - 已处理: /Users/xiongaox/Downloads/0命理学/【李双林】易学音频/0606srt/八字命理/096.乾造：戊辰_戊午_乙卯_甲申.srt
2025-06-06 09:54:59,003 - INFO - 已处理: /Users/xiongaox/Downloads/0命理学/【李双林】易学音频/0606srt/八字命理/156.坤造：辛未_庚寅_丁巳_甲辰.srt
2025-06-06 09:54:59,008 - INFO - 已处理: /Users/xiongaox/Downloads/0命理学/【李双林】易学音频/0606srt/八字命理/138.坤造：甲子_乙亥_丁未_丁未.srt
2025-06-06 09:54:59,012 - INFO - 已处理: /Users/xiongaox/Downloads/0命理学/【李双林】易学音频/0606srt/八字命理/004.乾造：丁丑_庚戌_己丑_癸酉.srt
2025-06-06 09:54:59,015 - INFO - 已处理: /Users/xiongaox/Downloads/0命理学/【李双林】易学音频/0606srt/八字命理/001.坤造：辛酉_甲午_丁巳_乙巳.srt
2025-06-06 09:54:59,017 - INFO - 已处理: /Users/xiongaox/Downloads/0命理学/【李双林】易学音频/0606srt/八字命理/152.坤造：辛巳_己亥_丙子_己亥.srt
2025-06-06 09:54:59,028 - INFO - 已处理: /Users/xiongaox/Downloads/0命理学/【李双林】易学音频/0606srt/八字命理/025.坤造：丁巳_庚戌_辛酉_甲午.srt
2025-06-06 09:54:59,036 - INFO - 已处理: /Users/xiongaox/Downloads/0命理学/【李双林】易学音频/0606srt/八字命理/105.坤造：庚午_辛巳_庚寅_己卯.srt
2025-06-06 09:54:59,048 - INFO - 已处理: /Users/xiongaox/Downloads/0命理学/【李双林】易学音频/0606srt/八字命理/076.乾造：庚午_壬午_辛亥_丁酉.srt
2025-06-06 09:54:59,053 - INFO - 已处理: /Users/xiongaox/Downloads/0命理学/【李双林】易学音频/0606srt/八字命理/063.坤造：己巳_丁卯_庚寅_壬午.srt
2025-06-06 09:54:59,072 - INFO - 已处理: /Users/xiongaox/Downloads/0命理学/【李双林】易学音频/0606srt/八字命理/120.乾造：癸亥_壬戌_壬午_戊申.srt
2025-06-06 09:54:59,092 - INFO - 已处理: /Users/xiongaox/Downloads/0命理学/【李双林】易学音频/0606srt/八字命理/159.坤造：辛酉_己亥_丁未_丁未.srt
2025-06-06 09:54:59,099 - INFO - 已处理: /Users/xiongaox/Downloads/0命理学/【李双林】易学音频/0606srt/八字命理/119.坤造：戊申_壬戌_戊午_癸亥.srt
2025-06-06 09:54:59,105 - INFO - 已处理: /Users/xiongaox/Downloads/0命理学/【李双林】易学音频/0606srt/八字命理/117.坤造：戊午_壬戌_丙辰_己亥.srt
2025-06-06 09:54:59,114 - INFO - 已处理: /Users/xiongaox/Downloads/0命理学/【李双林】易学音频/0606srt/八字命理/127.坤造：戊辰_己未_乙酉_壬午.srt
2025-06-06 09:54:59,122 - INFO - 已处理: /Users/xiongaox/Downloads/0命理学/【李双林】易学音频/0606srt/八字命理/118.乾造：癸亥_乙卯_丙午_辛卯.srt
2025-06-06 09:54:59,125 - INFO - 已处理: /Users/xiongaox/Downloads/0命理学/【李双林】易学音频/0606srt/八字命理/089.坤造：己未_己巳_辛巳_乙未.srt
2025-06-06 09:54:59,131 - INFO - 已处理: /Users/xiongaox/Downloads/0命理学/【李双林】易学音频/0606srt/八字命理/083.坤造：己巳_辛未_戊戌_癸亥.srt
2025-06-06 09:54:59,135 - INFO - 已处理: /Users/xiongaox/Downloads/0命理学/【李双林】易学音频/0606srt/八字命理/054.乾造：壬戌_辛亥_己亥_乙丑.srt
2025-06-06 09:54:59,145 - INFO - 已处理: /Users/xiongaox/Downloads/0命理学/【李双林】易学音频/0606srt/八字命理/080.乾造：庚申_壬午_壬子_甲辰.srt
2025-06-06 09:54:59,148 - INFO - 已处理: /Users/xiongaox/Downloads/0命理学/【李双林】易学音频/0606srt/八字命理/040.乾造：乙亥_壬午_辛未_甲午.srt
2025-06-06 09:54:59,159 - INFO - 已处理: /Users/xiongaox/Downloads/0命理学/【李双林】易学音频/0606srt/八字命理/135.坤造：戊辰_癸亥_甲午_己巳.srt
2025-06-06 09:54:59,166 - INFO - 已处理: /Users/xiongaox/Downloads/0命理学/【李双林】易学音频/0606srt/八字命理/042.乾造：乙亥_辛巳_甲子_丙寅.srt
2025-06-06 09:54:59,172 - INFO - 已处理: /Users/xiongaox/Downloads/0命理学/【李双林】易学音频/0606srt/八字命理/061.坤造：己卯_甲戌_庚戌_乙酉.srt
2025-06-06 09:54:59,174 - INFO - 已处理: /Users/xiongaox/Downloads/0命理学/【李双林】易学音频/0606srt/八字命理/037.坤造：乙丑_壬午_庚辰_壬午.srt
2025-06-06 09:54:59,198 - INFO - 已处理: /Users/xiongaox/Downloads/0命理学/【李双林】易学音频/0606srt/八字命理/139.坤造：甲子_癸酉_丙辰_戊子.srt
2025-06-06 09:54:59,221 - INFO - 已处理: /Users/xiongaox/Downloads/0命理学/【李双林】易学音频/0606srt/八字命理/028.乾造：乙丑_壬午_丙戌_庚寅.srt
2025-06-06 09:54:59,231 - INFO - 已处理: /Users/xiongaox/Downloads/0命理学/【李双林】易学音频/0606srt/八字命理/091.坤造：己未_庚午_丙午_壬辰.srt
2025-06-06 09:54:59,250 - INFO - 已处理: /Users/xiongaox/Downloads/0命理学/【李双林】易学音频/0606srt/八字命理/055.坤造：壬戌_乙巳_庚子_丙子.srt
2025-06-06 09:54:59,260 - INFO - 已处理: /Users/xiongaox/Downloads/0命理学/【李双林】易学音频/0606srt/八字命理/030.乾造：乙丑_己丑_辛亥_壬辰.srt
2025-06-06 09:54:59,269 - INFO - 已处理: /Users/xiongaox/Downloads/0命理学/【李双林】易学音频/0606srt/八字命理/050.乾造：壬戌_丙午_乙亥_乙酉.srt
2025-06-06 09:54:59,273 - INFO - 已处理: /Users/xiongaox/Downloads/0命理学/【李双林】易学音频/0606srt/八字命理/144.坤造：甲成_乙亥_辛亥_甲午.srt
2025-06-06 09:54:59,296 - INFO - 已处理: /Users/xiongaox/Downloads/0命理学/【李双林】易学音频/0606srt/八字命理/081.坤造：己巳_辛未_己丑_辛未.srt
2025-06-06 09:54:59,307 - INFO - 已处理: /Users/xiongaox/Downloads/0命理学/【李双林】易学音频/0606srt/八字命理/095.坤造：己未_辛未_戊子_丁巳.srt
2025-06-06 09:54:59,311 - INFO - 已处理: /Users/xiongaox/Downloads/0命理学/【李双林】易学音频/0606srt/八字命理/103.坤造：庚午_戊寅_辛丑_己丑.srt
2025-06-06 09:54:59,315 - INFO - 已处理: /Users/xiongaox/Downloads/0命理学/【李双林】易学音频/0606srt/八字命理/034.乾造：乙亥_乙酉_乙巳_丁亥.srt
2025-06-06 09:54:59,318 - INFO - 已处理: /Users/xiongaox/Downloads/0命理学/【李双林】易学音频/0606srt/八字命理/121.坤造：戊辰_乙丑_甲午_丙寅.srt
2025-06-06 09:54:59,332 - INFO - 已处理: /Users/xiongaox/Downloads/0命理学/【李双林】易学音频/0606srt/八字命理/154.坤造：辛未_己亥_辛亥_丙申.srt
2025-06-06 09:54:59,361 - INFO - 已处理: /Users/xiongaox/Downloads/0命理学/【李双林】易学音频/0606srt/八字命理/015.坤造：丁卯_戊申_庚子_壬午.srt
2025-06-06 09:54:59,369 - INFO - 已处理: /Users/xiongaox/Downloads/0命理学/【李双林】易学音频/0606srt/八字命理/142.坤造：甲戌_戊辰_戊辰_甲寅.srt
2025-06-06 09:54:59,371 - INFO - 已处理: /Users/xiongaox/Downloads/0命理学/【李双林】易学音频/0606srt/八字命理/131.坤造：戊辰_庚申_己酉_庚午.srt
2025-06-06 09:54:59,402 - INFO - 已处理: /Users/xiongaox/Downloads/0命理学/【李双林】易学音频/0606srt/八字命理/093.坤造：己未_庚午_戊午_癸亥.srt
2025-06-06 09:54:59,412 - INFO - 已处理: /Users/xiongaox/Downloads/0命理学/【李双林】易学音频/0606srt/八字命理/077.坤造：己巳_癸酉_己亥_乙丑.srt
2025-06-06 09:54:59,482 - INFO - 已处理: /Users/xiongaox/Downloads/0命理学/【李双林】易学音频/0606srt/八字命理/078.乾造：庚午_癸未_丙子_癸巳.srt
2025-06-06 09:54:59,488 - INFO - 已处理: /Users/xiongaox/Downloads/0命理学/【李双林】易学音频/0606srt/八字命理/018.乾造：丁巳_辛亥_己丑_甲戌.srt
2025-06-06 09:54:59,494 - INFO - 已处理: /Users/xiongaox/Downloads/0命理学/【李双林】易学音频/0606srt/八字命理/048.乾造：壬戌_丁未_辛丑_癸巳.srt
2025-06-06 09:54:59,498 - INFO - 已处理: /Users/xiongaox/Downloads/0命理学/【李双林】易学音频/0606srt/八字命理/043.坤造：乙丑_辛巳_辛未_癸巳.srt
2025-06-06 09:54:59,521 - INFO - 已处理: /Users/xiongaox/Downloads/0命理学/【李双林】易学音频/0606srt/八字命理/051.坤造：乙亥_癸未_壬寅_丁未.srt
2025-06-06 09:54:59,524 - INFO - 已处理: /Users/xiongaox/Downloads/0命理学/【李双林】易学音频/0606srt/八字命理/039.坤造：乙丑_癸未_甲寅_戊辰.srt
2025-06-06 09:54:59,528 - INFO - 已处理: /Users/xiongaox/Downloads/0命理学/【李双林】易学音频/0606srt/正五行择日/31.天德月德岁德的推算以及用法.srt
2025-06-06 09:54:59,532 - INFO - 已处理: /Users/xiongaox/Downloads/0命理学/【李双林】易学音频/0606srt/正五行择日/33.修灶安灶择日方法揭秘.srt
2025-06-06 09:54:59,533 - INFO - 已处理: /Users/xiongaox/Downloads/0命理学/【李双林】易学音频/0606srt/正五行择日/15.论戊己都天和太岁堆黄.srt
2025-06-06 09:54:59,537 - INFO - 已处理: /Users/xiongaox/Downloads/0命理学/【李双林】易学音频/0606srt/正五行择日/28.天赦日_年解神_月解神的用法.srt
2025-06-06 09:54:59,541 - INFO - 已处理: /Users/xiongaox/Downloads/0命理学/【李双林】易学音频/0606srt/正五行择日/18.论剑锋煞_以及用法.srt
2025-06-06 09:54:59,544 - INFO - 已处理: /Users/xiongaox/Downloads/0命理学/【李双林】易学音频/0606srt/正五行择日/16.论重丧日和剑锋煞的用法.srt
2025-06-06 09:54:59,550 - INFO - 已处理: /Users/xiongaox/Downloads/0命理学/【李双林】易学音频/0606srt/正五行择日/17.论贵人登天时推算方法以及用法.srt
2025-06-06 09:54:59,559 - INFO - 已处理: /Users/xiongaox/Downloads/0命理学/【李双林】易学音频/0606srt/正五行择日/24.婚嫁择日的方法.srt
2025-06-06 09:54:59,565 - INFO - 已处理: /Users/xiongaox/Downloads/0命理学/【李双林】易学音频/0606srt/正五行择日/30.有利健康的择日方法_天医方.srt
2025-06-06 09:54:59,569 - INFO - 已处理: /Users/xiongaox/Downloads/0命理学/【李双林】易学音频/0606srt/正五行择日/34.搬家入宅如何择日.srt
2025-06-06 09:54:59,573 - INFO - 已处理: /Users/xiongaox/Downloads/0命理学/【李双林】易学音频/0606srt/正五行择日/27.日课如何催科甲.srt
2025-06-06 09:54:59,574 - INFO - 已处理: /Users/xiongaox/Downloads/0命理学/【李双林】易学音频/0606srt/正五行择日/19.论大月建_小月建推算方法以及用法.srt
2025-06-06 09:54:59,576 - INFO - 已处理: /Users/xiongaox/Downloads/0命理学/【李双林】易学音频/0606srt/正五行择日/20.论太阳与太阴到山到向的推法和用法.srt
2025-06-06 09:54:59,581 - INFO - 已处理: /Users/xiongaox/Downloads/0命理学/【李双林】易学音频/0606srt/正五行择日/3.贵人禄马三合长生口诀.srt
2025-06-06 09:54:59,650 - INFO - 已处理: /Users/xiongaox/Downloads/0命理学/【李双林】易学音频/0606srt/催官篇/15.论甲寅方来龙吉凶_以及阳龙的特点.srt
2025-06-06 09:54:59,856 - INFO - 已处理: /Users/xiongaox/Downloads/0命理学/【李双林】易学音频/0606srt/雪心赋/36.看山水就和看人一样_点穴心法.srt
2025-06-06 09:54:59,864 - INFO - 已处理: /Users/xiongaox/Downloads/0命理学/【李双林】易学音频/0606srt/雪心赋/7.作穴须趋吉而避凶.srt
2025-06-06 09:55:00,096 - INFO - 文件类型统计:
2025-06-06 09:55:00,096 - INFO -   .srt (SRT字幕文件): 534 个文件
2025-06-06 09:55:00,096 - INFO - 替换词使用统计:
2025-06-06 09:55:00,096 - INFO -   '五月' 被替换了 68 次
2025-06-06 09:55:00,096 - INFO -   '既神' 被替换了 39 次
2025-06-06 09:55:00,096 - INFO -   '夫心' 被替换了 25 次
2025-06-06 09:55:00,096 - INFO -   '年脂' 被替换了 13 次
2025-06-06 09:55:00,097 - INFO - 处理完成! 总计: 534 文件, 修改: 73 文件, 处理出错: 0 文件
