2025-06-06 13:40:06,597 - INFO - 多格式文本处理程序启动
2025-06-06 13:40:06,597 - INFO - 将处理当前目录: /Users/xiongaox/Downloads/0命理学/【李双林】易学音频/0606srt
2025-06-06 13:40:06,597 - INFO - 支持的文件格式:
2025-06-06 13:40:06,597 - INFO -   .lrc - LRC歌词文件
2025-06-06 13:40:06,597 - INFO -   .txt - 纯文本文件
2025-06-06 13:40:06,597 - INFO -   .srt - SRT字幕文件
2025-06-06 13:40:06,597 - INFO -   .ass - ASS字幕文件
2025-06-06 13:40:06,597 - INFO -   .ssa - SSA字幕文件
2025-06-06 13:40:06,597 - INFO -   .vtt - WebVTT字幕文件
2025-06-06 13:40:06,597 - INFO - 加载了 125 个替换规则
2025-06-06 13:40:06,598 - INFO - 开始处理目录: /Users/xiongaox/Downloads/0命理学/【李双林】易学音频/0606srt
2025-06-06 13:40:06,598 - INFO - 支持的文件格式: .lrc, .txt, .srt, .ass, .ssa, .vtt
2025-06-06 13:40:06,601 - INFO - 已处理: /Users/xiongaox/Downloads/0命理学/【李双林】易学音频/0606srt/风水直断/12.容易引发牢狱官非的风水组合.srt
2025-06-06 13:40:06,602 - INFO - 已处理: /Users/xiongaox/Downloads/0命理学/【李双林】易学音频/0606srt/风水直断/10.容易导致交通事故的风水有哪些.srt
2025-06-06 13:40:06,605 - INFO - 已处理: /Users/xiongaox/Downloads/0命理学/【李双林】易学音频/0606srt/风水直断/13.会导致成为绝房的风水格局有哪些.srt
2025-06-06 13:40:06,607 - INFO - 已处理: /Users/xiongaox/Downloads/0命理学/【李双林】易学音频/0606srt/风水直断/5.会导致脱发_秃头的风水.srt
2025-06-06 13:40:06,610 - INFO - 已处理: /Users/xiongaox/Downloads/0命理学/【李双林】易学音频/0606srt/风水直断/2.出哑巴的风水是什么样的.srt
2025-06-06 13:40:06,612 - INFO - 已处理: /Users/xiongaox/Downloads/0命理学/【李双林】易学音频/0606srt/风水直断/22.会出修行人的风水有哪些.srt
2025-06-06 13:40:06,614 - INFO - 已处理: /Users/xiongaox/Downloads/0命理学/【李双林】易学音频/0606srt/风水直断/31.会导致子女得头疼病的风水.srt
2025-06-06 13:40:06,616 - INFO - 已处理: /Users/xiongaox/Downloads/0命理学/【李双林】易学音频/0606srt/风水直断/7.会导致女性犯桃花的风水.srt
2025-06-06 13:40:06,618 - INFO - 已处理: /Users/xiongaox/Downloads/0命理学/【李双林】易学音频/0606srt/风水直断/28.会导致家人得肺病的风水有哪些.srt
2025-06-06 13:40:06,621 - INFO - 已处理: /Users/xiongaox/Downloads/0命理学/【李双林】易学音频/0606srt/风水直断/20.会使家人长寿的风水有哪些.srt
2025-06-06 13:40:06,623 - INFO - 已处理: /Users/xiongaox/Downloads/0命理学/【李双林】易学音频/0606srt/风水直断/15.会导致财运不好_代代贫穷的风水.srt
2025-06-06 13:40:06,625 - INFO - 已处理: /Users/xiongaox/Downloads/0命理学/【李双林】易学音频/0606srt/风水直断/11.容易导致家人多病_寿短的风水.srt
2025-06-06 13:40:06,628 - INFO - 已处理: /Users/xiongaox/Downloads/0命理学/【李双林】易学音频/0606srt/风水直断/19.如何看排行以会导致贫富差距较大的看法.srt
2025-06-06 13:40:06,630 - INFO - 已处理: /Users/xiongaox/Downloads/0命理学/【李双林】易学音频/0606srt/风水直断/29.哪些风水会出官贵之人.srt
2025-06-06 13:40:06,632 - INFO - 已处理: /Users/xiongaox/Downloads/0命理学/【李双林】易学音频/0606srt/风水直断/17.会导致家人多病的风水.srt
2025-06-06 13:40:06,634 - INFO - 已处理: /Users/xiongaox/Downloads/0命理学/【李双林】易学音频/0606srt/风水直断/21.哪些风水会世代出善良之人.srt
2025-06-06 13:40:06,637 - INFO - 已处理: /Users/xiongaox/Downloads/0命理学/【李双林】易学音频/0606srt/风水直断/16.会导致撞邪的风水有哪些.srt
2025-06-06 13:40:06,639 - INFO - 已处理: /Users/xiongaox/Downloads/0命理学/【李双林】易学音频/0606srt/风水直断/4.如何看家中会出腿脚残疾之人.srt
2025-06-06 13:40:06,641 - INFO - 已处理: /Users/xiongaox/Downloads/0命理学/【李双林】易学音频/0606srt/风水直断/8.容易导致子孙不孝的风水有哪些.srt
2025-06-06 13:40:06,643 - INFO - 已处理: /Users/xiongaox/Downloads/0命理学/【李双林】易学音频/0606srt/风水直断/6.会导致出精神疾病或痴傻的风水.srt
2025-06-06 13:40:06,646 - INFO - 已处理: /Users/xiongaox/Downloads/0命理学/【李双林】易学音频/0606srt/风水直断/24.专发女人的风水有哪些.srt
2025-06-06 13:40:06,648 - INFO - 已处理: /Users/xiongaox/Downloads/0命理学/【李双林】易学音频/0606srt/风水直断/23.会出奸诈小人的风水.srt
2025-06-06 13:40:06,650 - INFO - 已处理: /Users/xiongaox/Downloads/0命理学/【李双林】易学音频/0606srt/风水直断/14.会导致婚姻不顺的风水有哪些.srt
2025-06-06 13:40:06,652 - INFO - 已处理: /Users/xiongaox/Downloads/0命理学/【李双林】易学音频/0606srt/风水直断/1.如何看易出瞎子的风水.srt
2025-06-06 13:40:06,653 - INFO - 已处理: /Users/xiongaox/Downloads/0命理学/【李双林】易学音频/0606srt/风水直断/26.会导致子女得肝病的风水.srt
2025-06-06 13:40:06,655 - INFO - 已处理: /Users/xiongaox/Downloads/0命理学/【李双林】易学音频/0606srt/风水直断/18.会导致家人寿命不齐的风水.srt
2025-06-06 13:40:06,656 - INFO - 已处理: /Users/xiongaox/Downloads/0命理学/【李双林】易学音频/0606srt/风水直断/3.会导致后代耳聋的风水.srt
2025-06-06 13:40:06,658 - INFO - 已处理: /Users/xiongaox/Downloads/0命理学/【李双林】易学音频/0606srt/风水直断/9.会导致婚姻不利_夫妻分离的风水.srt
2025-06-06 13:40:06,660 - INFO - 已处理: /Users/xiongaox/Downloads/0命理学/【李双林】易学音频/0606srt/风水直断/27.真龙穴应该怎么去验证.srt
2025-06-06 13:40:06,661 - INFO - 已处理: /Users/xiongaox/Downloads/0命理学/【李双林】易学音频/0606srt/风水直断/25.会导致后人一代不如一代的风水.srt
2025-06-06 13:40:06,663 - INFO - 已处理: /Users/xiongaox/Downloads/0命理学/【李双林】易学音频/0606srt/风水直断/30.容易导致肾病的风水.srt
2025-06-06 13:40:06,668 - INFO - 已处理: /Users/xiongaox/Downloads/0命理学/【李双林】易学音频/0606srt/阳明心学/3.惟精惟一.srt
2025-06-06 13:40:06,673 - INFO - 已处理: /Users/xiongaox/Downloads/0命理学/【李双林】易学音频/0606srt/阳明心学/2.心外无物.srt
2025-06-06 13:40:06,680 - INFO - 已处理: /Users/xiongaox/Downloads/0命理学/【李双林】易学音频/0606srt/阳明心学/4.何为知行合一.srt
2025-06-06 13:40:06,686 - INFO - 已处理: /Users/xiongaox/Downloads/0命理学/【李双林】易学音频/0606srt/阳明心学/5.何为尽心知性.srt
2025-06-06 13:40:06,691 - INFO - 已处理: /Users/xiongaox/Downloads/0命理学/【李双林】易学音频/0606srt/阳明心学/1.何为至善.srt
2025-06-06 13:40:06,694 - INFO - 已处理: /Users/xiongaox/Downloads/0命理学/【李双林】易学音频/0606srt/天星风水/9.地母翻卦掌的推算方法.srt
2025-06-06 13:40:06,698 - INFO - 已处理: /Users/xiongaox/Downloads/0命理学/【李双林】易学音频/0606srt/天星风水/11.辅星水法以及三合水法的用法.srt
2025-06-06 13:40:06,700 - INFO - 已处理: /Users/xiongaox/Downloads/0命理学/【李双林】易学音频/0606srt/天星风水/10.揭秘纳甲和九星吉凶断语.srt
2025-06-06 13:40:06,703 - INFO - 已处理: /Users/xiongaox/Downloads/0命理学/【李双林】易学音频/0606srt/天星风水/4.认识三元龙_以及运用方法.srt
2025-06-06 13:40:06,705 - INFO - 已处理: /Users/xiongaox/Downloads/0命理学/【李双林】易学音频/0606srt/天星风水/6.什么是120分金_都有哪些用法.srt
2025-06-06 13:40:06,709 - INFO - 已处理: /Users/xiongaox/Downloads/0命理学/【李双林】易学音频/0606srt/天星风水/1.何为阴阳.srt
2025-06-06 13:40:06,713 - INFO - 已处理: /Users/xiongaox/Downloads/0命理学/【李双林】易学音频/0606srt/天星风水/12.天星阳宅法_真八宅的用法.srt
2025-06-06 13:40:06,715 - INFO - 已处理: /Users/xiongaox/Downloads/0命理学/【李双林】易学音频/0606srt/天星风水/3.认识24山_什么是正针_中针_缝针.srt
2025-06-06 13:40:06,718 - INFO - 已处理: /Users/xiongaox/Downloads/0命理学/【李双林】易学音频/0606srt/天星风水/2.学习五行以及生克之理.srt
2025-06-06 13:40:06,721 - INFO - 已处理: /Users/xiongaox/Downloads/0命理学/【李双林】易学音频/0606srt/天星风水/7.风水分房法_以及兼向的问题.srt
2025-06-06 13:40:06,724 - INFO - 已处理: /Users/xiongaox/Downloads/0命理学/【李双林】易学音频/0606srt/天星风水/5.简述什么是河图洛书以及先后天八卦.srt
2025-06-06 13:40:06,728 - INFO - 已处理: /Users/xiongaox/Downloads/0命理学/【李双林】易学音频/0606srt/天星风水/8.揭秘下罗盘的秘诀.srt
2025-06-06 13:40:06,731 - INFO - 已处理: /Users/xiongaox/Downloads/0命理学/【李双林】易学音频/0606srt/阳宅风水/16.书房的风水讲究.srt
2025-06-06 13:40:06,734 - INFO - 已处理: /Users/xiongaox/Downloads/0命理学/【李双林】易学音频/0606srt/阳宅风水/5.宅的形状非常重要_决定吉凶.srt
2025-06-06 13:40:06,736 - INFO - 已处理: /Users/xiongaox/Downloads/0命理学/【李双林】易学音频/0606srt/阳宅风水/12.水井看法_要注意哪些问题.srt
2025-06-06 13:40:06,739 - INFO - 已处理: /Users/xiongaox/Downloads/0命理学/【李双林】易学音频/0606srt/阳宅风水/9.正确的立向之法_不得不知.srt
2025-06-06 13:40:06,741 - INFO - 已处理: /Users/xiongaox/Downloads/0命理学/【李双林】易学音频/0606srt/阳宅风水/7.住房形状也会影响吉凶_这些房子不吉.srt
2025-06-06 13:40:06,743 - INFO - 已处理: /Users/xiongaox/Downloads/0命理学/【李双林】易学音频/0606srt/阳宅风水/18.看住房风水的心得分享.srt
2025-06-06 13:40:06,745 - INFO - 已处理: /Users/xiongaox/Downloads/0命理学/【李双林】易学音频/0606srt/阳宅风水/11.楼梯的风水禁忌.srt
2025-06-06 13:40:06,748 - INFO - 已处理: /Users/xiongaox/Downloads/0命理学/【李双林】易学音频/0606srt/阳宅风水/2.想要人丁兴旺_必须要有龙气.srt
2025-06-06 13:40:06,750 - INFO - 已处理: /Users/xiongaox/Downloads/0命理学/【李双林】易学音频/0606srt/阳宅风水/4.地基风水选择要点.srt
2025-06-06 13:40:06,753 - INFO - 已处理: /Users/xiongaox/Downloads/0命理学/【李双林】易学音频/0606srt/阳宅风水/17.学校和寺庙的风水看法.srt
2025-06-06 13:40:06,755 - INFO - 已处理: /Users/xiongaox/Downloads/0命理学/【李双林】易学音频/0606srt/阳宅风水/14.假山的风水看法.srt
2025-06-06 13:40:06,757 - INFO - 已处理: /Users/xiongaox/Downloads/0命理学/【李双林】易学音频/0606srt/阳宅风水/13.屋子旁边修建水池要注意什么.srt
2025-06-06 13:40:06,761 - INFO - 已处理: /Users/xiongaox/Downloads/0命理学/【李双林】易学音频/0606srt/阳宅风水/8.宅的外形影响吉凶.srt
2025-06-06 13:40:06,764 - INFO - 已处理: /Users/xiongaox/Downloads/0命理学/【李双林】易学音频/0606srt/阳宅风水/10.房屋安床的注意事项.srt
2025-06-06 13:40:06,766 - INFO - 已处理: /Users/xiongaox/Downloads/0命理学/【李双林】易学音频/0606srt/阳宅风水/1.阳宅风水的核心思想.srt
2025-06-06 13:40:06,769 - INFO - 已处理: /Users/xiongaox/Downloads/0命理学/【李双林】易学音频/0606srt/阳宅风水/3.堂局管财_学习发财的风水要点.srt
2025-06-06 13:40:06,771 - INFO - 已处理: /Users/xiongaox/Downloads/0命理学/【李双林】易学音频/0606srt/奇门遁甲/6.九宫的象义有哪些.srt
2025-06-06 13:40:06,772 - INFO - 已处理: /Users/xiongaox/Downloads/0命理学/【李双林】易学音频/0606srt/奇门遁甲/20.测官司诉讼的方法.srt
2025-06-06 13:40:06,775 - INFO - 已处理: /Users/xiongaox/Downloads/0命理学/【李双林】易学音频/0606srt/奇门遁甲/4.八门的象义讲解.srt
2025-06-06 13:40:06,777 - INFO - 已处理: /Users/xiongaox/Downloads/0命理学/【李双林】易学音频/0606srt/奇门遁甲/2.十二地支的象义讲解.srt
2025-06-06 13:40:06,779 - INFO - 已处理: /Users/xiongaox/Downloads/0命理学/【李双林】易学音频/0606srt/奇门遁甲/8.测疾病健康的经验.srt
2025-06-06 13:40:06,781 - INFO - 已处理: /Users/xiongaox/Downloads/0命理学/【李双林】易学音频/0606srt/奇门遁甲/12.凶格有哪些.srt
2025-06-06 13:40:06,783 - INFO - 已处理: /Users/xiongaox/Downloads/0命理学/【李双林】易学音频/0606srt/奇门遁甲/14.空亡的用法和作用.srt
2025-06-06 13:40:06,786 - INFO - 已处理: /Users/xiongaox/Downloads/0命理学/【李双林】易学音频/0606srt/奇门遁甲/9.测经营求财的经验.srt
2025-06-06 13:40:06,789 - INFO - 已处理: /Users/xiongaox/Downloads/0命理学/【李双林】易学音频/0606srt/奇门遁甲/15.测风水的一些经验.srt
2025-06-06 13:40:06,791 - INFO - 已处理: /Users/xiongaox/Downloads/0命理学/【李双林】易学音频/0606srt/奇门遁甲/19.测失物的一般方法.srt
2025-06-06 13:40:06,793 - INFO - 已处理: /Users/xiongaox/Downloads/0命理学/【李双林】易学音频/0606srt/奇门遁甲/10.什么是九遁有哪些含义.srt
2025-06-06 13:40:06,794 - INFO - 已处理: /Users/xiongaox/Downloads/0命理学/【李双林】易学音频/0606srt/奇门遁甲/1.三奇六仪的象义有哪些.srt
2025-06-06 13:40:06,796 - INFO - 已处理: /Users/xiongaox/Downloads/0命理学/【李双林】易学音频/0606srt/奇门遁甲/16.测恋爱婚姻的一般方法.srt
2025-06-06 13:40:06,799 - INFO - 已处理: /Users/xiongaox/Downloads/0命理学/【李双林】易学音频/0606srt/奇门遁甲/17.测疾病的方法.srt
2025-06-06 13:40:06,801 - INFO - 已处理: /Users/xiongaox/Downloads/0命理学/【李双林】易学音频/0606srt/奇门遁甲/18.测工作的方法.srt
2025-06-06 13:40:06,802 - INFO - 已处理: /Users/xiongaox/Downloads/0命理学/【李双林】易学音频/0606srt/奇门遁甲/5.八神的含义有哪些.srt
2025-06-06 13:40:06,804 - INFO - 已处理: /Users/xiongaox/Downloads/0命理学/【李双林】易学音频/0606srt/奇门遁甲/13.学习的经验之谈.srt
2025-06-06 13:40:06,806 - INFO - 已处理: /Users/xiongaox/Downloads/0命理学/【李双林】易学音频/0606srt/奇门遁甲/3.九星的象义讲解.srt
2025-06-06 13:40:06,808 - INFO - 已处理: /Users/xiongaox/Downloads/0命理学/【李双林】易学音频/0606srt/奇门遁甲/11.吉格有哪些.srt
2025-06-06 13:40:06,810 - INFO - 已处理: /Users/xiongaox/Downloads/0命理学/【李双林】易学音频/0606srt/金锁玉关/2.坤卦：住宅西南方之风水看法.srt
2025-06-06 13:40:06,812 - INFO - 已处理: /Users/xiongaox/Downloads/0命理学/【李双林】易学音频/0606srt/金锁玉关/3.震卦：住宅东方的风水看法_东方有水好不好.srt
2025-06-06 13:40:06,814 - INFO - 已处理: /Users/xiongaox/Downloads/0命理学/【李双林】易学音频/0606srt/金锁玉关/1.风水到底该怎么学.srt
2025-06-06 13:40:06,816 - INFO - 已处理: /Users/xiongaox/Downloads/0命理学/【李双林】易学音频/0606srt/金锁玉关/4.巽卦：住宅东南方有山好还是有水好呢.srt
2025-06-06 13:40:06,818 - INFO - 已处理: /Users/xiongaox/Downloads/0命理学/【李双林】易学音频/0606srt/金锁玉关/8.离卦：南方主发文才_这个方位喜见水还是砂.srt
2025-06-06 13:40:06,820 - INFO - 已处理: /Users/xiongaox/Downloads/0命理学/【李双林】易学音频/0606srt/金锁玉关/5.乾卦：住宅西北方的风水_是喜欢高起还是低矮呢.srt
2025-06-06 13:40:06,822 - INFO - 已处理: /Users/xiongaox/Downloads/0命理学/【李双林】易学音频/0606srt/金锁玉关/7.艮卦：东北方关系子孙多寡_没有男丁赶快检查一下这个方位.srt
2025-06-06 13:40:06,823 - INFO - 已处理: /Users/xiongaox/Downloads/0命理学/【李双林】易学音频/0606srt/金锁玉关/6.兑卦：住宅西方风水讲究_桃花旺一般和他有关系.srt
2025-06-06 13:40:06,827 - INFO - 已处理: /Users/xiongaox/Downloads/0命理学/【李双林】易学音频/0606srt/八字命理/067.坤造：己巳_乙亥_壬辰_壬寅.srt
2025-06-06 13:40:06,830 - INFO - 已处理: /Users/xiongaox/Downloads/0命理学/【李双林】易学音频/0606srt/八字命理/069.坤造：己巳_己巳_乙酉_己卯.srt
2025-06-06 13:40:06,834 - INFO - 已处理: /Users/xiongaox/Downloads/0命理学/【李双林】易学音频/0606srt/八字命理/084.乾造：戊寅_乙卯_丁巳_辛亥.srt
2025-06-06 13:40:06,838 - INFO - 已处理: /Users/xiongaox/Downloads/0命理学/【李双林】易学音频/0606srt/八字命理/038.乾造：乙亥_壬午_戊辰_壬戌.srt
2025-06-06 13:40:06,842 - INFO - 已处理: /Users/xiongaox/Downloads/0命理学/【李双林】易学音频/0606srt/八字命理/047.坤造：乙亥_丁亥_乙巳_丙戌.srt
2025-06-06 13:40:06,845 - INFO - 已处理: /Users/xiongaox/Downloads/0命理学/【李双林】易学音频/0606srt/八字命理/008.乾造：丁卯_丙午_甲辰_己巳.srt
2025-06-06 13:40:06,849 - INFO - 已处理: /Users/xiongaox/Downloads/0命理学/【李双林】易学音频/0606srt/八字命理/059.坤造：壬申_癸卯_庚戌_丙子.srt
2025-06-06 13:40:06,854 - INFO - 已处理: /Users/xiongaox/Downloads/0命理学/【李双林】易学音频/0606srt/八字命理/094.乾造：戊辰_乙丑_甲申_丁卯.srt
2025-06-06 13:40:06,859 - INFO - 已处理: /Users/xiongaox/Downloads/0命理学/【李双林】易学音频/0606srt/八字命理/140.坤造：甲寅_甲戌_戊戌_丙辰.srt
2025-06-06 13:40:06,865 - INFO - 已处理: /Users/xiongaox/Downloads/0命理学/【李双林】易学音频/0606srt/八字命理/023.坤造：丁卯_癸卯_丁卯_己酉.srt
2025-06-06 13:40:06,871 - INFO - 已处理: /Users/xiongaox/Downloads/0命理学/【李双林】易学音频/0606srt/八字命理/041.坤造：乙丑_癸未_辛酉_甲午.srt
2025-06-06 13:40:06,876 - INFO - 已处理: /Users/xiongaox/Downloads/0命理学/【李双林】易学音频/0606srt/八字命理/096.乾造：戊辰_戊午_乙卯_甲申.srt
2025-06-06 13:40:06,882 - INFO - 已处理: /Users/xiongaox/Downloads/0命理学/【李双林】易学音频/0606srt/八字命理/156.坤造：辛未_庚寅_丁巳_甲辰.srt
2025-06-06 13:40:06,886 - INFO - 已处理: /Users/xiongaox/Downloads/0命理学/【李双林】易学音频/0606srt/八字命理/151.坤造：癸酉_辛酉_辛酉_壬辰.srt
2025-06-06 13:40:06,890 - INFO - 已处理: /Users/xiongaox/Downloads/0命理学/【李双林】易学音频/0606srt/八字命理/138.坤造：甲子_乙亥_丁未_丁未.srt
2025-06-06 13:40:06,895 - INFO - 已处理: /Users/xiongaox/Downloads/0命理学/【李双林】易学音频/0606srt/八字命理/004.乾造：丁丑_庚戌_己丑_癸酉.srt
2025-06-06 13:40:06,899 - INFO - 已处理: /Users/xiongaox/Downloads/0命理学/【李双林】易学音频/0606srt/八字命理/001.坤造：辛酉_甲午_丁巳_乙巳.srt
2025-06-06 13:40:06,901 - INFO - 已处理: /Users/xiongaox/Downloads/0命理学/【李双林】易学音频/0606srt/八字命理/152.坤造：辛巳_己亥_丙子_己亥.srt
2025-06-06 13:40:06,903 - INFO - 已处理: /Users/xiongaox/Downloads/0命理学/【李双林】易学音频/0606srt/八字命理/110.乾造：甲戌_丁丑_己酉_壬申.srt
2025-06-06 13:40:06,908 - INFO - 已处理: /Users/xiongaox/Downloads/0命理学/【李双林】易学音频/0606srt/八字命理/104.乾造：王申_乙巳_辛丑_丁酉.srt
2025-06-06 13:40:06,911 - INFO - 已处理: /Users/xiongaox/Downloads/0命理学/【李双林】易学音频/0606srt/八字命理/086.乾造：戊辰_丁巳_己卯_壬申.srt
2025-06-06 13:40:06,916 - INFO - 已处理: /Users/xiongaox/Downloads/0命理学/【李双林】易学音频/0606srt/八字命理/025.坤造：丁巳_庚戌_辛酉_甲午.srt
2025-06-06 13:40:06,920 - INFO - 已处理: /Users/xiongaox/Downloads/0命理学/【李双林】易学音频/0606srt/八字命理/148.坤造：癸酉_壬戌_庚午_丙子.srt
2025-06-06 13:40:06,924 - INFO - 已处理: /Users/xiongaox/Downloads/0命理学/【李双林】易学音频/0606srt/八字命理/011.坤造：丁卯_壬寅_丁亥_癸卯.srt
2025-06-06 13:40:06,925 - INFO - 已处理: /Users/xiongaox/Downloads/0命理学/【李双林】易学音频/0606srt/八字命理/105.坤造：庚午_辛巳_庚寅_己卯.srt
2025-06-06 13:40:06,928 - INFO - 已处理: /Users/xiongaox/Downloads/0命理学/【李双林】易学音频/0606srt/八字命理/022.乾造：丙寅_辛丑_己未_丁卯.srt
2025-06-06 13:40:06,933 - INFO - 已处理: /Users/xiongaox/Downloads/0命理学/【李双林】易学音频/0606srt/八字命理/035.坤造：乙丑_丙戌_癸巳_壬戌.srt
2025-06-06 13:40:06,937 - INFO - 已处理: /Users/xiongaox/Downloads/0命理学/【李双林】易学音频/0606srt/八字命理/029.坤造：丙寅_庚子_丁未_甲辰.srt
2025-06-06 13:40:06,941 - INFO - 已处理: /Users/xiongaox/Downloads/0命理学/【李双林】易学音频/0606srt/八字命理/076.乾造：庚午_壬午_辛亥_丁酉.srt
2025-06-06 13:40:06,945 - INFO - 已处理: /Users/xiongaox/Downloads/0命理学/【李双林】易学音频/0606srt/八字命理/132.坤造：戊辰_戊午_癸巳_壬子.srt
2025-06-06 13:40:06,948 - INFO - 已处理: /Users/xiongaox/Downloads/0命理学/【李双林】易学音频/0606srt/八字命理/063.坤造：己巳_丁卯_庚寅_壬午.srt
2025-06-06 13:40:06,954 - INFO - 已处理: /Users/xiongaox/Downloads/0命理学/【李双林】易学音频/0606srt/八字命理/112.乾造：甲戌_丁丑_戊戌_丁巳.srt
2025-06-06 13:40:06,960 - INFO - 已处理: /Users/xiongaox/Downloads/0命理学/【李双林】易学音频/0606srt/八字命理/130.乾造：辛未_辛卯_乙巳_戊寅.srt
2025-06-06 13:40:06,965 - INFO - 已处理: /Users/xiongaox/Downloads/0命理学/【李双林】易学音频/0606srt/八字命理/153.坤造：辛未_己亥_丙申_壬辰.srt
2025-06-06 13:40:06,972 - INFO - 已处理: /Users/xiongaox/Downloads/0命理学/【李双林】易学音频/0606srt/八字命理/075.坤造：己巳_癸酉_壬辰_丙午.srt
2025-06-06 13:40:06,975 - INFO - 已处理: /Users/xiongaox/Downloads/0命理学/【李双林】易学音频/0606srt/八字命理/120.乾造：癸亥_壬戌_壬午_戊申.srt
2025-06-06 13:40:06,979 - INFO - 已处理: /Users/xiongaox/Downloads/0命理学/【李双林】易学音频/0606srt/八字命理/064.乾造：己巳_丙子_丁卯_丙午.srt
2025-06-06 13:40:06,984 - INFO - 已处理: /Users/xiongaox/Downloads/0命理学/【李双林】易学音频/0606srt/八字命理/024.乾造：丙寅_辛丑_戊寅_甲寅.srt
2025-06-06 13:40:06,990 - INFO - 已处理: /Users/xiongaox/Downloads/0命理学/【李双林】易学音频/0606srt/八字命理/027.坤造：丙寅_丙申_庚戌_丙子.srt
2025-06-06 13:40:06,992 - INFO - 已处理: /Users/xiongaox/Downloads/0命理学/【李双林】易学音频/0606srt/八字命理/026.乾造：乙丑_乙酉_丁丑_己酉.srt
2025-06-06 13:40:06,998 - INFO - 已处理: /Users/xiongaox/Downloads/0命理学/【李双林】易学音频/0606srt/八字命理/074.乾造：庚午_丙戌_甲子_癸酉.srt
2025-06-06 13:40:07,003 - INFO - 已处理: /Users/xiongaox/Downloads/0命理学/【李双林】易学音频/0606srt/八字命理/159.坤造：辛酉_己亥_丁未_丁未.srt
2025-06-06 13:40:07,008 - INFO - 已处理: /Users/xiongaox/Downloads/0命理学/【李双林】易学音频/0606srt/八字命理/032.乾造：乙丑_庚辰_庚子_甲申.srt
2025-06-06 13:40:07,013 - INFO - 已处理: /Users/xiongaox/Downloads/0命理学/【李双林】易学音频/0606srt/八字命理/119.坤造：戊申_壬戌_戊午_癸亥.srt
2025-06-06 13:40:07,018 - INFO - 已处理: /Users/xiongaox/Downloads/0命理学/【李双林】易学音频/0606srt/八字命理/147.坤造：癸酉_乙卯_丁未_癸卯.srt
2025-06-06 13:40:07,022 - INFO - 已处理: /Users/xiongaox/Downloads/0命理学/【李双林】易学音频/0606srt/八字命理/117.坤造：戊午_壬戌_丙辰_己亥.srt
2025-06-06 13:40:07,026 - INFO - 已处理: /Users/xiongaox/Downloads/0命理学/【李双林】易学音频/0606srt/八字命理/143.坤造：甲戌_癸酉_丁酉_癸卯.srt
2025-06-06 13:40:07,031 - INFO - 已处理: /Users/xiongaox/Downloads/0命理学/【李双林】易学音频/0606srt/八字命理/072.乾造：己巳_癸酉_庚寅_甲申.srt
2025-06-06 13:40:07,034 - INFO - 已处理: /Users/xiongaox/Downloads/0命理学/【李双林】易学音频/0606srt/八字命理/127.坤造：戊辰_己未_乙酉_壬午.srt
2025-06-06 13:40:07,039 - INFO - 已处理: /Users/xiongaox/Downloads/0命理学/【李双林】易学音频/0606srt/八字命理/097.坤造：庚午_丁亥_癸未_壬子.srt
2025-06-06 13:40:07,044 - INFO - 已处理: /Users/xiongaox/Downloads/0命理学/【李双林】易学音频/0606srt/八字命理/118.乾造：癸亥_乙卯_丙午_辛卯.srt
2025-06-06 13:40:07,049 - INFO - 已处理: /Users/xiongaox/Downloads/0命理学/【李双林】易学音频/0606srt/八字命理/089.坤造：己未_己巳_辛巳_乙未.srt
2025-06-06 13:40:07,053 - INFO - 已处理: /Users/xiongaox/Downloads/0命理学/【李双林】易学音频/0606srt/八字命理/031.坤造：丙寅_戊戌_壬寅_戊申.srt
2025-06-06 13:40:07,057 - INFO - 已处理: /Users/xiongaox/Downloads/0命理学/【李双林】易学音频/0606srt/八字命理/083.坤造：己巳_辛未_戊戌_癸亥.srt
2025-06-06 13:40:07,062 - INFO - 已处理: /Users/xiongaox/Downloads/0命理学/【李双林】易学音频/0606srt/八字命理/054.乾造：壬戌_辛亥_己亥_乙丑.srt
2025-06-06 13:40:07,066 - INFO - 已处理: /Users/xiongaox/Downloads/0命理学/【李双林】易学音频/0606srt/八字命理/009.坤造：丁卯_丁未_庚午_己卯.srt
2025-06-06 13:40:07,070 - INFO - 已处理: /Users/xiongaox/Downloads/0命理学/【李双林】易学音频/0606srt/八字命理/092.乾造：戊辰_乙丑_己丑_丙寅.srt
2025-06-06 13:40:07,073 - INFO - 已处理: /Users/xiongaox/Downloads/0命理学/【李双林】易学音频/0606srt/八字命理/014.乾造：丁卯_癸丑_丙寅_己亥.srt
2025-06-06 13:40:07,076 - INFO - 已处理: /Users/xiongaox/Downloads/0命理学/【李双林】易学音频/0606srt/八字命理/080.乾造：庚申_壬午_壬子_甲辰.srt
2025-06-06 13:40:07,081 - INFO - 已处理: /Users/xiongaox/Downloads/0命理学/【李双林】易学音频/0606srt/八字命理/040.乾造：乙亥_壬午_辛未_甲午.srt
2025-06-06 13:40:07,084 - INFO - 已处理: /Users/xiongaox/Downloads/0命理学/【李双林】易学音频/0606srt/八字命理/108.乾造：甲子_丙寅_己巳_戊辰.srt
2025-06-06 13:40:07,090 - INFO - 已处理: /Users/xiongaox/Downloads/0命理学/【李双林】易学音频/0606srt/八字命理/033.坤造：丙寅_癸巳_丙辰_癸巳.srt
2025-06-06 13:40:07,092 - INFO - 已处理: /Users/xiongaox/Downloads/0命理学/【李双林】易学音频/0606srt/八字命理/016.乾造：丁卯_癸卯_丁卯_辛亥.srt
2025-06-06 13:40:07,095 - INFO - 已处理: /Users/xiongaox/Downloads/0命理学/【李双林】易学音频/0606srt/八字命理/135.坤造：戊辰_癸亥_甲午_己巳.srt
2025-06-06 13:40:07,100 - INFO - 已处理: /Users/xiongaox/Downloads/0命理学/【李双林】易学音频/0606srt/八字命理/082.乾造：戊午_己未_辛卯_辛卯.srt
2025-06-06 13:40:07,104 - INFO - 已处理: /Users/xiongaox/Downloads/0命理学/【李双林】易学音频/0606srt/八字命理/042.乾造：乙亥_辛巳_甲子_丙寅.srt
2025-06-06 13:40:07,107 - INFO - 已处理: /Users/xiongaox/Downloads/0命理学/【李双林】易学音频/0606srt/八字命理/146.坤造：癸酉_丁巳_丙午_己亥.srt
2025-06-06 13:40:07,112 - INFO - 已处理: /Users/xiongaox/Downloads/0命理学/【李双林】易学音频/0606srt/八字命理/061.坤造：己卯_甲戌_庚戌_乙酉.srt
2025-06-06 13:40:07,115 - INFO - 已处理: /Users/xiongaox/Downloads/0命理学/【李双林】易学音频/0606srt/八字命理/037.坤造：乙丑_壬午_庚辰_壬午.srt
2025-06-06 13:40:07,119 - INFO - 已处理: /Users/xiongaox/Downloads/0命理学/【李双林】易学音频/0606srt/八字命理/123.坤造：戊辰_乙卯_丙戌_癸巳.srt
2025-06-06 13:40:07,124 - INFO - 已处理: /Users/xiongaox/Downloads/0命理学/【李双林】易学音频/0606srt/八字命理/150.坤造：癸酉_癸亥_己未_丙寅.srt
2025-06-06 13:40:07,126 - INFO - 已处理: /Users/xiongaox/Downloads/0命理学/【李双林】易学音频/0606srt/八字命理/134.坤造：戊辰_甲寅_戊午_癸丑.srt
2025-06-06 13:40:07,128 - INFO - 已处理: /Users/xiongaox/Downloads/0命理学/【李双林】易学音频/0606srt/八字命理/020.乾造：丙子_戊戌_甲辰_乙丑.srt
2025-06-06 13:40:07,131 - INFO - 已处理: /Users/xiongaox/Downloads/0命理学/【李双林】易学音频/0606srt/八字命理/006.乾造：丁卯_丁未_己巳_壬申.srt
2025-06-06 13:40:07,135 - INFO - 已处理: /Users/xiongaox/Downloads/0命理学/【李双林】易学音频/0606srt/八字命理/116.乾造：甲申_壬申_丁卯_甲辰.srt
2025-06-06 13:40:07,137 - INFO - 已处理: /Users/xiongaox/Downloads/0命理学/【李双林】易学音频/0606srt/八字命理/115.坤造：戊午_丙辰_戊戌_乙卯.srt
2025-06-06 13:40:07,144 - INFO - 已处理: /Users/xiongaox/Downloads/0命理学/【李双林】易学音频/0606srt/八字命理/007.坤造：丁丑_辛亥_壬申_己酉.srt
2025-06-06 13:40:07,148 - INFO - 已处理: /Users/xiongaox/Downloads/0命理学/【李双林】易学音频/0606srt/八字命理/139.坤造：甲子_癸酉_丙辰_戊子.srt
2025-06-06 13:40:07,153 - INFO - 已处理: /Users/xiongaox/Downloads/0命理学/【李双林】易学音频/0606srt/八字命理/068.乾造：己巳_壬申_庚戌_癸未.srt
2025-06-06 13:40:07,158 - INFO - 已处理: /Users/xiongaox/Downloads/0命理学/【李双林】易学音频/0606srt/八字命理/137.坤造：甲子_丙寅_辛巳_己丑.srt
2025-06-06 13:40:07,162 - INFO - 已处理: /Users/xiongaox/Downloads/0命理学/【李双林】易学音频/0606srt/八字命理/060.乾造：壬申_辛亥_庚子_己卯.srt
2025-06-06 13:40:07,165 - INFO - 已处理: /Users/xiongaox/Downloads/0命理学/【李双林】易学音频/0606srt/八字命理/071.坤造：己巳_己巳_己巳_壬申.srt
2025-06-06 13:40:07,171 - INFO - 已处理: /Users/xiongaox/Downloads/0命理学/【李双林】易学音频/0606srt/八字命理/125.坤造：戊辰_乙卯_辛酉_戊子.srt
2025-06-06 13:40:07,174 - INFO - 已处理: /Users/xiongaox/Downloads/0命理学/【李双林】易学音频/0606srt/八字命理/099.坤造：庚午_戊子_己巳_甲子.srt
2025-06-06 13:40:07,179 - INFO - 已处理: /Users/xiongaox/Downloads/0命理学/【李双林】易学音频/0606srt/八字命理/005.坤造：丁丑_癸丑_甲戌_己巳.srt
2025-06-06 13:40:07,182 - INFO - 已处理: /Users/xiongaox/Downloads/0命理学/【李双林】易学音频/0606srt/八字命理/028.乾造：乙丑_壬午_丙戌_庚寅.srt
2025-06-06 13:40:07,186 - INFO - 已处理: /Users/xiongaox/Downloads/0命理学/【李双林】易学音频/0606srt/八字命理/017.坤造：丁卯_戊申_戊申_甲寅.srt
2025-06-06 13:40:07,191 - INFO - 已处理: /Users/xiongaox/Downloads/0命理学/【李双林】易学音频/0606srt/八字命理/101.坤造：庚午_戊寅_壬寅_癸卯.srt
2025-06-06 13:40:07,196 - INFO - 已处理: /Users/xiongaox/Downloads/0命理学/【李双林】易学音频/0606srt/八字命理/091.坤造：己未_庚午_丙午_壬辰.srt
2025-06-06 13:40:07,198 - INFO - 已处理: /Users/xiongaox/Downloads/0命理学/【李双林】易学音频/0606srt/八字命理/010.乾造：丁卯_壬子_庚子_癸未.srt
2025-06-06 13:40:07,202 - INFO - 已处理: /Users/xiongaox/Downloads/0命理学/【李双林】易学音频/0606srt/八字命理/109.坤造：庚申_己丑_乙西_乙酉.srt
2025-06-06 13:40:07,207 - INFO - 已处理: /Users/xiongaox/Downloads/0命理学/【李双林】易学音频/0606srt/八字命理/049.坤造：乙亥_庚辰_丁丑_丁未.srt
2025-06-06 13:40:07,213 - INFO - 已处理: /Users/xiongaox/Downloads/0命理学/【李双林】易学音频/0606srt/八字命理/100.乾造：戊辰_甲寅_甲寅_丙寅.srt
2025-06-06 13:40:07,216 - INFO - 已处理: /Users/xiongaox/Downloads/0命理学/【李双林】易学音频/0606srt/八字命理/098.乾造：戊辰_甲子_丁未_甲辰.srt
2025-06-06 13:40:07,220 - INFO - 已处理: /Users/xiongaox/Downloads/0命理学/【李双林】易学音频/0606srt/八字命理/126.乾造：辛未_乙未_庚子_辛巳.srt
2025-06-06 13:40:07,226 - INFO - 已处理: /Users/xiongaox/Downloads/0命理学/【李双林】易学音频/0606srt/八字命理/055.坤造：壬戌_乙巳_庚子_丙子.srt
2025-06-06 13:40:07,229 - INFO - 已处理: /Users/xiongaox/Downloads/0命理学/【李双林】易学音频/0606srt/八字命理/161.坤造：辛酉_戊戌_己丑_丙寅.srt
2025-06-06 13:40:07,232 - INFO - 已处理: /Users/xiongaox/Downloads/0命理学/【李双林】易学音频/0606srt/八字命理/113.坤造：庚辰_丁亥_己丑_壬申.srt
2025-06-06 13:40:07,238 - INFO - 已处理: /Users/xiongaox/Downloads/0命理学/【李双林】易学音频/0606srt/八字命理/157.坤造：辛未_戊戌_丙辰_辛卯.srt
2025-06-06 13:40:07,240 - INFO - 已处理: /Users/xiongaox/Downloads/0命理学/【李双林】易学音频/0606srt/八字命理/030.乾造：乙丑_己丑_辛亥_壬辰.srt
2025-06-06 13:40:07,246 - INFO - 已处理: /Users/xiongaox/Downloads/0命理学/【李双林】易学音频/0606srt/八字命理/160.坤造：辛酉_戊戌_乙酉_丙戌.srt
2025-06-06 13:40:07,252 - INFO - 已处理: /Users/xiongaox/Downloads/0命理学/【李双林】易学音频/0606srt/八字命理/050.乾造：壬戌_丙午_乙亥_乙酉.srt
2025-06-06 13:40:07,257 - INFO - 已处理: /Users/xiongaox/Downloads/0命理学/【李双林】易学音频/0606srt/八字命理/144.坤造：甲成_乙亥_辛亥_甲午.srt
2025-06-06 13:40:07,263 - INFO - 已处理: /Users/xiongaox/Downloads/0命理学/【李双林】易学音频/0606srt/八字命理/149.坤造：癸酉_壬戌_甲子_壬申.srt
2025-06-06 13:40:07,268 - INFO - 已处理: /Users/xiongaox/Downloads/0命理学/【李双林】易学音频/0606srt/八字命理/058.乾造：壬申_庚戌_丁亥_乙巳.srt
2025-06-06 13:40:07,273 - INFO - 已处理: /Users/xiongaox/Downloads/0命理学/【李双林】易学音频/0606srt/八字命理/129.坤造：戊辰_庚申_丙午_壬辰.srt
2025-06-06 13:40:07,278 - INFO - 已处理: /Users/xiongaox/Downloads/0命理学/【李双林】易学音频/0606srt/八字命理/133.坤造：戊辰_甲子_乙巳_丁亥.srt
2025-06-06 13:40:07,282 - INFO - 已处理: /Users/xiongaox/Downloads/0命理学/【李双林】易学音频/0606srt/八字命理/158.坤造：辛未_戊戌_庚辰_壬午.srt
2025-06-06 13:40:07,287 - INFO - 已处理: /Users/xiongaox/Downloads/0命理学/【李双林】易学音频/0606srt/八字命理/081.坤造：己巳_辛未_己丑_辛未.srt
2025-06-06 13:40:07,293 - INFO - 已处理: /Users/xiongaox/Downloads/0命理学/【李双林】易学音频/0606srt/八字命理/124.乾造：癸酉_壬戌_己丑_甲子.srt
2025-06-06 13:40:07,298 - INFO - 已处理: /Users/xiongaox/Downloads/0命理学/【李双林】易学音频/0606srt/八字命理/036.乾造：乙亥_乙酉_己未_乙丑.srt
2025-06-06 13:40:07,303 - INFO - 已处理: /Users/xiongaox/Downloads/0命理学/【李双林】易学音频/0606srt/八字命理/095.坤造：己未_辛未_戊子_丁巳.srt
2025-06-06 13:40:07,308 - INFO - 已处理: /Users/xiongaox/Downloads/0命理学/【李双林】易学音频/0606srt/八字命理/103.坤造：庚午_戊寅_辛丑_己丑.srt
2025-06-06 13:40:07,310 - INFO - 已处理: /Users/xiongaox/Downloads/0命理学/【李双林】易学音频/0606srt/八字命理/013.坤造：丁卯_壬寅_辛亥_己丑.srt
2025-06-06 13:40:07,313 - INFO - 已处理: /Users/xiongaox/Downloads/0命理学/【李双林】易学音频/0606srt/八字命理/034.乾造：乙亥_乙酉_乙巳_丁亥.srt
2025-06-06 13:40:07,317 - INFO - 已处理: /Users/xiongaox/Downloads/0命理学/【李双林】易学音频/0606srt/八字命理/121.坤造：戊辰_乙丑_甲午_丙寅.srt
2025-06-06 13:40:07,324 - INFO - 已处理: /Users/xiongaox/Downloads/0命理学/【李双林】易学音频/0606srt/八字命理/003.坤造：丁丑_己酉_癸亥_丁巳.srt
2025-06-06 13:40:07,327 - INFO - 已处理: /Users/xiongaox/Downloads/0命理学/【李双林】易学音频/0606srt/八字命理/012.乾造：丁卯_戊申_癸丑_戊午.srt
2025-06-06 13:40:07,333 - INFO - 已处理: /Users/xiongaox/Downloads/0命理学/【李双林】易学音频/0606srt/八字命理/052.乾造：壬戌_己酉_己酉_甲子.srt
2025-06-06 13:40:07,336 - INFO - 已处理: /Users/xiongaox/Downloads/0命理学/【李双林】易学音频/0606srt/八字命理/154.坤造：辛未_己亥_辛亥_丙申.srt
2025-06-06 13:40:07,344 - INFO - 已处理: /Users/xiongaox/Downloads/0命理学/【李双林】易学音频/0606srt/八字命理/066.乾造：己巳_乙亥_辛巳_庚寅.srt
2025-06-06 13:40:07,349 - INFO - 已处理: /Users/xiongaox/Downloads/0命理学/【李双林】易学音频/0606srt/八字命理/062.乾造：己巳_丁卯_丁丑_癸卯.srt
2025-06-06 13:40:07,353 - INFO - 已处理: /Users/xiongaox/Downloads/0命理学/【李双林】易学音频/0606srt/八字命理/162.命运是由什么决定的，如何改命？.srt
2025-06-06 13:40:07,357 - INFO - 已处理: /Users/xiongaox/Downloads/0命理学/【李双林】易学音频/0606srt/八字命理/088.乾造：戊辰_丁巳_庚寅_戊寅.srt
2025-06-06 13:40:07,363 - INFO - 已处理: /Users/xiongaox/Downloads/0命理学/【李双林】易学音频/0606srt/八字命理/111.坤造：庚申_辛巳_甲午_戊辰.srt
2025-06-06 13:40:07,368 - INFO - 已处理: /Users/xiongaox/Downloads/0命理学/【李双林】易学音频/0606srt/八字命理/019.坤造：丁卯_癸丑_甲申_丙寅.srt
2025-06-06 13:40:07,372 - INFO - 已处理: /Users/xiongaox/Downloads/0命理学/【李双林】易学音频/0606srt/八字命理/073.坤造：己巳_癸酉_壬午_癸卯.srt
2025-06-06 13:40:07,375 - INFO - 已处理: /Users/xiongaox/Downloads/0命理学/【李双林】易学音频/0606srt/八字命理/056.乾造：壬申_壬子_戊寅_壬戌.srt
2025-06-06 13:40:07,377 - INFO - 已处理: /Users/xiongaox/Downloads/0命理学/【李双林】易学音频/0606srt/八字命理/015.坤造：丁卯_戊申_庚子_壬午.srt
2025-06-06 13:40:07,380 - INFO - 已处理: /Users/xiongaox/Downloads/0命理学/【李双林】易学音频/0606srt/八字命理/070.乾造：己巳_戊辰_甲寅_戊辰.srt
2025-06-06 13:40:07,386 - INFO - 已处理: /Users/xiongaox/Downloads/0命理学/【李双林】易学音频/0606srt/八字命理/142.坤造：甲戌_戊辰_戊辰_甲寅.srt
2025-06-06 13:40:07,388 - INFO - 已处理: /Users/xiongaox/Downloads/0命理学/【李双林】易学音频/0606srt/八字命理/131.坤造：戊辰_庚申_己酉_庚午.srt
2025-06-06 13:40:07,393 - INFO - 已处理: /Users/xiongaox/Downloads/0命理学/【李双林】易学音频/0606srt/八字命理/021.坤造：丁卯_癸丑_辛酉_己亥.srt
2025-06-06 13:40:07,399 - INFO - 已处理: /Users/xiongaox/Downloads/0命理学/【李双林】易学音频/0606srt/八字命理/114.乾造：甲戌_己巳_辛亥_己亥.srt
2025-06-06 13:40:07,401 - INFO - 已处理: /Users/xiongaox/Downloads/0命理学/【李双林】易学音频/0606srt/八字命理/053.坤造：乙亥_癸未_甲子_甲戌.srt
2025-06-06 13:40:07,406 - INFO - 已处理: /Users/xiongaox/Downloads/0命理学/【李双林】易学音频/0606srt/八字命理/136.坤造：甲午_丁丑_丙申_癸巳.srt
2025-06-06 13:40:07,410 - INFO - 已处理: /Users/xiongaox/Downloads/0命理学/【李双林】易学音频/0606srt/八字命理/046.乾造：壬午_辛亥_丁未_庚子.srt
2025-06-06 13:40:07,415 - INFO - 已处理: /Users/xiongaox/Downloads/0命理学/【李双林】易学音频/0606srt/八字命理/106.乾造：甲子_丙子_甲申_戊辰.srt
2025-06-06 13:40:07,418 - INFO - 已处理: /Users/xiongaox/Downloads/0命理学/【李双林】易学音频/0606srt/八字命理/122.乾造：癸未_甲子_壬申_丙午.srt
2025-06-06 13:40:07,423 - INFO - 已处理: /Users/xiongaox/Downloads/0命理学/【李双林】易学音频/0606srt/八字命理/085.坤造：己未_丁丑_丁酉_丙午.srt
2025-06-06 13:40:07,428 - INFO - 已处理: /Users/xiongaox/Downloads/0命理学/【李双林】易学音频/0606srt/八字命理/045.坤造：乙亥_丁亥_丁未_乙巳.srt
2025-06-06 13:40:07,432 - INFO - 已处理: /Users/xiongaox/Downloads/0命理学/【李双林】易学音频/0606srt/八字命理/093.坤造：己未_庚午_戊午_癸亥.srt
2025-06-06 13:40:07,434 - INFO - 已处理: /Users/xiongaox/Downloads/0命理学/【李双林】易学音频/0606srt/八字命理/044.乾造：乙卯_己卯_甲寅_癸酉.srt
2025-06-06 13:40:07,437 - INFO - 已处理: /Users/xiongaox/Downloads/0命理学/【李双林】易学音频/0606srt/八字命理/079.坤造：己巳_辛未_丙申_己丑.srt
2025-06-06 13:40:07,441 - INFO - 已处理: /Users/xiongaox/Downloads/0命理学/【李双林】易学音频/0606srt/八字命理/077.坤造：己巳_癸酉_己亥_乙丑.srt
2025-06-06 13:40:07,448 - INFO - 已处理: /Users/xiongaox/Downloads/0命理学/【李双林】易学音频/0606srt/八字命理/128.乾造：辛未_辛丑_辛巳_丁酉.srt
2025-06-06 13:40:07,454 - INFO - 已处理: /Users/xiongaox/Downloads/0命理学/【李双林】易学音频/0606srt/八字命理/155.坤造：辛未_庚子_丙子_丁酉.srt
2025-06-06 13:40:07,458 - INFO - 已处理: /Users/xiongaox/Downloads/0命理学/【李双林】易学音频/0606srt/八字命理/145.坤造：癸丑_乙卯_乙丑_庚辰.srt
2025-06-06 13:40:07,461 - INFO - 已处理: /Users/xiongaox/Downloads/0命理学/【李双林】易学音频/0606srt/八字命理/078.乾造：庚午_癸未_丙子_癸巳.srt
2025-06-06 13:40:07,464 - INFO - 已处理: /Users/xiongaox/Downloads/0命理学/【李双林】易学音频/0606srt/八字命理/057.坤造：壬申_乙巳_庚寅_乙酉.srt
2025-06-06 13:40:07,469 - INFO - 已处理: /Users/xiongaox/Downloads/0命理学/【李双林】易学音频/0606srt/八字命理/018.乾造：丁巳_辛亥_己丑_甲戌.srt
2025-06-06 13:40:07,475 - INFO - 已处理: /Users/xiongaox/Downloads/0命理学/【李双林】易学音频/0606srt/八字命理/048.乾造：壬戌_丁未_辛丑_癸巳.srt
2025-06-06 13:40:07,481 - INFO - 已处理: /Users/xiongaox/Downloads/0命理学/【李双林】易学音频/0606srt/八字命理/043.坤造：乙丑_辛巳_辛未_癸巳.srt
2025-06-06 13:40:07,483 - INFO - 已处理: /Users/xiongaox/Downloads/0命理学/【李双林】易学音频/0606srt/八字命理/090.乾造：戊辰_丁巳_戊辰_辛酉.srt
2025-06-06 13:40:07,487 - INFO - 已处理: /Users/xiongaox/Downloads/0命理学/【李双林】易学音频/0606srt/八字命理/087.坤造：己未_壬申_辛未_戊子.srt
2025-06-06 13:40:07,492 - INFO - 已处理: /Users/xiongaox/Downloads/0命理学/【李双林】易学音频/0606srt/八字命理/102.乾造：戊辰_辛酉_戊辰_甲寅.srt
2025-06-06 13:40:07,496 - INFO - 已处理: /Users/xiongaox/Downloads/0命理学/【李双林】易学音频/0606srt/八字命理/065.坤造：己巳_丁卯_癸巳_乙卯.srt
2025-06-06 13:40:07,499 - INFO - 已处理: /Users/xiongaox/Downloads/0命理学/【李双林】易学音频/0606srt/八字命理/107.坤造：庚申_丙戌_癸酉_戊午.srt
2025-06-06 13:40:07,505 - INFO - 已处理: /Users/xiongaox/Downloads/0命理学/【李双林】易学音频/0606srt/八字命理/002.乾造：辛酉_乙未_辛亥_己亥.srt
2025-06-06 13:40:07,510 - INFO - 已处理: /Users/xiongaox/Downloads/0命理学/【李双林】易学音频/0606srt/八字命理/051.坤造：乙亥_癸未_壬寅_丁未.srt
2025-06-06 13:40:07,514 - INFO - 已处理: /Users/xiongaox/Downloads/0命理学/【李双林】易学音频/0606srt/八字命理/039.坤造：乙丑_癸未_甲寅_戊辰.srt
2025-06-06 13:40:07,518 - INFO - 已处理: /Users/xiongaox/Downloads/0命理学/【李双林】易学音频/0606srt/正五行择日/31.天德月德岁德的推算以及用法.srt
2025-06-06 13:40:07,522 - INFO - 已处理: /Users/xiongaox/Downloads/0命理学/【李双林】易学音频/0606srt/正五行择日/4.论三煞_以及兼向煞.srt
2025-06-06 13:40:07,525 - INFO - 已处理: /Users/xiongaox/Downloads/0命理学/【李双林】易学音频/0606srt/正五行择日/33.修灶安灶择日方法揭秘.srt
2025-06-06 13:40:07,527 - INFO - 已处理: /Users/xiongaox/Downloads/0命理学/【李双林】易学音频/0606srt/正五行择日/15.论戊己都天和太岁堆黄.srt
2025-06-06 13:40:07,529 - INFO - 已处理: /Users/xiongaox/Downloads/0命理学/【李双林】易学音频/0606srt/正五行择日/12.论冲丁煞_分金择日法.srt
2025-06-06 13:40:07,531 - INFO - 已处理: /Users/xiongaox/Downloads/0命理学/【李双林】易学音频/0606srt/正五行择日/6.论山方煞_修山修方都要避开.srt
2025-06-06 13:40:07,532 - INFO - 已处理: /Users/xiongaox/Downloads/0命理学/【李双林】易学音频/0606srt/正五行择日/28.天赦日_年解神_月解神的用法.srt
2025-06-06 13:40:07,534 - INFO - 已处理: /Users/xiongaox/Downloads/0命理学/【李双林】易学音频/0606srt/正五行择日/11.论星曜煞的查法和用法.srt
2025-06-06 13:40:07,536 - INFO - 已处理: /Users/xiongaox/Downloads/0命理学/【李双林】易学音频/0606srt/正五行择日/29.论安葬择日之法.srt
2025-06-06 13:40:07,538 - INFO - 已处理: /Users/xiongaox/Downloads/0命理学/【李双林】易学音频/0606srt/正五行择日/18.论剑锋煞_以及用法.srt
2025-06-06 13:40:07,541 - INFO - 已处理: /Users/xiongaox/Downloads/0命理学/【李双林】易学音频/0606srt/正五行择日/21.风水择日的具体操作方法和作业.srt
2025-06-06 13:40:07,543 - INFO - 已处理: /Users/xiongaox/Downloads/0命理学/【李双林】易学音频/0606srt/正五行择日/16.论重丧日和剑锋煞的用法.srt
2025-06-06 13:40:07,544 - INFO - 已处理: /Users/xiongaox/Downloads/0命理学/【李双林】易学音频/0606srt/正五行择日/10.论文曲煞_修山修方都要忌讳.srt
2025-06-06 13:40:07,546 - INFO - 已处理: /Users/xiongaox/Downloads/0命理学/【李双林】易学音频/0606srt/正五行择日/2.干支五行生克基础知识介绍.srt
2025-06-06 13:40:07,548 - INFO - 已处理: /Users/xiongaox/Downloads/0命理学/【李双林】易学音频/0606srt/正五行择日/22.什么是罗天大退_如何使用.srt
2025-06-06 13:40:07,551 - INFO - 已处理: /Users/xiongaox/Downloads/0命理学/【李双林】易学音频/0606srt/正五行择日/17.论贵人登天时推算方法以及用法.srt
2025-06-06 13:40:07,553 - INFO - 已处理: /Users/xiongaox/Downloads/0命理学/【李双林】易学音频/0606srt/正五行择日/14.建除十二神的用法.srt
2025-06-06 13:40:07,555 - INFO - 已处理: /Users/xiongaox/Downloads/0命理学/【李双林】易学音频/0606srt/正五行择日/23.庚山甲向择日作业讲解.srt
2025-06-06 13:40:07,558 - INFO - 已处理: /Users/xiongaox/Downloads/0命理学/【李双林】易学音频/0606srt/正五行择日/9.学习克山运的推算方法_重点知识.srt
2025-06-06 13:40:07,562 - INFO - 已处理: /Users/xiongaox/Downloads/0命理学/【李双林】易学音频/0606srt/正五行择日/24.婚嫁择日的方法.srt
2025-06-06 13:40:07,563 - INFO - 已处理: /Users/xiongaox/Downloads/0命理学/【李双林】易学音频/0606srt/正五行择日/8.论回头贡煞以及箭刃煞.srt
2025-06-06 13:40:07,567 - INFO - 已处理: /Users/xiongaox/Downloads/0命理学/【李双林】易学音频/0606srt/正五行择日/32.二十八星宿择日的用法.srt
2025-06-06 13:40:07,569 - INFO - 已处理: /Users/xiongaox/Downloads/0命理学/【李双林】易学音频/0606srt/正五行择日/25.开业如何择日.srt
2025-06-06 13:40:07,570 - INFO - 已处理: /Users/xiongaox/Downloads/0命理学/【李双林】易学音频/0606srt/正五行择日/30.有利健康的择日方法_天医方.srt
2025-06-06 13:40:07,574 - INFO - 已处理: /Users/xiongaox/Downloads/0命理学/【李双林】易学音频/0606srt/正五行择日/34.搬家入宅如何择日.srt
2025-06-06 13:40:07,575 - INFO - 已处理: /Users/xiongaox/Downloads/0命理学/【李双林】易学音频/0606srt/正五行择日/7.论消灭煞_日子最忌犯之.srt
2025-06-06 13:40:07,579 - INFO - 已处理: /Users/xiongaox/Downloads/0命理学/【李双林】易学音频/0606srt/正五行择日/1.什么是择日_目前有哪些择日方法.srt
2025-06-06 13:40:07,580 - INFO - 已处理: /Users/xiongaox/Downloads/0命理学/【李双林】易学音频/0606srt/正五行择日/27.日课如何催科甲.srt
2025-06-06 13:40:07,582 - INFO - 已处理: /Users/xiongaox/Downloads/0命理学/【李双林】易学音频/0606srt/正五行择日/19.论大月建_小月建推算方法以及用法.srt
2025-06-06 13:40:07,584 - INFO - 已处理: /Users/xiongaox/Downloads/0命理学/【李双林】易学音频/0606srt/正五行择日/20.论太阳与太阴到山到向的推法和用法.srt
2025-06-06 13:40:07,586 - INFO - 已处理: /Users/xiongaox/Downloads/0命理学/【李双林】易学音频/0606srt/正五行择日/5.什么是阴府_如何制阴府.srt
2025-06-06 13:40:07,588 - INFO - 已处理: /Users/xiongaox/Downloads/0命理学/【李双林】易学音频/0606srt/正五行择日/26.催丁日课_如何择日旺人丁.srt
2025-06-06 13:40:07,589 - INFO - 已处理: /Users/xiongaox/Downloads/0命理学/【李双林】易学音频/0606srt/正五行择日/13.论天地遭火日_时辰最忌.srt
2025-06-06 13:40:07,591 - INFO - 已处理: /Users/xiongaox/Downloads/0命理学/【李双林】易学音频/0606srt/正五行择日/3.贵人禄马三合长生口诀.srt
2025-06-06 13:40:07,595 - INFO - 已处理: /Users/xiongaox/Downloads/0命理学/【李双林】易学音频/0606srt/催官篇/26.巽方来龙可以定哪些向.srt
2025-06-06 13:40:07,600 - INFO - 已处理: /Users/xiongaox/Downloads/0命理学/【李双林】易学音频/0606srt/催官篇/23.亥龙可以立哪些向.srt
2025-06-06 13:40:07,605 - INFO - 已处理: /Users/xiongaox/Downloads/0命理学/【李双林】易学音频/0606srt/催官篇/25.辛龙可以定哪些向_附贫单绝秘法.srt
2025-06-06 13:40:07,611 - INFO - 已处理: /Users/xiongaox/Downloads/0命理学/【李双林】易学音频/0606srt/催官篇/1.催官篇讲了什么_天皇龙最催官.srt
2025-06-06 13:40:07,614 - INFO - 已处理: /Users/xiongaox/Downloads/0命理学/【李双林】易学音频/0606srt/催官篇/2.亥龙立壬山丙向_最催官发贵.srt
2025-06-06 13:40:07,618 - INFO - 已处理: /Users/xiongaox/Downloads/0命理学/【李双林】易学音频/0606srt/催官篇/18.来龙阴多阳少可用_反之阳多阴少不可用.srt
2025-06-06 13:40:07,620 - INFO - 已处理: /Users/xiongaox/Downloads/0命理学/【李双林】易学音频/0606srt/催官篇/9.来龙要有变化_且不能散乱_方能为吉.srt
2025-06-06 13:40:07,623 - INFO - 已处理: /Users/xiongaox/Downloads/0命理学/【李双林】易学音频/0606srt/催官篇/14.论乾坤辰戌方来龙吉凶.srt
2025-06-06 13:40:07,626 - INFO - 已处理: /Users/xiongaox/Downloads/0命理学/【李双林】易学音频/0606srt/催官篇/7.什么是测来龙和入首（手）龙.srt
2025-06-06 13:40:07,628 - INFO - 已处理: /Users/xiongaox/Downloads/0命理学/【李双林】易学音频/0606srt/催官篇/10.丑未方来龙主出僧道.srt
2025-06-06 13:40:07,633 - INFO - 已处理: /Users/xiongaox/Downloads/0命理学/【李双林】易学音频/0606srt/催官篇/11.净阴净阳之法_应该如何使用.srt
2025-06-06 13:40:07,636 - INFO - 已处理: /Users/xiongaox/Downloads/0命理学/【李双林】易学音频/0606srt/催官篇/12.催贵关键在于砂_论壬子癸龙的吉凶.srt
2025-06-06 13:40:07,640 - INFO - 已处理: /Users/xiongaox/Downloads/0命理学/【李双林】易学音频/0606srt/催官篇/5.三吉六秀方以及归元风水做法揭秘.srt
2025-06-06 13:40:07,644 - INFO - 已处理: /Users/xiongaox/Downloads/0命理学/【李双林】易学音频/0606srt/催官篇/21.判断是生旺龙还是病死龙的方法.srt
2025-06-06 13:40:07,647 - INFO - 已处理: /Users/xiongaox/Downloads/0命理学/【李双林】易学音频/0606srt/催官篇/24.艮龙可以定哪些向.srt
2025-06-06 13:40:07,649 - INFO - 已处理: /Users/xiongaox/Downloads/0命理学/【李双林】易学音频/0606srt/催官篇/29.丁龙应该立什么向比较好一些.srt
2025-06-06 13:40:07,652 - INFO - 已处理: /Users/xiongaox/Downloads/0命理学/【李双林】易学音频/0606srt/催官篇/16.来龙不喜驳杂_如何理解净阴净阳.srt
2025-06-06 13:40:07,656 - INFO - 已处理: /Users/xiongaox/Downloads/0命理学/【李双林】易学音频/0606srt/催官篇/19.论亥_艮龙兼左右的吉凶.srt
2025-06-06 13:40:07,659 - INFO - 已处理: /Users/xiongaox/Downloads/0命理学/【李双林】易学音频/0606srt/催官篇/17.来龙不喜阴阳驳杂_细分辨断吉凶.srt
2025-06-06 13:40:07,662 - INFO - 已处理: /Users/xiongaox/Downloads/0命理学/【李双林】易学音频/0606srt/催官篇/20.如何看脉从什么方位来的_很重要.srt
2025-06-06 13:40:07,665 - INFO - 已处理: /Users/xiongaox/Downloads/0命理学/【李双林】易学音频/0606srt/催官篇/4.论来龙左关局与右关局催官.srt
2025-06-06 13:40:07,669 - INFO - 已处理: /Users/xiongaox/Downloads/0命理学/【李双林】易学音频/0606srt/催官篇/28.庚龙应该立什么向.srt
2025-06-06 13:40:07,671 - INFO - 已处理: /Users/xiongaox/Downloads/0命理学/【李双林】易学音频/0606srt/催官篇/8.天皇天市龙大吉龙_配合秀峰可催官.srt
2025-06-06 13:40:07,674 - INFO - 已处理: /Users/xiongaox/Downloads/0命理学/【李双林】易学音频/0606srt/催官篇/13.易损人丁_伤子孙的坎龙.srt
2025-06-06 13:40:07,679 - INFO - 已处理: /Users/xiongaox/Downloads/0命理学/【李双林】易学音频/0606srt/催官篇/27.卯方来龙可以定哪些向_兼向秘诀.srt
2025-06-06 13:40:07,682 - INFO - 已处理: /Users/xiongaox/Downloads/0命理学/【李双林】易学音频/0606srt/催官篇/6.巽水一勺可救贫_揭露风水秘中秘.srt
2025-06-06 13:40:07,687 - INFO - 已处理: /Users/xiongaox/Downloads/0命理学/【李双林】易学音频/0606srt/催官篇/22.来龙最后一课_对龙诀看法的总结.srt
2025-06-06 13:40:07,691 - INFO - 已处理: /Users/xiongaox/Downloads/0命理学/【李双林】易学音频/0606srt/催官篇/15.论甲寅方来龙吉凶_以及阳龙的特点.srt
2025-06-06 13:40:07,695 - INFO - 已处理: /Users/xiongaox/Downloads/0命理学/【李双林】易学音频/0606srt/催官篇/3.四神八将能催贵_赦文见水消百灾.srt
2025-06-06 13:40:07,700 - INFO - 已处理: /Users/xiongaox/Downloads/0命理学/【李双林】易学音频/0606srt/金刚经/3.何为我相_人相_众生相_寿者相.srt
2025-06-06 13:40:07,703 - INFO - 已处理: /Users/xiongaox/Downloads/0命理学/【李双林】易学音频/0606srt/金刚经/1.佛陀的日常生活是怎样的.srt
2025-06-06 13:40:07,710 - INFO - 已处理: /Users/xiongaox/Downloads/0命理学/【李双林】易学音频/0606srt/金刚经/8.为什么说所谓佛法_既非佛法.srt
2025-06-06 13:40:07,719 - INFO - 已处理: /Users/xiongaox/Downloads/0命理学/【李双林】易学音频/0606srt/金刚经/10.什么是清净心_如何才可以生清净心.srt
2025-06-06 13:40:07,730 - INFO - 已处理: /Users/xiongaox/Downloads/0命理学/【李双林】易学音频/0606srt/金刚经/13.佛陀为这部经命名.srt
2025-06-06 13:40:07,738 - INFO - 已处理: /Users/xiongaox/Downloads/0命理学/【李双林】易学音频/0606srt/金刚经/11.如何做才能积累大福德.srt
2025-06-06 13:40:07,747 - INFO - 已处理: /Users/xiongaox/Downloads/0命理学/【李双林】易学音频/0606srt/金刚经/9.什么是罗汉_何为阿罗汉.srt
2025-06-06 13:40:07,762 - INFO - 已处理: /Users/xiongaox/Downloads/0命理学/【李双林】易学音频/0606srt/金刚经/14.离相寂灭分_离一切相_得一切法.srt
2025-06-06 13:40:07,772 - INFO - 已处理: /Users/xiongaox/Downloads/0命理学/【李双林】易学音频/0606srt/金刚经/15.持经功德分_受持解说的功德极大.srt
2025-06-06 13:40:07,778 - INFO - 已处理: /Users/xiongaox/Downloads/0命理学/【李双林】易学音频/0606srt/金刚经/16.能净业障分_为什么学佛了依然不顺.srt
2025-06-06 13:40:07,783 - INFO - 已处理: /Users/xiongaox/Downloads/0命理学/【李双林】易学音频/0606srt/金刚经/5.如何理解若见诸相非相则见如来.srt
2025-06-06 13:40:07,790 - INFO - 已处理: /Users/xiongaox/Downloads/0命理学/【李双林】易学音频/0606srt/金刚经/7.如何理解一切贤圣_皆以无为法而有差别.srt
2025-06-06 13:40:07,796 - INFO - 已处理: /Users/xiongaox/Downloads/0命理学/【李双林】易学音频/0606srt/金刚经/2.须菩提向佛陀提问_如何降服其心.srt
2025-06-06 13:40:07,800 - INFO - 已处理: /Users/xiongaox/Downloads/0命理学/【李双林】易学音频/0606srt/金刚经/12.如何理解所在的地方_就是佛塔庙所在的地方.srt
2025-06-06 13:40:07,807 - INFO - 已处理: /Users/xiongaox/Downloads/0命理学/【李双林】易学音频/0606srt/金刚经/6.什么是正法_象法_末法.srt
2025-06-06 13:40:07,813 - INFO - 已处理: /Users/xiongaox/Downloads/0命理学/【李双林】易学音频/0606srt/金刚经/4.修行佛法_应该这样修行才可以.srt
2025-06-06 13:40:07,816 - INFO - 已处理: /Users/xiongaox/Downloads/0命理学/【李双林】易学音频/0606srt/雪心赋/41.如何观察山水之动静.srt
2025-06-06 13:40:07,821 - INFO - 已处理: /Users/xiongaox/Downloads/0命理学/【李双林】易学音频/0606srt/雪心赋/4.葬乘生气_脉认来龙.srt
2025-06-06 13:40:07,825 - INFO - 已处理: /Users/xiongaox/Downloads/0命理学/【李双林】易学音频/0606srt/雪心赋/37.当峦头和理气冲突的时候_如何取舍.srt
2025-06-06 13:40:07,829 - INFO - 已处理: /Users/xiongaox/Downloads/0命理学/【李双林】易学音频/0606srt/雪心赋/66.呼形喝象的看法【第三讲】.srt
2025-06-06 13:40:07,834 - INFO - 已处理: /Users/xiongaox/Downloads/0命理学/【李双林】易学音频/0606srt/雪心赋/58.有些地看似吉实则凶_而有些看似凶实则吉.srt
2025-06-06 13:40:07,838 - INFO - 已处理: /Users/xiongaox/Downloads/0命理学/【李双林】易学音频/0606srt/雪心赋/35.一穴居中_最怕龙虎尖射.srt
2025-06-06 13:40:07,842 - INFO - 已处理: /Users/xiongaox/Downloads/0命理学/【李双林】易学音频/0606srt/雪心赋/39.点穴一定要懂得大中求小_小中求大.srt
2025-06-06 13:40:07,845 - INFO - 已处理: /Users/xiongaox/Downloads/0命理学/【李双林】易学音频/0606srt/雪心赋/40.如何确定穴的高低左右.srt
2025-06-06 13:40:07,848 - INFO - 已处理: /Users/xiongaox/Downloads/0命理学/【李双林】易学音频/0606srt/雪心赋/26.如何看脉_何为鹤膝蜂腰.srt
2025-06-06 13:40:07,856 - INFO - 已处理: /Users/xiongaox/Downloads/0命理学/【李双林】易学音频/0606srt/雪心赋/45.点穴一定要有脉_且要正而不斜.srt
2025-06-06 13:40:07,860 - INFO - 已处理: /Users/xiongaox/Downloads/0命理学/【李双林】易学音频/0606srt/雪心赋/42.明堂如掌心_家中斗万金.srt
2025-06-06 13:40:07,866 - INFO - 已处理: /Users/xiongaox/Downloads/0命理学/【李双林】易学音频/0606srt/雪心赋/76.阳宅风水_水口关系最大_直接影响祸福.srt
2025-06-06 13:40:07,872 - INFO - 已处理: /Users/xiongaox/Downloads/0命理学/【李双林】易学音频/0606srt/雪心赋/62.出文官武将的断法.srt
2025-06-06 13:40:07,876 - INFO - 已处理: /Users/xiongaox/Downloads/0命理学/【李双林】易学音频/0606srt/雪心赋/22.吉凶从形势上来_且不可弃本逐末.srt
2025-06-06 13:40:07,884 - INFO - 已处理: /Users/xiongaox/Downloads/0命理学/【李双林】易学音频/0606srt/雪心赋/51.龙吉穴吉_日课不吉_依然发凶.srt
2025-06-06 13:40:07,890 - INFO - 已处理: /Users/xiongaox/Downloads/0命理学/【李双林】易学音频/0606srt/雪心赋/59.什么是八风吹_八门缺.srt
2025-06-06 13:40:07,893 - INFO - 已处理: /Users/xiongaox/Downloads/0命理学/【李双林】易学音频/0606srt/雪心赋/28.点穴最怕选在气绝之地.srt
2025-06-06 13:40:07,896 - INFO - 已处理: /Users/xiongaox/Downloads/0命理学/【李双林】易学音频/0606srt/雪心赋/49.穴前喜见曲折水_高低要适宜.srt
2025-06-06 13:40:07,899 - INFO - 已处理: /Users/xiongaox/Downloads/0命理学/【李双林】易学音频/0606srt/雪心赋/8.祖宗耸拔者_子孙必贵.srt
2025-06-06 13:40:07,901 - INFO - 已处理: /Users/xiongaox/Downloads/0命理学/【李双林】易学音频/0606srt/雪心赋/64.论呼形喝象的看法【第一讲】.srt
2025-06-06 13:40:07,905 - INFO - 已处理: /Users/xiongaox/Downloads/0命理学/【李双林】易学音频/0606srt/雪心赋/20.水口砂非常重要_如何去看.srt
2025-06-06 13:40:07,908 - INFO - 已处理: /Users/xiongaox/Downloads/0命理学/【李双林】易学音频/0606srt/雪心赋/32.水底和石缝中有龙穴吗.srt
2025-06-06 13:40:07,911 - INFO - 已处理: /Users/xiongaox/Downloads/0命理学/【李双林】易学音频/0606srt/雪心赋/60.砂水若凶_不论在什么方位都是凶的.srt
2025-06-06 13:40:07,916 - INFO - 已处理: /Users/xiongaox/Downloads/0命理学/【李双林】易学音频/0606srt/雪心赋/52.论述峦头_理气与日课之间的关系_非常重要.srt
2025-06-06 13:40:07,919 - INFO - 已处理: /Users/xiongaox/Downloads/0命理学/【李双林】易学音频/0606srt/雪心赋/1.什么是雪心赋_为什么要学习它.srt
2025-06-06 13:40:07,921 - INFO - 已处理: /Users/xiongaox/Downloads/0命理学/【李双林】易学音频/0606srt/雪心赋/23.星峰散乱不聚_不可结穴.srt
2025-06-06 13:40:07,924 - INFO - 已处理: /Users/xiongaox/Downloads/0命理学/【李双林】易学音频/0606srt/雪心赋/27.逆水之龙贵不可言.srt
2025-06-06 13:40:07,927 - INFO - 已处理: /Users/xiongaox/Downloads/0命理学/【李双林】易学音频/0606srt/雪心赋/6.登山看水口_入穴看明堂.srt
2025-06-06 13:40:07,929 - INFO - 已处理: /Users/xiongaox/Downloads/0命理学/【李双林】易学音频/0606srt/雪心赋/55.富贵看来龙_龙贵穴必贵.srt
2025-06-06 13:40:07,933 - INFO - 已处理: /Users/xiongaox/Downloads/0命理学/【李双林】易学音频/0606srt/雪心赋/38.寻龙点穴一定要仔细看缓急.srt
2025-06-06 13:40:07,938 - INFO - 已处理: /Users/xiongaox/Downloads/0命理学/【李双林】易学音频/0606srt/雪心赋/21.朝山远近大小吉凶如何辨别.srt
2025-06-06 13:40:07,941 - INFO - 已处理: /Users/xiongaox/Downloads/0命理学/【李双林】易学音频/0606srt/雪心赋/50.虽然穴吉_如果葬凶也会大败.srt
2025-06-06 13:40:07,944 - INFO - 已处理: /Users/xiongaox/Downloads/0命理学/【李双林】易学音频/0606srt/雪心赋/30.穴贵龙虎起峰_要有唇襦兜气.srt
2025-06-06 13:40:07,948 - INFO - 已处理: /Users/xiongaox/Downloads/0命理学/【李双林】易学音频/0606srt/雪心赋/67.呼形喝象点穴之法【第四讲】.srt
2025-06-06 13:40:07,952 - INFO - 已处理: /Users/xiongaox/Downloads/0命理学/【李双林】易学音频/0606srt/雪心赋/16.五行山峰_都会出什么人才.srt
2025-06-06 13:40:07,955 - INFO - 已处理: /Users/xiongaox/Downloads/0命理学/【李双林】易学音频/0606srt/雪心赋/10.好风水如何才可得到.srt
2025-06-06 13:40:07,958 - INFO - 已处理: /Users/xiongaox/Downloads/0命理学/【李双林】易学音频/0606srt/雪心赋/61.出官贵的风水_如何断贵穴.srt
2025-06-06 13:40:07,961 - INFO - 已处理: /Users/xiongaox/Downloads/0命理学/【李双林】易学音频/0606srt/雪心赋/57.看风水要注意这些问题_不可犯.srt
2025-06-06 13:40:07,963 - INFO - 已处理: /Users/xiongaox/Downloads/0命理学/【李双林】易学音频/0606srt/雪心赋/46.平洋点穴_最怕低洼见水.srt
2025-06-06 13:40:07,966 - INFO - 已处理: /Users/xiongaox/Downloads/0命理学/【李双林】易学音频/0606srt/雪心赋/11.要明山水分合以及向背.srt
2025-06-06 13:40:07,968 - INFO - 已处理: /Users/xiongaox/Downloads/0命理学/【李双林】易学音频/0606srt/雪心赋/44.前方没有案山_或案山不吉_怎么办.srt
2025-06-06 13:40:07,972 - INFO - 已处理: /Users/xiongaox/Downloads/0命理学/【李双林】易学音频/0606srt/雪心赋/13.未知真诀_枉误世人.srt
2025-06-06 13:40:07,976 - INFO - 已处理: /Users/xiongaox/Downloads/0命理学/【李双林】易学音频/0606srt/雪心赋/17.何为贵龙与贱龙_如何分辨.srt
2025-06-06 13:40:07,980 - INFO - 已处理: /Users/xiongaox/Downloads/0命理学/【李双林】易学音频/0606srt/雪心赋/15.金清土浊_火燥水柔.srt
2025-06-06 13:40:07,983 - INFO - 已处理: /Users/xiongaox/Downloads/0命理学/【李双林】易学音频/0606srt/雪心赋/54.如何判断时间_何年吉何年凶.srt
2025-06-06 13:40:07,986 - INFO - 已处理: /Users/xiongaox/Downloads/0命理学/【李双林】易学音频/0606srt/雪心赋/47.石山和土山如何点穴.srt
2025-06-06 13:40:07,988 - INFO - 已处理: /Users/xiongaox/Downloads/0命理学/【李双林】易学音频/0606srt/雪心赋/65.论呼形喝象的看法【第二讲】.srt
2025-06-06 13:40:07,991 - INFO - 已处理: /Users/xiongaox/Downloads/0命理学/【李双林】易学音频/0606srt/雪心赋/56.论水口之重要性.srt
2025-06-06 13:40:07,996 - INFO - 已处理: /Users/xiongaox/Downloads/0命理学/【李双林】易学音频/0606srt/雪心赋/69.出人忤逆凶恶的风水.srt
2025-06-06 13:40:08,001 - INFO - 已处理: /Users/xiongaox/Downloads/0命理学/【李双林】易学音频/0606srt/雪心赋/77.尽信书不如无书_该如何学习风水.srt
2025-06-06 13:40:08,005 - INFO - 已处理: /Users/xiongaox/Downloads/0命理学/【李双林】易学音频/0606srt/雪心赋/78.【最后一课】论积德的重要性.srt
2025-06-06 13:40:08,009 - INFO - 已处理: /Users/xiongaox/Downloads/0命理学/【李双林】易学音频/0606srt/雪心赋/14.星峰以剥换为贵_应该如何去看剥换.srt
2025-06-06 13:40:08,012 - INFO - 已处理: /Users/xiongaox/Downloads/0命理学/【李双林】易学音频/0606srt/雪心赋/73.秀丽的山峰_一两个就够了_太多反而不贵.srt
2025-06-06 13:40:08,015 - INFO - 已处理: /Users/xiongaox/Downloads/0命理学/【李双林】易学音频/0606srt/雪心赋/3.胎息孕育_变化无穷.srt
2025-06-06 13:40:08,019 - INFO - 已处理: /Users/xiongaox/Downloads/0命理学/【李双林】易学音频/0606srt/雪心赋/5.阴阳顺逆_需用心去看.srt
2025-06-06 13:40:08,023 - INFO - 已处理: /Users/xiongaox/Downloads/0命理学/【李双林】易学音频/0606srt/雪心赋/36.看山水就和看人一样_点穴心法.srt
2025-06-06 13:40:08,025 - INFO - 已处理: /Users/xiongaox/Downloads/0命理学/【李双林】易学音频/0606srt/雪心赋/31.如何判断砂的吉凶好坏.srt
2025-06-06 13:40:08,029 - INFO - 已处理: /Users/xiongaox/Downloads/0命理学/【李双林】易学音频/0606srt/雪心赋/71.点穴要避开这些问题才可以.srt
2025-06-06 13:40:08,032 - INFO - 已处理: /Users/xiongaox/Downloads/0命理学/【李双林】易学音频/0606srt/雪心赋/70.好地只在方寸间_秘术不出文字外.srt
2025-06-06 13:40:08,035 - INFO - 已处理: /Users/xiongaox/Downloads/0命理学/【李双林】易学音频/0606srt/雪心赋/7.作穴须趋吉而避凶.srt
2025-06-06 13:40:08,038 - INFO - 已处理: /Users/xiongaox/Downloads/0命理学/【李双林】易学音频/0606srt/雪心赋/18.如果论水的吉凶_何为富贵水.srt
2025-06-06 13:40:08,042 - INFO - 已处理: /Users/xiongaox/Downloads/0命理学/【李双林】易学音频/0606srt/雪心赋/72.看风水要有主次之分_应该怎么去看.srt
2025-06-06 13:40:08,046 - INFO - 已处理: /Users/xiongaox/Downloads/0命理学/【李双林】易学音频/0606srt/雪心赋/75.看阳宅的方法_应注意什么.srt
2025-06-06 13:40:08,049 - INFO - 已处理: /Users/xiongaox/Downloads/0命理学/【李双林】易学音频/0606srt/雪心赋/24.平阳之地如何点穴.srt
2025-06-06 13:40:08,051 - INFO - 已处理: /Users/xiongaox/Downloads/0命理学/【李双林】易学音频/0606srt/雪心赋/43.如何趋吉避凶_眼不见为净.srt
2025-06-06 13:40:08,054 - INFO - 已处理: /Users/xiongaox/Downloads/0命理学/【李双林】易学音频/0606srt/雪心赋/34.有龙无虎_有虎无龙之地的看法.srt
2025-06-06 13:40:08,058 - INFO - 已处理: /Users/xiongaox/Downloads/0命理学/【李双林】易学音频/0606srt/雪心赋/68.如何理解盖粘倚撞_吞吐沉浮.srt
2025-06-06 13:40:08,060 - INFO - 已处理: /Users/xiongaox/Downloads/0命理学/【李双林】易学音频/0606srt/雪心赋/53.要学好风水_必须多验证仙迹.srt
2025-06-06 13:40:08,062 - INFO - 已处理: /Users/xiongaox/Downloads/0命理学/【李双林】易学音频/0606srt/雪心赋/2.何为阴阳二气_如何融结.srt
2025-06-06 13:40:08,065 - INFO - 已处理: /Users/xiongaox/Downloads/0命理学/【李双林】易学音频/0606srt/雪心赋/74.玄武最怕陡峭_去水最怕直流.srt
2025-06-06 13:40:08,068 - INFO - 已处理: /Users/xiongaox/Downloads/0命理学/【李双林】易学音频/0606srt/雪心赋/25.案山在风水中的重要性.srt
2025-06-06 13:40:08,071 - INFO - 已处理: /Users/xiongaox/Downloads/0命理学/【李双林】易学音频/0606srt/雪心赋/33.如何看龙虎吉凶.srt
2025-06-06 13:40:08,074 - INFO - 已处理: /Users/xiongaox/Downloads/0命理学/【李双林】易学音频/0606srt/雪心赋/29.何为雌雄相交_如何判断是否为露胎穴.srt
2025-06-06 13:40:08,076 - INFO - 已处理: /Users/xiongaox/Downloads/0命理学/【李双林】易学音频/0606srt/雪心赋/63.论来龙之贵气_辨富贵吉凶.srt
2025-06-06 13:40:08,080 - INFO - 已处理: /Users/xiongaox/Downloads/0命理学/【李双林】易学音频/0606srt/雪心赋/19.何为藏风聚气.srt
2025-06-06 13:40:08,084 - INFO - 已处理: /Users/xiongaox/Downloads/0命理学/【李双林】易学音频/0606srt/雪心赋/9.降服伏虎_前呼后应之看法.srt
2025-06-06 13:40:08,087 - INFO - 已处理: /Users/xiongaox/Downloads/0命理学/【李双林】易学音频/0606srt/雪心赋/12.看风水切莫管中窥豹_缘木求鱼.srt
2025-06-06 13:40:08,090 - INFO - 已处理: /Users/xiongaox/Downloads/0命理学/【李双林】易学音频/0606srt/雪心赋/48.过峡处要有护卫_方能为贵.srt
2025-06-06 13:40:08,092 - INFO - 已处理: /Users/xiongaox/Downloads/0命理学/【李双林】易学音频/0606srt/面相知识/9.面相何为三停_如何根据三停看何时会走好运.srt
2025-06-06 13:40:08,094 - INFO - 已处理: /Users/xiongaox/Downloads/0命理学/【李双林】易学音频/0606srt/面相知识/1.耳朵的看法.srt
2025-06-06 13:40:08,097 - INFO - 已处理: /Users/xiongaox/Downloads/0命理学/【李双林】易学音频/0606srt/面相知识/4.如何看女人是否有福气.srt
2025-06-06 13:40:08,098 - INFO - 已处理: /Users/xiongaox/Downloads/0命理学/【李双林】易学音频/0606srt/面相知识/8.从人中看一个人的命运吉凶.srt
2025-06-06 13:40:08,100 - INFO - 已处理: /Users/xiongaox/Downloads/0命理学/【李双林】易学音频/0606srt/面相知识/10.哪些面相的女性会克夫.srt
2025-06-06 13:40:08,102 - INFO - 已处理: /Users/xiongaox/Downloads/0命理学/【李双林】易学音频/0606srt/面相知识/5.如何看额头吉凶.srt
2025-06-06 13:40:08,105 - INFO - 已处理: /Users/xiongaox/Downloads/0命理学/【李双林】易学音频/0606srt/面相知识/3.眼睛的看法.srt
2025-06-06 13:40:08,107 - INFO - 已处理: /Users/xiongaox/Downloads/0命理学/【李双林】易学音频/0606srt/面相知识/2.如何去看五官吉凶好坏.srt
2025-06-06 13:40:08,109 - INFO - 已处理: /Users/xiongaox/Downloads/0命理学/【李双林】易学音频/0606srt/面相知识/11.面相十二宫的看法_如何自查运势好坏.srt
2025-06-06 13:40:08,111 - INFO - 已处理: /Users/xiongaox/Downloads/0命理学/【李双林】易学音频/0606srt/面相知识/7.如何识别渣男.srt
2025-06-06 13:40:08,114 - INFO - 已处理: /Users/xiongaox/Downloads/0命理学/【李双林】易学音频/0606srt/面相知识/6.如何看印堂吉凶.srt
2025-06-06 13:40:08,117 - INFO - 已处理: /Users/xiongaox/Downloads/0命理学/【李双林】易学音频/0606srt/地理五诀/02.五行总论_认识五行.srt
2025-06-06 13:40:08,119 - INFO - 已处理: /Users/xiongaox/Downloads/0命理学/【李双林】易学音频/0606srt/地理五诀/15.看大地法_出大富贵之人的风水.srt
2025-06-06 13:40:08,122 - INFO - 已处理: /Users/xiongaox/Downloads/0命理学/【李双林】易学音频/0606srt/地理五诀/72.割脚水_反弓水_淋头水等凶水讲解.srt
2025-06-06 13:40:08,125 - INFO - 已处理: /Users/xiongaox/Downloads/0命理学/【李双林】易学音频/0606srt/地理五诀/18.何为五常_龙穴砂水向的意义.srt
2025-06-06 13:40:08,127 - INFO - 已处理: /Users/xiongaox/Downloads/0命理学/【李双林】易学音频/0606srt/地理五诀/69.金钗水_排衙水_天梯水_玉阶水的讲解.srt
2025-06-06 13:40:08,129 - INFO - 已处理: /Users/xiongaox/Downloads/0命理学/【李双林】易学音频/0606srt/地理五诀/59.吉凶砂形图9-16山形图讲解.srt
2025-06-06 13:40:08,131 - INFO - 已处理: /Users/xiongaox/Downloads/0命理学/【李双林】易学音频/0606srt/地理五诀/43.龙虎要有情_相斗不可用.srt
2025-06-06 13:40:08,134 - INFO - 已处理: /Users/xiongaox/Downloads/0命理学/【李双林】易学音频/0606srt/地理五诀/75.平洋穴论_平洋之地如何看.srt
2025-06-06 13:40:08,138 - INFO - 已处理: /Users/xiongaox/Downloads/0命理学/【李双林】易学音频/0606srt/地理五诀/82.穴前有扇形地_主人退财散.srt
2025-06-06 13:40:08,141 - INFO - 已处理: /Users/xiongaox/Downloads/0命理学/【李双林】易学音频/0606srt/地理五诀/74.山地平洋总论_山地风水和平洋的区别.srt
2025-06-06 13:40:08,144 - INFO - 已处理: /Users/xiongaox/Downloads/0命理学/【李双林】易学音频/0606srt/地理五诀/52.各种贵人的用法_催贵催财的做法.srt
2025-06-06 13:40:08,146 - INFO - 已处理: /Users/xiongaox/Downloads/0命理学/【李双林】易学音频/0606srt/地理五诀/25.水口禽星_万笏朝天_如何学习峦头风水.srt
2025-06-06 13:40:08,148 - INFO - 已处理: /Users/xiongaox/Downloads/0命理学/【李双林】易学音频/0606srt/地理五诀/23.寻龙易晓诀_如何寻到真龙.srt
2025-06-06 13:40:08,151 - INFO - 已处理: /Users/xiongaox/Downloads/0命理学/【李双林】易学音频/0606srt/地理五诀/32.学习提问答疑.srt
2025-06-06 13:40:08,155 - INFO - 已处理: /Users/xiongaox/Downloads/0命理学/【李双林】易学音频/0606srt/地理五诀/77.平洋风水富贵丁寿催旺之法.srt
2025-06-06 13:40:08,156 - INFO - 已处理: /Users/xiongaox/Downloads/0命理学/【李双林】易学音频/0606srt/地理五诀/05.借马法与借禄同_禄马同位.srt
2025-06-06 13:40:08,159 - INFO - 已处理: /Users/xiongaox/Downloads/0命理学/【李双林】易学音频/0606srt/地理五诀/53.文笔砂_哪些风水会出文化人.srt
2025-06-06 13:40:08,161 - INFO - 已处理: /Users/xiongaox/Downloads/0命理学/【李双林】易学音频/0606srt/地理五诀/20.地有十恶不善_哪些风水大凶（上）.srt
2025-06-06 13:40:08,164 - INFO - 已处理: /Users/xiongaox/Downloads/0命理学/【李双林】易学音频/0606srt/地理五诀/44.穴要有护卫_不可犯吹胎.srt
2025-06-06 13:40:08,165 - INFO - 已处理: /Users/xiongaox/Downloads/0命理学/【李双林】易学音频/0606srt/地理五诀/70.仓板水_簸进水_入口水_缠玄武水_九曲水_田源水的看法.srt
2025-06-06 13:40:08,172 - INFO - 已处理: /Users/xiongaox/Downloads/0命理学/【李双林】易学音频/0606srt/地理五诀/24.谈谈自己对四大局水口断来龙旺衰的看法.srt
2025-06-06 13:40:08,175 - INFO - 已处理: /Users/xiongaox/Downloads/0命理学/【李双林】易学音频/0606srt/地理五诀/78.再论平洋风水看法指明.srt
2025-06-06 13:40:08,177 - INFO - 已处理: /Users/xiongaox/Downloads/0命理学/【李双林】易学音频/0606srt/地理五诀/81.平洋风水断法图_明堂为财库.srt
2025-06-06 13:40:08,179 - INFO - 已处理: /Users/xiongaox/Downloads/0命理学/【李双林】易学音频/0606srt/地理五诀/10.什么是罗盘以及分金用法.srt
2025-06-06 13:40:08,182 - INFO - 已处理: /Users/xiongaox/Downloads/0命理学/【李双林】易学音频/0606srt/地理五诀/03.玄关同窍_龙向水合.srt
2025-06-06 13:40:08,184 - INFO - 已处理: /Users/xiongaox/Downloads/0命理学/【李双林】易学音频/0606srt/地理五诀/47.认奇形怪穴法_什么是怪穴.srt
2025-06-06 13:40:08,186 - INFO - 已处理: /Users/xiongaox/Downloads/0命理学/【李双林】易学音频/0606srt/地理五诀/27.左旋右旋阴阳龙水论_何为阴阳交媾.srt
2025-06-06 13:40:08,188 - INFO - 已处理: /Users/xiongaox/Downloads/0命理学/【李双林】易学音频/0606srt/地理五诀/76.什么是风水布局_如何去做.srt
2025-06-06 13:40:08,190 - INFO - 已处理: /Users/xiongaox/Downloads/0命理学/【李双林】易学音频/0606srt/地理五诀/65.谈谈我对四大局水法的看法.srt
2025-06-06 13:40:08,192 - INFO - 已处理: /Users/xiongaox/Downloads/0命理学/【李双林】易学音频/0606srt/地理五诀/21.地有十恶不善_哪些风水大凶（下）.srt
2025-06-06 13:40:08,194 - INFO - 已处理: /Users/xiongaox/Downloads/0命理学/【李双林】易学音频/0606srt/地理五诀/39.金星山如何结穴_有哪些含义.srt
2025-06-06 13:40:08,196 - INFO - 已处理: /Users/xiongaox/Downloads/0命理学/【李双林】易学音频/0606srt/地理五诀/12.八山总论_八个方位有山会如何.srt
2025-06-06 13:40:08,198 - INFO - 已处理: /Users/xiongaox/Downloads/0命理学/【李双林】易学音频/0606srt/地理五诀/50.木星贵人_如果布催贵局.srt
2025-06-06 13:40:08,200 - INFO - 已处理: /Users/xiongaox/Downloads/0命理学/【李双林】易学音频/0606srt/地理五诀/61.吉凶砂形图25-32山形图讲解.srt
2025-06-06 13:40:08,201 - INFO - 已处理: /Users/xiongaox/Downloads/0命理学/【李双林】易学音频/0606srt/地理五诀/67.漩渚水_房子前面有池塘好不好.srt
2025-06-06 13:40:08,203 - INFO - 已处理: /Users/xiongaox/Downloads/0命理学/【李双林】易学音频/0606srt/地理五诀/38.土星山是如何结穴_有哪些特点.srt
2025-06-06 13:40:08,206 - INFO - 已处理: /Users/xiongaox/Downloads/0命理学/【李双林】易学音频/0606srt/地理五诀/08.三吉六秀以及催官贵人.srt
2025-06-06 13:40:08,208 - INFO - 已处理: /Users/xiongaox/Downloads/0命理学/【李双林】易学音频/0606srt/地理五诀/17.地理总论_何为三纲.srt
2025-06-06 13:40:08,211 - INFO - 已处理: /Users/xiongaox/Downloads/0命理学/【李双林】易学音频/0606srt/地理五诀/13.学地理入门法_如何学习风水.srt
2025-06-06 13:40:08,214 - INFO - 已处理: /Users/xiongaox/Downloads/0命理学/【李双林】易学音频/0606srt/地理五诀/28.什么是骑龙诀_如何去使用.srt
2025-06-06 13:40:08,216 - INFO - 已处理: /Users/xiongaox/Downloads/0命理学/【李双林】易学音频/0606srt/地理五诀/68.暗拱水_朝拜水_聚天心说法讲解.srt
2025-06-06 13:40:08,219 - INFO - 已处理: /Users/xiongaox/Downloads/0命理学/【李双林】易学音频/0606srt/地理五诀/11.风水论_八风吉凶断法.srt
2025-06-06 13:40:08,222 - INFO - 已处理: /Users/xiongaox/Downloads/0命理学/【李双林】易学音频/0606srt/地理五诀/35.风水学习答疑.srt
2025-06-06 13:40:08,225 - INFO - 已处理: /Users/xiongaox/Downloads/0命理学/【李双林】易学音频/0606srt/地理五诀/46.富贵贫贱穴法_如何看风水富贵贫贱.srt
2025-06-06 13:40:08,228 - INFO - 已处理: /Users/xiongaox/Downloads/0命理学/【李双林】易学音频/0606srt/地理五诀/60.吉凶砂形图17-24山形图讲解.srt
2025-06-06 13:40:08,229 - INFO - 已处理: /Users/xiongaox/Downloads/0命理学/【李双林】易学音频/0606srt/地理五诀/79.平洋风水左边高和右边高的吉凶.srt
2025-06-06 13:40:08,231 - INFO - 已处理: /Users/xiongaox/Downloads/0命理学/【李双林】易学音频/0606srt/地理五诀/40.水星山如何结穴_怎么去看.srt
2025-06-06 13:40:08,235 - INFO - 已处理: /Users/xiongaox/Downloads/0命理学/【李双林】易学音频/0606srt/地理五诀/34.如何学习风水_古人说了六法.srt
2025-06-06 13:40:08,237 - INFO - 已处理: /Users/xiongaox/Downloads/0命理学/【李双林】易学音频/0606srt/地理五诀/33.穴诀_如何点穴.srt
2025-06-06 13:40:08,240 - INFO - 已处理: /Users/xiongaox/Downloads/0命理学/【李双林】易学音频/0606srt/地理五诀/14.覆验旧茔法_如何看阴宅风水.srt
2025-06-06 13:40:08,242 - INFO - 已处理: /Users/xiongaox/Downloads/0命理学/【李双林】易学音频/0606srt/地理五诀/64.吉凶砂形图49-57山形图讲解.srt
2025-06-06 13:40:08,245 - INFO - 已处理: /Users/xiongaox/Downloads/0命理学/【李双林】易学音频/0606srt/地理五诀/63.吉凶砂形图41-48山形图讲解.srt
2025-06-06 13:40:08,247 - INFO - 已处理: /Users/xiongaox/Downloads/0命理学/【李双林】易学音频/0606srt/地理五诀/42.继续讲凶穴_穴凶地不真.srt
2025-06-06 13:40:08,248 - INFO - 已处理: /Users/xiongaox/Downloads/0命理学/【李双林】易学音频/0606srt/地理五诀/06.四局马例_如何布置驿马局.srt
2025-06-06 13:40:08,251 - INFO - 已处理: /Users/xiongaox/Downloads/0命理学/【李双林】易学音频/0606srt/地理五诀/56.朝拜砂_如何看风水地运的长短.srt
2025-06-06 13:40:08,253 - INFO - 已处理: /Users/xiongaox/Downloads/0命理学/【李双林】易学音频/0606srt/地理五诀/31.如何看龙脉的富贵贫贱之法.srt
2025-06-06 13:40:08,257 - INFO - 已处理: /Users/xiongaox/Downloads/0命理学/【李双林】易学音频/0606srt/地理五诀/26.如何通过肉眼看龙脉的吉凶.srt
2025-06-06 13:40:08,258 - INFO - 已处理: /Users/xiongaox/Downloads/0命理学/【李双林】易学音频/0606srt/地理五诀/71.扑面水_冲心水_牵牛水等凶水讲解.srt
2025-06-06 13:40:08,261 - INFO - 已处理: /Users/xiongaox/Downloads/0命理学/【李双林】易学音频/0606srt/地理五诀/07.贵人禄山的看法_如何催贵.srt
2025-06-06 13:40:08,262 - INFO - 已处理: /Users/xiongaox/Downloads/0命理学/【李双林】易学音频/0606srt/地理五诀/29.金木水火四大局龙水格.srt
2025-06-06 13:40:08,264 - INFO - 已处理: /Users/xiongaox/Downloads/0命理学/【李双林】易学音频/0606srt/地理五诀/30.认识干龙支龙贵龙的方法.srt
2025-06-06 13:40:08,266 - INFO - 已处理: /Users/xiongaox/Downloads/0命理学/【李双林】易学音频/0606srt/地理五诀/22.龙诀_如何看龙脉风水.srt
2025-06-06 13:40:08,268 - INFO - 已处理: /Users/xiongaox/Downloads/0命理学/【李双林】易学音频/0606srt/地理五诀/51.论火土金水贵人砂.srt
2025-06-06 13:40:08,270 - INFO - 已处理: /Users/xiongaox/Downloads/0命理学/【李双林】易学音频/0606srt/地理五诀/66.形式水法_五行水法要认清.srt
2025-06-06 13:40:08,272 - INFO - 已处理: /Users/xiongaox/Downloads/0命理学/【李双林】易学音频/0606srt/地理五诀/55.天马砂_催官催富最快的风水.srt
2025-06-06 13:40:08,275 - INFO - 已处理: /Users/xiongaox/Downloads/0命理学/【李双林】易学音频/0606srt/地理五诀/83.平洋风水图讲解完.srt
2025-06-06 13:40:08,276 - INFO - 已处理: /Users/xiongaox/Downloads/0命理学/【李双林】易学音频/0606srt/地理五诀/04.论八方天马方位.srt
2025-06-06 13:40:08,279 - INFO - 已处理: /Users/xiongaox/Downloads/0命理学/【李双林】易学音频/0606srt/地理五诀/57.罗星砂_如何看出文官还是武将.srt
2025-06-06 13:40:08,281 - INFO - 已处理: /Users/xiongaox/Downloads/0命理学/【李双林】易学音频/0606srt/地理五诀/19.何为四美_好风水的具备条件.srt
2025-06-06 13:40:08,283 - INFO - 已处理: /Users/xiongaox/Downloads/0命理学/【李双林】易学音频/0606srt/地理五诀/41.何为凶穴_这些地不能用.srt
2025-06-06 13:40:08,285 - INFO - 已处理: /Users/xiongaox/Downloads/0命理学/【李双林】易学音频/0606srt/地理五诀/80.平洋风水_左右高压损丁寿.srt
2025-06-06 13:40:08,287 - INFO - 已处理: /Users/xiongaox/Downloads/0命理学/【李双林】易学音频/0606srt/地理五诀/49.砂法指明_砂要在吉方才好.srt
2025-06-06 13:40:08,289 - INFO - 已处理: /Users/xiongaox/Downloads/0命理学/【李双林】易学音频/0606srt/地理五诀/09.十二长生水法口诀.srt
2025-06-06 13:40:08,292 - INFO - 已处理: /Users/xiongaox/Downloads/0命理学/【李双林】易学音频/0606srt/地理五诀/36.木星如何结穴.srt
2025-06-06 13:40:08,295 - INFO - 已处理: /Users/xiongaox/Downloads/0命理学/【李双林】易学音频/0606srt/地理五诀/58.吉凶砂形图1-8山形图讲解.srt
2025-06-06 13:40:08,299 - INFO - 已处理: /Users/xiongaox/Downloads/0命理学/【李双林】易学音频/0606srt/地理五诀/01.先认识地理五诀.srt
2025-06-06 13:40:08,300 - INFO - 已处理: /Users/xiongaox/Downloads/0命理学/【李双林】易学音频/0606srt/地理五诀/45.横龙结穴_如何才算大吉.srt
2025-06-06 13:40:08,304 - INFO - 已处理: /Users/xiongaox/Downloads/0命理学/【李双林】易学音频/0606srt/地理五诀/73.向诀并言_如何学习风水_以及拜师.srt
2025-06-06 13:40:08,305 - INFO - 已处理: /Users/xiongaox/Downloads/0命理学/【李双林】易学音频/0606srt/地理五诀/48.八宿借库法_如何运用.srt
2025-06-06 13:40:08,307 - INFO - 已处理: /Users/xiongaox/Downloads/0命理学/【李双林】易学音频/0606srt/地理五诀/16.看小地法_普通风水怎么看.srt
2025-06-06 13:40:08,309 - INFO - 已处理: /Users/xiongaox/Downloads/0命理学/【李双林】易学音频/0606srt/地理五诀/37.火星山如何结穴.srt
2025-06-06 13:40:08,311 - INFO - 已处理: /Users/xiongaox/Downloads/0命理学/【李双林】易学音频/0606srt/地理五诀/54.库柜砂_催发富贵的山形.srt
2025-06-06 13:40:08,312 - INFO - 已处理: /Users/xiongaox/Downloads/0命理学/【李双林】易学音频/0606srt/地理五诀/62.吉凶砂形图33-40山形图讲解.srt
2025-06-06 13:40:08,315 - INFO - 已处理: /Users/xiongaox/Downloads/0命理学/【李双林】易学音频/0606srt/葬书/24.【山形论】通过山形来看吉凶.srt
2025-06-06 13:40:08,317 - INFO - 已处理: /Users/xiongaox/Downloads/0命理学/【李双林】易学音频/0606srt/葬书/06.【方法论】为何得水为上.srt
2025-06-06 13:40:08,320 - INFO - 已处理: /Users/xiongaox/Downloads/0命理学/【李双林】易学音频/0606srt/葬书/19.【败椁论】四灵应该如何去看.srt
2025-06-06 13:40:08,322 - INFO - 已处理: /Users/xiongaox/Downloads/0命理学/【李双林】易学音频/0606srt/葬书/12.风水哪有五种山不能用.srt
2025-06-06 13:40:08,323 - INFO - 已处理: /Users/xiongaox/Downloads/0命理学/【李双林】易学音频/0606srt/葬书/10.【乘气论】平阳之地如何看气.srt
2025-06-06 13:40:08,326 - INFO - 已处理: /Users/xiongaox/Downloads/0命理学/【李双林】易学音频/0606srt/葬书/04.【风水论】第四讲.srt
2025-06-06 13:40:08,328 - INFO - 已处理: /Users/xiongaox/Downloads/0命理学/【李双林】易学音频/0606srt/葬书/16.【止聚论】真龙是藏在哪儿的.srt
2025-06-06 13:40:08,330 - INFO - 已处理: /Users/xiongaox/Downloads/0命理学/【李双林】易学音频/0606srt/葬书/09.【方法论】何为阴阳交合.srt
2025-06-06 13:40:08,332 - INFO - 已处理: /Users/xiongaox/Downloads/0命理学/【李双林】易学音频/0606srt/葬书/00.什么是《葬书》_如何去学习.srt
2025-06-06 13:40:08,334 - INFO - 已处理: /Users/xiongaox/Downloads/0命理学/【李双林】易学音频/0606srt/葬书/11.【乘气论】点穴秘诀.srt
2025-06-06 13:40:08,336 - INFO - 已处理: /Users/xiongaox/Downloads/0命理学/【李双林】易学音频/0606srt/葬书/23.【山形论】如何从山形看吉凶.srt
2025-06-06 13:40:08,339 - INFO - 已处理: /Users/xiongaox/Downloads/0命理学/【李双林】易学音频/0606srt/葬书/26.什么是风水三吉六凶.srt
2025-06-06 13:40:08,340 - INFO - 已处理: /Users/xiongaox/Downloads/0命理学/【李双林】易学音频/0606srt/葬书/17.【吉葬论】见水则龙止.srt
2025-06-06 13:40:08,343 - INFO - 已处理: /Users/xiongaox/Downloads/0命理学/【李双林】易学音频/0606srt/葬书/13.【万乘论】好风水是什么样的.srt
2025-06-06 13:40:08,345 - INFO - 已处理: /Users/xiongaox/Downloads/0命理学/【李双林】易学音频/0606srt/葬书/22.【山势论】如何看山势吉凶.srt
2025-06-06 13:40:08,347 - INFO - 已处理: /Users/xiongaox/Downloads/0命理学/【李双林】易学音频/0606srt/葬书/25.【四势论】方位学.srt
2025-06-06 13:40:08,350 - INFO - 已处理: /Users/xiongaox/Downloads/0命理学/【李双林】易学音频/0606srt/葬书/15.【支垅论】风水应该如何去看.srt
2025-06-06 13:40:08,351 - INFO - 已处理: /Users/xiongaox/Downloads/0命理学/【李双林】易学音频/0606srt/葬书/02.【气感论】第二讲.srt
2025-06-06 13:40:08,353 - INFO - 已处理: /Users/xiongaox/Downloads/0命理学/【李双林】易学音频/0606srt/葬书/01.【生气论】第一讲.srt
2025-06-06 13:40:08,355 - INFO - 已处理: /Users/xiongaox/Downloads/0命理学/【李双林】易学音频/0606srt/葬书/14.【支垅论】好风水必须要与众不同.srt
2025-06-06 13:40:08,357 - INFO - 已处理: /Users/xiongaox/Downloads/0命理学/【李双林】易学音频/0606srt/葬书/07.【方法论】气如何体现.srt
2025-06-06 13:40:08,359 - INFO - 已处理: /Users/xiongaox/Downloads/0命理学/【李双林】易学音频/0606srt/葬书/03.【生气论】第三讲.srt
2025-06-06 13:40:08,361 - INFO - 已处理: /Users/xiongaox/Downloads/0命理学/【李双林】易学音频/0606srt/葬书/21.【朱雀论】什么样的水才是吉祥的.srt
2025-06-06 13:40:08,363 - INFO - 已处理: /Users/xiongaox/Downloads/0命理学/【李双林】易学音频/0606srt/葬书/05.【生气论】第五讲.srt
2025-06-06 13:40:08,365 - INFO - 已处理: /Users/xiongaox/Downloads/0命理学/【李双林】易学音频/0606srt/葬书/20.【朱雀论】如何看水之吉凶.srt
2025-06-06 13:40:08,367 - INFO - 已处理: /Users/xiongaox/Downloads/0命理学/【李双林】易学音频/0606srt/葬书/18.【败椁论】从土色看吉凶的方法.srt
2025-06-06 13:40:08,370 - INFO - 已处理: /Users/xiongaox/Downloads/0命理学/【李双林】易学音频/0606srt/葬书/08.【方法论】如何寻龙.srt
2025-06-06 13:40:08,370 - INFO - 文件类型统计:
2025-06-06 13:40:08,370 - INFO -   .srt (SRT字幕文件): 534 个文件
2025-06-06 13:40:08,370 - INFO - 替换词使用统计:
2025-06-06 13:40:08,370 - INFO -   '呀' 被替换了 4287 次
2025-06-06 13:40:08,370 - INFO -   '榔头' 被替换了 532 次
2025-06-06 13:40:08,370 - INFO -   '呃' 被替换了 510 次
2025-06-06 13:40:08,370 - INFO -   '呐' 被替换了 419 次
2025-06-06 13:40:08,370 - INFO -   '关心' 被替换了 309 次
2025-06-06 13:40:08,370 - INFO -   '元神' 被替换了 101 次
2025-06-06 13:40:08,370 - INFO -   '随法' 被替换了 86 次
2025-06-06 13:40:08,370 - INFO -   '理器' 被替换了 63 次
2025-06-06 13:40:08,370 - INFO -   '氦水' 被替换了 62 次
2025-06-06 13:40:08,370 - INFO -   '官煞' 被替换了 46 次
2025-06-06 13:40:08,370 - INFO -   '失火' 被替换了 45 次
2025-06-06 13:40:08,370 - INFO -   '官痧' 被替换了 18 次
2025-06-06 13:40:08,370 - INFO - 共删除 469 行空内容行
2025-06-06 13:40:08,370 - INFO - 处理完成! 总计: 534 文件, 修改: 530 文件, 处理出错: 0 文件
